IQ-TREE multicore version 2.3.6 for MacOS Intel 64-bit built Aug  4 2024
Developed by Bui Quang Minh, Nguyen Lam Tung, Olga Chernomor, Heiko Schmidt,
Dominik Schrempf, Michael Woodhams, Ly Trong Nhan, Thomas Wong

Host:    eemb-micro-room.eemb.ucsb.edu (AVX2, FMA3, 64 GB RAM)
Command: iqtree -asr -s CombinedAncestors/20_indels/combined.ALN.fa.binary -te CombinedAncestors/00_tree/combined.ALN.fa.treefile -st BIN -T 4 -blfix -keep_empty_seq -m JC2
Seed:    271673 (Using SPRNG - Scalable Parallel Random Number Generator)
Time:    Thu Aug 14 04:47:30 2025
Kernel:  AVX+FMA - 4 threads (4 CPU cores detected)

Reading alignment file CombinedAncestors/20_indels/combined.ALN.fa.binary ... Fasta format detected
Reading fasta file: done in 0.04179 secs using 88.75% CPU
Alignment most likely contains binary sequences
Alignment has 829 sequences with 2647 columns, 780 distinct patterns
1580 parsimony-informative, 1067 singleton sites, 0 constant sites
                                                         Gap/Ambiguity  Composition  p-value
Analyzing sequences: done in 0.00119495 secs using 281.7% CPU
   1  CYANO150__Gloeobacter__UniRef90_Q7NP59                     0.00%    failed      0.53%
   2  CYANO150__Cyanobacteria__UniRef90_A0A969T0G4               0.00%    failed      0.43%
   3  CYANO150__Cyanophyceae__UniRef90_A0A2W7ARY7                0.00%    failed      0.65%
   4  CYANO150__unclassified__UniRef90_A0A969FEC7                0.00%    failed      0.65%
   5  CYANO150__Leptolyngbya__UniRef90_A0A925M2S9                0.00%    failed      0.65%
   6  CYANO150__Phormidesmis__UniRef90_UPI000A475A3D             0.00%    failed      0.53%
   7  CYANO150__Chamaesiphon__UniRef90_UPI0035946169             0.00%    failed      0.00%
   8  CYANO150__Chamaesiphon__UniRef90_UPI003592F9D2             0.00%    failed      0.15%
   9  CYANO150__Chamaesiphon__UniRef90_UPI0035935AE6             0.00%    passed     66.33%
  10  CYANO150__Leptolyngbya__UniRef90_U9W0I1                    0.00%    passed      8.25%
  11  CYANO150__Cyanophyceae__UniRef90_A0A8J7JTD9                0.00%    passed     37.84%
  12  CYANO150__Halomicronema__UniRef90_UPI0021030F7B            0.00%    passed      9.48%
  13  CYANO150__Cyanophyceae__UniRef90_A0A4Q7E4T5                0.00%    passed      9.48%
  14  CYANO150__Leptolyngbyaceae__UniRef90_K8GTY7                0.00%    passed     67.44%
  15  CYANO150__Halothece__UniRef90_K9YEI2                       0.00%    passed      9.48%
  16  CYANO150__Leptolyngbya__UniRef90_A0A6H2NHV9                0.00%    passed     17.98%
  17  CYANO150__Symploca__UniRef90_A0A845YHD9                    0.00%    passed     53.69%
  18  CYANO150__Deinococcus__UniRef90_A0A172TD44                 0.00%    passed      5.32%
  19  CYANO150__Deinococcus__UniRef90_A0A918CFF3                 0.00%    failed      1.39%
  20  CYANO150__Deinococcus__UniRef90_A0A917PC33                 0.00%    failed      0.96%
  21  CYANO150__Deinococcus__UniRef90_UPI0025F8D0E5              0.00%    passed     82.38%
  22  CYANO150__Allomeiothermus__UniRef90_UPI0023F38943          0.00%    passed     87.53%
  23  CYANO150__Bdellovibrio__UniRef90_A0A924B300                0.00%    passed     86.33%
  24  CYANO150__Trueperaceae__UniRef90_A0A5Q4G3V2                0.00%    passed     58.11%
  25  CYANO150__Myxococcales__UniRef90_A0A2E7ZR97                0.00%    passed     72.31%
  26  CYANO150__Thermaceae__UniRef90_A0A931EK09                  0.00%    passed     67.44%
  27  CYANO150__Oligoflexia__UniRef90_A0A923U6H7                 0.00%    passed     96.77%
  28  CYANO150__Deinococcus__UniRef90_UPI002869BBA0              0.00%    failed      0.43%
  29  CYANO150__Bacteroidota__UniRef90_A0A3M2FMH9                0.00%    passed     77.30%
  30  CYANO150__Rhodothermales__UniRef90_A0A9D8YSH6              0.00%    passed     72.31%
  31  CYANO150__Pseudobdellovibrionaceae__UniRef90_A0A924ZXQ0    0.00%    passed     86.33%
  32  CYANO150__Deinococcus__UniRef90_A0A2K3UTP4                 0.00%    passed      5.32%
  33  CYANO150__Deinococcus__UniRef90_UPI0031F05F27              0.00%    failed      0.43%
  34  CYANO150__Bdellovibrio__UniRef90_A0A923V7B8                0.00%    passed     86.33%
  35  CYANO150__filamentous__UniRef90_A0A2P8WHZ5                 0.00%    failed      1.91%
  36  CYANO150__Gracilibacteria__UniRef90_A0A968T6V2             0.00%    passed      6.18%
  37  CYANO150__Deinococcus__UniRef90_UPI001C63F925              0.00%    passed     15.49%
  38  CYANO150__Deltaproteobacteria__UniRef90_A0A2D4SQ06         0.00%    passed     67.44%
  39  CYANO150__Deinococcus__UniRef90_A0A1U7NV99                 0.00%    failed      0.12%
  40  CYANO150__unclassified__UniRef90_A5UXH7                    0.00%    passed     82.38%
  41  CYANO150__Oligoflexia__UniRef90_A0A924SSG2                 0.00%    passed     97.98%
  42  CYANO150__unclassified__UniRef90_UPI001E3E6221             0.00%    failed      0.43%
  43  CYANO150__Deltaproteobacteria__UniRef90_A0A2E7UR14         0.00%    passed     67.44%
  44  CYANO150__Roseiflexaceae__UniRef90_A0A926CB40              0.00%    passed     82.38%
  45  CYANO150__Candidatus__UniRef90_A0A923XRS8                  0.00%    passed     92.74%
  46  CYANO150__Chloroflexota__UniRef90_A0A6L9IXQ0               0.00%    passed     58.11%
  47  CYANO150__Chloroflexota__UniRef90_A0A8T7L1S3               0.00%    passed     34.39%
  48  CYANO150__Meiothermus__UniRef90_UPI0005667CA7              0.00%    passed     37.84%
  49  CYANO150__Meiothermus__UniRef90_A0A370JXE9                 0.00%    passed     34.39%
  50  CYANO150__Salisaeta__UniRef90_UPI0003B640DC                0.00%    passed     49.44%
  51  CYANO150__Meiothermus__UniRef90_UPI000408B316              0.00%    passed     37.84%
  52  CYANO150__Williamsia__UniRef90_UPI001BDAAC7A               0.00%    passed     28.10%
  53  CYANO150__Deinococcales__UniRef90_A0A924RR09               0.00%    failed      3.31%
  54  CYANO150__Frankiaceae__UniRef90_A0A924NNI9                 0.00%    passed     34.39%
  55  CYANO150__Ilumatobacteraceae__UniRef90_A0A973H857          0.00%    passed     31.14%
  56  CYANO150__Meiothermus__UniRef90_UPI00307DDE32              0.00%    passed     37.84%
  57  CYANO150__Frankiaceae__UniRef90_A0A924NQ99                 0.00%    passed     20.21%
  58  CYANO150__Armatimonadota__UniRef90_A0A926BAJ6              0.00%    passed     49.44%
  59  CYANO150__Actinomycetes__UniRef90_A0A3C1P5D0               0.00%    passed     15.94%
  60  CYANO150__Actinotalea__UniRef90_A0A021VV84                 0.00%    passed     14.08%
  61  CYANO150__Halalkalibaculum__UniRef90_A0A6M1SYC8            0.00%    passed     77.30%
  62  CYANO150__Calditrichota__UniRef90_A0A958E829               0.00%    passed     20.21%
  63  CYANO150__Bacteria__UniRef90_A0A977XLG0                    0.00%    passed     97.98%
  64  CYANO150__Armatimonadota__UniRef90_A0A926BQ30              0.00%    passed     12.39%
  65  CYANO150__Nocardioides__UniRef90_UPI0031D37B4F             0.00%    passed     17.98%
  66  CYANO150__Williamsia__UniRef90_UPI0020A3348B               0.00%    passed     31.14%
  67  CYANO150__uncultured__UniRef90_UPI0035CB696C               0.00%    passed      7.15%
  68  CYANO150__Deltaproteobacteria__UniRef90_A0A938QS95         0.00%    passed     92.74%
  69  CYANO150__Actinomycetes__UniRef90_A0A7K0P1B6               0.00%    passed     25.26%
  70  CYANO150__Longibacter__UniRef90_A0A2A8D2B5                 0.00%    passed     25.26%
  71  CYANO150__Microbacteriaceae__UniRef90_A0A924CUM7           0.00%    failed      2.80%
  72  CYANO150__bacterium__UniRef90_A0A969PXR2                   0.00%    passed     77.30%
  73  CYANO150__Mycolicibacterium__UniRef90_UPI001A280E7A        0.00%    passed      7.15%
  74  CYANO150__Anaerolineae__UniRef90_A0A925E260                0.00%    passed     49.44%
  75  CYANO150__Sphingomonas__UniRef90_UPI00216411C4             0.00%    passed     91.53%
  76  CYANO150__Aeromicrobium__UniRef90_A0A924GH09               0.00%    passed     41.51%
  77  CYANO150__Sphingomonadales__UniRef90_A0A502FTC3            0.00%    passed     96.77%
  78  CYANO150__Chloroflexota__UniRef90_A0A3L7VYY9               0.00%    passed     97.98%
  79  CYANO150__unclassified__UniRef90_A0A7G8VYU8                0.00%    passed     71.17%
  80  CYANO150__Nocardioides__UniRef90_A0A0Q9PU23                0.00%    passed     25.26%
  81  CYANO150__Sphingomonadales__UniRef90_A0A426RPW8            0.00%    passed     86.33%
  82  CYANO150__Marisediminicola__UniRef90_A0A7L5AK79            0.00%    passed     22.64%
  83  CYANO150__Williamsia__UniRef90_UPI0016668F42               0.00%    passed     14.08%
  84  CYANO150__Ramlibacter__UniRef90_A0A923XFD9                 0.00%    passed     71.17%
  85  CYANO150__Nocardioides__UniRef90_A0A0S9QCK3                0.00%    passed      8.25%
  86  CYANO150__Armatimonadota__UniRef90_A0A924Y846              0.00%    passed     28.10%
  87  CYANO150__Rhodococcus__UniRef90_UPI00223C9C6A              0.00%    passed     20.21%
  88  CYANO150__Goekera__UniRef90_A0A7K3WHF5                     0.00%    failed      0.04%
  89  CYANO150__Armatimonadota__UniRef90_A0A926AH54              0.00%    passed     41.51%
  90  CYANO150__Cryobacterium__UniRef90_A0A5R1NKQ6               0.00%    passed     12.39%
  91  CYANO150__Cryobacterium__UniRef90_A0A4V3IV66               0.00%    failed      1.67%
  92  CYANO150__Ilumatobacter__UniRef90_UPI0026349BF9            0.00%    passed     20.21%
  93  CYANO150__Actinomycetota__UniRef90_A0A4P5SJD2              0.00%    passed     20.21%
  94  CYANO150__Bacteroidota__UniRef90_A0A2T4XL02                0.00%    passed     97.98%
  95  CYANO150__Rhodoferax__UniRef90_A0A924PWN9                  0.00%    passed     57.07%
  96  CYANO150__Novosphingobium__UniRef90_UPI00260007B9          0.00%    passed     77.30%
  97  CYANO150__Nocardioides__UniRef90_UPI001CC7EDCB             0.00%    passed     28.10%
  98  CYANO150__Sphingomonas__UniRef90_UPI0015771C83             0.00%    passed     81.19%
  99  CYANO150__Sphingorhabdus__UniRef90_A0A6I4M6C6              0.00%    passed     86.33%
 100  CYANO150__Nocardioides__UniRef90_UPI00286D3F2D             0.00%    passed     34.39%
 101  CYANO150__Mycolicibacterium__UniRef90_UPI001A19B12E        0.00%    passed     28.10%
 102  CYANO150__Bacteroidota/Chlorobiota__UniRef90_A0A2T2UNC8    0.00%    passed     12.39%
 103  CYANO150__Polymorphobacter__UniRef90_UPI001C1E708F         0.00%    passed     82.38%
 104  CYANO150__Pseudonocardia__UniRef90_A0A1Q4DHI1              0.00%    passed      8.25%
 105  CYANO150__Novosphingobium__UniRef90_UPI00286A501F          0.00%    passed     86.33%
 106  CYANO150__Chloroflexota__UniRef90_A0A8T6P5N0               0.00%    passed     41.51%
 107  CYANO150__Ilumatobacter__UniRef90_A0A945NTW3               0.00%    passed     58.11%
 108  CYANO150__Chloroflexota__UniRef90_A0A8T6NY40               0.00%    passed     53.69%
 109  CYANO150__Actinomycetota__UniRef90_A0A972XLD2              0.00%    passed     15.94%
 110  CYANO150__Chloroflexota__UniRef90_A0A8T7K4U3               0.00%    passed     77.30%
 111  CYANO150__Novosphingopyxis__UniRef90_UPI0003B5F996         0.00%    passed      8.25%
 112  CYANO150__Ilumatobacter__UniRef90_A0A945IRF6               0.00%    passed     28.10%
 113  CYANO150__Aquipuribacter__UniRef90_UPI0030EFA4BC           0.00%    failed      0.65%
 114  CYANO150__Actinomycetota__UniRef90_A0A6I2XY17              0.00%    passed     15.94%
 115  CYANO150__Rhodoferax__UniRef90_A0A924NT25                  0.00%    passed     57.07%
 116  CYANO150__Sandarakinorhabdus__UniRef90_UPI00286D8C23       0.00%    passed     87.53%
 117  CYANO150__Euzebya__UniRef90_UPI00196AFC51                  0.00%    passed     37.84%
 118  CYANO150__Wenzhouxiangella__UniRef90_A0A5Q4GMP1            0.00%    passed     76.13%
 119  CYANO150__Clavibacter__UniRef90_UPI0026DDB336              0.00%    passed     20.21%
 120  CYANO150__Actinomycetes__UniRef90_A0A7K0KLA6               0.00%    failed      0.00%
 121  CYANO150__uncultured__UniRef90_UPI0035CA0ED2               0.00%    passed     96.77%
 122  CYANO150__Rhodohalobacter__UniRef90_UPI001EDA905F          0.00%    passed     82.38%
 123  CYANO150__Sphingomonadaceae__UniRef90_UPI001669FD14        0.00%    passed     77.30%
 124  CYANO150__Chloroflexota__UniRef90_A0A4P5V1B0               0.00%    passed     48.48%
 125  CYANO150__Nocardioides__UniRef90_A0A7Y9ULE6                0.00%    passed     12.39%
 126  CYANO150__Nocardioides__UniRef90_UPI00286D77D7             0.00%    passed     25.26%
 127  CYANO150__Salinibacter__UniRef90_Q2S2F8                    0.00%    passed     25.26%
 128  CYANO150__Pyrinomonas__UniRef90_UPI00333052B4              0.00%    passed     96.77%
 129  CYANO150__Mycolicibacterium__UniRef90_UPI0010C0A09F        0.00%    failed      0.96%
 130  CYANO150__Mycolicibacterium__UniRef90_A0AA37RQW6           0.00%    passed      5.32%
 131  CYANO150__Sphingomonadaceae__UniRef90_A0A502C9V7           0.00%    passed     92.74%
 132  CYANO150__unclassified__UniRef90_UPI001CEFCFBB             0.00%    passed     61.63%
 133  CYANO150__Actinomycetes__UniRef90_A0A6I2XYV7               0.00%    passed     28.10%
 134  CYANO150__Balneolaceae__UniRef90_A0A2D8CE81                0.00%    passed     58.11%
 135  CYANO150__Polymorphobacter__UniRef90_A0A917A1R5            0.00%    passed     96.77%
 136  CYANO150__Sphingomonas__UniRef90_A0A7W9BTJ3                0.00%    passed     92.74%
 137  CYANO150__Actinomycetota__UniRef90_A0A965K6Y6              0.00%    passed     92.74%
 138  CYANO150__Sphingomonas__UniRef90_UPI002ED986C3             0.00%    passed     96.77%
 139  CYANO150__Sphingomonadaceae__UniRef90_A0A924C2L6           0.00%    passed     82.38%
 140  CYANO150__Sphingomonas__UniRef90_UPI00166A20D4             0.00%    passed     97.98%
 141  CYANO150__Mycolicibacterium__UniRef90_UPI001F1CAB3C        0.00%    failed      1.39%
 142  CYANO150__Mycobacterium__UniRef90_A0A0T1WJZ0               0.00%    passed      5.32%
 143  CYANO150__Novosphingobium__UniRef90_UPI0025FC40A3          0.00%    passed     86.33%
 144  CYANO150__Sphingomonas__UniRef90_UPI00286D4F82             0.00%    passed     92.74%
 145  CYANO150__Actinomycetota__UniRef90_A0A938J199              0.00%    passed     41.51%
 146  CYANO150__Cryobacterium__UniRef90_A0A7W8ZXB5               0.00%    passed      9.48%
 147  CyR_Phormidesmis                                           0.00%    passed     61.63%
 148  CyR_Tolypothrix                                            0.00%    passed     81.19%
 149  CyR_Calothrix                                              0.00%    passed     57.07%
 150  CyHR_Mastigocladopsis                                      0.00%    passed     12.02%
 151  CyHR_Synechocystis                                         0.00%    passed     15.49%
 152  BR_Halobacterium                                           0.00%    passed     67.44%
 153  XeR_Nostoc                                                 0.00%    passed     72.31%
 154  PR_proteobacterium                                         0.00%    passed     66.33%
 155  XLR_Gloeobacter                                            0.00%    failed      0.53%
 156  Br__Chromera__UR50_A0A0G4G5F3                              0.00%    failed      0.00%
 157  Br__Vitrella__UR50_A0A0G4FEK1                              0.00%    failed      0.00%
 158  Br__cellular__UR50_S0ELR6                                  0.00%    failed      0.07%
 159  Br__Tremellales__UR50_A0A5M6C708                           0.00%    failed      0.00%
 160  Br__leotiomyceta__UR50_M2MME4                              0.00%    failed      0.04%
 161  Br__Daldinia__UR50_UPI00200731EA                           0.00%    failed      0.02%
 162  Br__Archaea__UR50_P69051                                   0.00%    passed     77.30%
 163  Br__Haloplanus__UR50_A0A368NBE5                            0.00%    failed      0.53%
 164  Br__Bacteria__UR50_A0A0D8ZW42                              0.00%    passed     19.68%
 165  Br__Halobacteria__UR50_Q53496                              0.00%    passed     96.77%
 166  Br__Archaea__UR50_P94854                                   0.00%    passed     71.17%
 167  Br__Archaea__UR50_P02945                                   0.00%    passed     67.44%
 168  Br__Halobacteriales__UR50_A0A2R6DJW3                       0.00%    passed     67.44%
 169  Br__Cyanobacteriota__UR50_A0A252D874                       0.00%    passed     57.07%
 170  Br__Cryptomonadales__UR50_A0A7S1DWA7                       0.00%    passed     87.53%
 171  Br__Halohasta__UR50_UPI0020A34ABF                          0.00%    passed     92.74%
 172  Br__unclassified__UR50_A0A2R6GG49                          0.00%    passed     86.33%
 173  Br__Haloarculaceae__UR50_A0A3P3RCT8                        0.00%    passed     86.33%
 174  Br__Halobacteriales__UR50_A0A2R6JL35                       0.00%    passed     81.19%
 175  Br__Tetraselmis__UR50_A0A061RSZ0                           0.00%    passed     81.19%
 176  Br__Haloplanus__UR50_A0A6B9F3Z3                            0.00%    passed     66.33%
 177  Br__Truepera__UR50_A0A6J4UQD4                              0.00%    passed     48.48%
 178  Br__Halorutilus__UR50_A0A9Q4C304                           0.00%    passed     66.33%
 179  Br__Hemiselmis__UR50_A0A6T8IZ18                            0.00%    passed     61.63%
 180  Br__Rubricoccaceae__UR50_A0A271IU12                        0.00%    passed     48.48%
 181  Br__Haloquadratum__UR50_Q18DH5                             0.00%    passed     52.69%
 182  Br__Halobacteria__UR50_U1R2U7                              0.00%    passed     52.69%
 183  Br__Deinococcus__UR50_UPI00220D8E58                        0.00%    passed     48.48%
 184  Br__cellular__UR50_A0A7R9U5N0                              0.00%    passed     44.46%
 185  Br__Cyanobacteriota__UR50_A0A9X9ZA75                       0.00%    passed     15.49%
 186  Br__Rubrobacteraceae__UR50_Q1AUE6                          0.00%    passed     27.42%
 187  Br__Tetraselmis__UR50_A0A061S8L7                           0.00%    passed     30.41%
 188  Br__Actinomycetota__UR50_A0A938EPH0                        0.00%    passed     22.06%
 189  Br__Dictyobacter__UR50_A0A402ATH3                          0.00%    passed     22.06%
 190  Br__Gammaproteobacteria__UR50_A0A2R8CJ36                   0.00%    passed      5.97%
 191  Br__Halovenus__UR50_A0A6B0T5F9                             0.00%    passed     13.67%
 192  Br__Halorutilus__UR50_A0A9Q4C3E6                           0.00%    passed     12.02%
 193  Br__Pseudanabaenaceae__UR50_A0A928YZN9                     0.00%    failed      0.01%
 194  Br__Halobacterium__UR50_UPI0000110B77                      0.00%    failed      0.01%
 195  Br__Hemiselmis__UR50_A0A7S0TWK7                            0.00%    failed      0.00%
 196  Br__halophilic__UR50_U1R431                                0.00%    failed      0.00%
 197  Br__cellular__UR50_U5TVL7                                  0.00%    failed      0.00%
 198  Br__cellular__UR50_U5TY47                                  0.00%    failed      0.00%
 199  Br__Uncultured__UR50_I1X8Q4                                0.00%    failed      0.00%
 200  Br__Uncultured__UR50_I1X8N9                                0.00%    failed      0.00%
 201  Br__Halobacteria__UR50_W0FWY1                              0.00%    failed      0.00%
 202  Br__uncultured__UR50_D9MWK9                                0.00%    failed      0.00%
 203  Br__uncultured__UR50_A0A0S1WDR5                            0.00%    failed      0.00%
 204  Br__uncultured__UR50_A0A0S1WEI0                            0.00%    failed      0.00%
 205  Br__Halorubrum__UR50_A0A4U7EYP1                            0.00%    failed      0.00%
 206  Cyhr__Monilinia__UR50_A0A5N6KJ15                           0.00%    failed      0.00%
 207  Cyhr__Phialophora__UR50_A0A0D2FVJ8                         0.00%    failed      0.00%
 208  Cyhr__Alphaproteobacteria__UR50_A0A7V7TUE7                 0.00%    failed      0.00%
 209  Cyhr__Sphingomonas__UR50_A0A2A2SBC3                        0.00%    failed      0.00%
 210  Cyhr__Erysiphaceae__UR50_A0A0B1P8N0                        0.00%    passed     22.64%
 211  Cyhr__Bacteria__UR50_A0A1G1STR4                            0.00%    passed     15.49%
 212  Cyhr__Archaea__UR50_P69051                                 0.00%    passed     77.30%
 213  Cyhr__Haloplanus__UR50_A0A368NBE5                          0.00%    failed      0.53%
 214  Cyhr__Bacteria__UR50_A0A0D8ZW42                            0.00%    passed     19.68%
 215  Cyhr__Exobasidiomycetes__UR50_A0A316VHF9                   0.00%    failed      2.80%
 216  Cyhr__viral__UR50_A0A6C0APG5                               0.00%    passed     10.86%
 217  Cyhr__Halobacteria__UR50_Q53496                            0.00%    passed     96.77%
 218  Cyhr__Ktedonobacterales__UR50_D6U1J0                       0.00%    passed     37.03%
 219  Cyhr__Terrabacteria__UR50_A0A0P7YZ09                       0.00%    passed     44.46%
 220  Cyhr__Archaea__UR50_P94854                                 0.00%    passed     71.17%
 221  Cyhr__Taphrinales__UR50_R4XKS9                             0.00%    passed     34.39%
 222  Cyhr__Cryptophyceae__UR50_L1JTW1                           0.00%    passed     67.44%
 223  Cyhr__Archaea__UR50_P02945                                 0.00%    passed     67.44%
 224  Cyhr__Alphaproteobacteria__UR50_A0A5B2VFD4                 0.00%    passed     62.70%
 225  Cyhr__Halobacteria__UR50_A0A125T1B2                        0.00%    passed     97.98%
 226  Cyhr__Halobacteriales__UR50_A0A2R6DJW3                     0.00%    passed     67.44%
 227  Cyhr__root__UR50_A0A938EDB5                                0.00%    passed     24.64%
 228  Cyhr__Sphingomonas__UR50_UPI0015775044                     0.00%    passed     77.30%
 229  Cyhr__Cyanobacteriota__UR50_A0A2W4UKV5                     0.00%    passed     82.38%
 230  Cyhr__Cyanobacteriota__UR50_A0A252D874                     0.00%    passed     57.07%
 231  Cyhr__Cryptomonadales__UR50_A0A7S1DWA7                     0.00%    passed     87.53%
 232  Cyhr__Nodosilinea__UR50_UPI00293DA23B                      0.00%    passed     97.98%
 233  Cyhr__Bacteroidota__UR50_A0A1P9WTB2                        0.00%    passed     96.77%
 234  Cyhr__unclassified__UR50_A0A2R6GG49                        0.00%    passed     86.33%
 235  Cyhr__Bacteria__UR50_A0A966QHT7                            0.00%    passed     81.19%
 236  Cyhr__Truepera__UR50_A0A6J4UQD4                            0.00%    passed     48.48%
 237  Cyhr__Halorutilus__UR50_A0A9Q4C304                         0.00%    passed     66.33%
 238  Cyhr__Halobacteria__UR50_P42196                            0.00%    passed     27.42%
 239  Cyhr__Haloplanus__UR50_A0A6B9FAL0                          0.00%    passed     52.69%
 240  Cyhr__Halobellus__UR50_A0A498G7H5                          0.00%    passed     57.07%
 241  Cyhr__Gloeobacterales__UR50_A0A925XUD8                     0.00%    passed     57.07%
 242  Cyhr__Rubricoccaceae__UR50_A0A271IU12                      0.00%    passed     48.48%
 243  Cyhr__Haloquadratum__UR50_Q18DH5                           0.00%    passed     52.69%
 244  Cyhr__Halobacteria__UR50_U1R2U7                            0.00%    passed     52.69%
 245  Cyhr__Halohasta__UR50_A0A1H6WB68                           0.00%    passed     52.69%
 246  Cyhr__Haloferacales__UR50_U1P7Y5                           0.00%    passed     44.46%
 247  Cyhr__Deinococcus__UR50_UPI00220D8E58                      0.00%    passed     48.48%
 248  Cyhr__Halobacteria__UR50_A0A6G3ZG40                        0.00%    passed     40.64%
 249  Cyhr__Cyanobacteriota__UR50_A0A9X9ZA75                     0.00%    passed     15.49%
 250  Cyhr__Rubrobacteraceae__UR50_Q1AUE6                        0.00%    passed     27.42%
 251  Cyhr__Bacteria__UR50_A0A072NB13                            0.00%    passed     33.62%
 252  Cyhr__Tetraselmis__UR50_A0A061S8L7                         0.00%    passed     30.41%
 253  Cyhr__Actinomycetota__UR50_A0A938EPH0                      0.00%    passed     22.06%
 254  Cyhr__Lichenibacterium__UR50_A0A4Q2RG75                    0.00%    passed     22.06%
 255  Cyhr__Dictyobacter__UR50_A0A402ATH3                        0.00%    passed     22.06%
 256  Cyhr__Gammaproteobacteria__UR50_A0A2R8CJ36                 0.00%    passed      5.97%
 257  Cyhr__Alphaproteobacteria__UR50_A0A0P0YG33                 0.00%    passed     19.68%
 258  Cyhr__Halovenus__UR50_A0A6B0T5F9                           0.00%    passed     13.67%
 259  Cyhr__unclassified__UR50_A0A2H2Y0M0                        0.00%    passed     13.67%
 260  Cyhr__Halorutilus__UR50_A0A9Q4C3E6                         0.00%    passed     12.02%
 261  Cyhr__Pseudanabaenaceae__UR50_A0A928YZN9                   0.00%    failed      0.01%
 262  Cyhr__Halobacterium__UR50_UPI0000110B77                    0.00%    failed      0.01%
 263  Cyhr__halophilic__UR50_U1R431                              0.00%    failed      0.00%
 264  Cyhr__Oculatella__UR50_A0A8J6T594                          0.00%    failed      0.00%
 265  Cyhr__Bacteria__UR50_A0A7Y3TUC4                            0.00%    failed      0.00%
 266  Cyhr__Actinomycetota__UR50_A0A9D8D7T8                      0.00%    failed      0.00%
 267  Cyhr__Nostocales__UR50_UPI00192D4A90                       0.00%    failed      0.00%
 268  Cyhr__Bacteria__UR50_A0A7Y3TU60                            0.00%    failed      0.00%
 269  Cyhr__Cyanophyceae__UR50_A0A139X2U3                        0.00%    failed      0.00%
 270  Cyr__Stachybotrys__UR50_A0A084B629                         0.00%    failed      0.00%
 271  Cyr__Xylaria__UR50_A0A553HJD1                              0.00%    failed      0.00%
 272  Cyr__Aureobasidium__UR50_A0A4T0DVF0                        0.00%    failed      0.00%
 273  Cyr__Monilinia__UR50_A0A5N6KJ15                            0.00%    failed      0.00%
 274  Cyr__Phialophora__UR50_A0A0D2FVJ8                          0.00%    failed      0.00%
 275  Cyr__leotiomyceta__UR50_A0A6A6BBW8                         0.00%    failed      0.00%
 276  Cyr__Vitrella__UR50_A0A0G4FEK1                             0.00%    failed      0.00%
 277  Cyr__Trebouxiophyceae__UR50_I0YUS5                         0.00%    failed      0.15%
 278  Cyr__Alphaproteobacteria__UR50_A0A7V7TUE7                  0.00%    failed      0.00%
 279  Cyr__Sphingomonas__UR50_A0A2A2SBC3                         0.00%    failed      0.00%
 280  Cyr__Mixia__UR50_G7DX39                                    0.00%    failed      0.00%
 281  Cyr__Erysiphaceae__UR50_A0A0B1P8N0                         0.00%    passed     22.64%
 282  Cyr__Dothideomycetes__UR50_N1Q8M8                          0.00%    failed      0.43%
 283  Cyr__Pleosporomycetidae__UR50_A0A1Y1YWQ8                   0.00%    failed      0.28%
 284  Cyr__Cryptophyceae__UR50_A0A6T8GGP0                        0.00%    failed      2.37%
 285  Cyr__Archaea__UR50_P69051                                  0.00%    passed     77.30%
 286  Cyr__Haloplanus__UR50_A0A368NBE5                           0.00%    failed      0.53%
 287  Cyr__Bacteria__UR50_A0A0D8ZW42                             0.00%    passed     19.68%
 288  Cyr__Pucciniales__UR50_F4S3M3                              0.00%    failed      3.89%
 289  Cyr__Alphaproteobacteria__UR50_A0A502GBB7                  0.00%    passed     41.51%
 290  Cyr__Halobacteria__UR50_Q53496                             0.00%    passed     96.77%
 291  Cyr__Ktedonobacterales__UR50_D6U1J0                        0.00%    passed     37.03%
 292  Cyr__Archaea__UR50_P94854                                  0.00%    passed     71.17%
 293  Cyr__Taphrinales__UR50_R4XKS9                              0.00%    passed     34.39%
 294  Cyr__Klebsormidium__UR50_A0A1Y1HL70                        0.00%    passed     28.10%
 295  Cyr__Cryptophyceae__UR50_L1JTW1                            0.00%    passed     67.44%
 296  Cyr__Archaea__UR50_P02945                                  0.00%    passed     67.44%
 297  Cyr__Rubrobacter__UR50_UPI0009FD7C88                       0.00%    passed     53.69%
 298  Cyr__Alphaproteobacteria__UR50_A0A5B2VFD4                  0.00%    passed     62.70%
 299  Cyr__Halobacteria__UR50_A0A125T1B2                         0.00%    passed     97.98%
 300  Cyr__Halobacteriales__UR50_A0A2R6DJW3                      0.00%    passed     67.44%
 301  Cyr__Cyanobacteriota__UR50_A0A2W4UKV5                      0.00%    passed     82.38%
 302  Cyr__Cyanobacteriota__UR50_A0A252D874                      0.00%    passed     57.07%
 303  Cyr__Cryptomonadales__UR50_A0A7S1DWA7                      0.00%    passed     87.53%
 304  Cyr__Nodosilinea__UR50_UPI00293DA23B                       0.00%    passed     97.98%
 305  Cyr__Cryptophyceae__UR50_L1J8F1                            0.00%    passed     37.03%
 306  Cyr__Bacteria__UR50_A0A966QHT7                             0.00%    passed     81.19%
 307  Cyr__Haloplanus__UR50_A0A6B9F3Z3                           0.00%    passed     66.33%
 308  Cyr__Truepera__UR50_A0A6J4UQD4                             0.00%    passed     48.48%
 309  Cyr__Halorutilus__UR50_A0A9Q4C304                          0.00%    passed     66.33%
 310  Cyr__Halobacteria__UR50_P42196                             0.00%    passed     27.42%
 311  Cyr__Hemiselmis__UR50_A0A6T8IZ18                           0.00%    passed     61.63%
 312  Cyr__Gloeobacterales__UR50_A0A925XUD8                      0.00%    passed     57.07%
 313  Cyr__Terrabacteria__UR50_A0A1L3MLR8                        0.00%    passed      9.19%
 314  Cyr__Rubricoccaceae__UR50_A0A271IU12                       0.00%    passed     48.48%
 315  Cyr__Haloquadratum__UR50_Q18DH5                            0.00%    passed     52.69%
 316  Cyr__Halobacteria__UR50_U1R2U7                             0.00%    passed     52.69%
 317  Cyr__Deinococcus__UR50_UPI00220D8E58                       0.00%    passed     48.48%
 318  Cyr__Candidatus__UR50_A0A924HUX2                           0.00%    passed     44.46%
 319  Cyr__Bacteroidota/Chlorobiota__UR50_A0A259U1H3             0.00%    passed     13.67%
 320  Cyr__Halobacteria__UR50_A0A6G3ZG40                         0.00%    passed     40.64%
 321  Cyr__Candidatus__UR50_A0A924E4Y5                           0.00%    passed     40.64%
 322  Cyr__Cyanobacteriota__UR50_A0A9X9ZA75                      0.00%    passed     15.49%
 323  Cyr__Rubrobacteraceae__UR50_Q1AUE6                         0.00%    passed     27.42%
 324  Cyr__Tetraselmis__UR50_A0A061S8L7                          0.00%    passed     30.41%
 325  Cyr__Candidatus__UR50_A0A924CI60                           0.00%    passed     30.41%
 326  Cyr__Halapricum__UR50_A0A897NL32                           0.00%    passed     22.06%
 327  Cyr__Actinomycetota__UR50_A0A938EPH0                       0.00%    passed     22.06%
 328  Cyr__Lichenibacterium__UR50_A0A4Q2RG75                     0.00%    passed     22.06%
 329  Cyr__Dictyobacter__UR50_A0A402ATH3                         0.00%    passed     22.06%
 330  Cyr__Gammaproteobacteria__UR50_A0A2R8CJ36                  0.00%    passed      5.97%
 331  Cyr__Bacillota__UR50_A0A6I0FE40                            0.00%    passed     12.02%
 332  Cyr__unclassified__UR50_A0A2H2Y0M0                         0.00%    passed     13.67%
 333  Cyr__Halorutilus__UR50_A0A9Q4C3E6                          0.00%    passed     12.02%
 334  Cyr__Pseudanabaenaceae__UR50_A0A928YZN9                    0.00%    failed      0.01%
 335  Cyr__Terrabacteria__UR50_A0A3R9M9T5                        0.00%    failed      0.00%
 336  Cyr__Halobacterium__UR50_UPI0000110B77                     0.00%    failed      0.01%
 337  Cyr__halophilic__UR50_U1R431                               0.00%    failed      0.00%
 338  Cyr__Oculatella__UR50_A0A8J6T594                           0.00%    failed      0.00%
 339  Cyr__Truepera__UR50_D7CXV3                                 0.00%    failed      0.00%
 340  Cyr__cellular__UR50_U5TVL7                                 0.00%    failed      0.00%
 341  Cyr__Actinomycetota__UR50_A0A9D8D7T8                       0.00%    failed      0.00%
 342  Cyr__cellular__UR50_U5TY47                                 0.00%    failed      0.00%
 343  Pr__Amoebophrya__UR50_A0A8J2EIM1                           0.00%    failed      0.00%
 344  Pr__Amoebophrya__UR50_A0A8J2BIV1                           0.00%    failed      0.00%
 345  Pr__Amoebophrya__UR50_A0A8J2AJI1                           0.00%    failed      0.00%
 346  Pr__Amoebophrya__UR50_A0A8J2FIQ1                           0.00%    failed      0.00%
 347  Pr__Amoebophrya__UR50_A0A8J2B494                           0.00%    failed      0.00%
 348  Pr__Amoebophrya__UR50_A0A8J2B126                           0.00%    failed      0.00%
 349  Pr__Amoebophrya__UR50_A0A8J1ZYC7                           0.00%    failed      0.00%
 350  Pr__unclassified__UR50_A0A8J2F610                          0.00%    failed      0.00%
 351  Pr__Amoebophrya__UR50_A0A8J2AET9                           0.00%    failed      0.00%
 352  Pr__unclassified__UR50_A0A8J2AJK3                          0.00%    failed      2.37%
 353  Pr__root__UR50_Q6J4G7                                      0.00%    passed     71.17%
 354  Pr__root__UR50_A0A2D9XFY8                                  0.00%    passed     87.53%
 355  Pr__PVC__UR50_A0A2A2Q7A6                                   0.00%    failed      0.35%
 356  Pr__Amoebophrya__UR50_A0A8J2BL17                           0.00%    failed      1.39%
 357  Pr__root__UR50_A0A1L2YWB0                                  0.00%    passed     71.17%
 358  Pr__root__UR50_A0A2E3ZFL2                                  0.15%    passed     43.82%
 359  Pr__Bacillales__UR50_B1YFV8                                0.00%    passed     81.19%
 360  Pr__Verrucomicrobiota__UR50_A0A355S5S5                     0.00%    passed     44.46%
 361  Pr__root__UR50_A0A0R2UEA1                                  0.00%    passed     61.63%
 362  Pr__root__UR50_A0A916YX99                                  0.00%    passed     71.17%
 363  Pr__Hymenobacter__UR50_A0A4Z0PQC2                          0.00%    passed     49.44%
 364  Pr__root__UR50_C0KTK1                                      0.00%    passed     52.69%
 365  Pr__root__UR50_Q9AFF7                                      0.00%    passed     76.13%
 366  Pr__root__UR50_A0A2E9L3M5                                  0.00%    passed     96.77%
 367  Pr__Gammaproteobacteria__UR50_A0A2D7BW64                   0.00%    passed     86.33%
 368  Pr__root__UR50_A0A1Z9SCU5                                  0.15%    passed     28.52%
 369  Pr__Alphaproteobacteria__UR50_A0A2S6S8D0                   0.00%    passed     52.69%
 370  Pr__root__UR50_A0A093W7X4                                  0.00%    passed      7.99%
 371  Pr__root__UR50_A0A2E5KJU8                                  0.00%    passed     10.53%
 372  Pr__root__UR50_A0A920FU87                                  0.00%    failed      0.00%
 373  Pr__Pseudomonadota__UR50_A0A5J6N178                        0.00%    passed     13.67%
 374  Pr__Dehalococcoidia__UR50_A0A2E4TFN6                       0.68%    failed      0.57%
 375  Pr__Candidatus__UR50_A0A328QTJ8                            0.00%    passed      6.92%
 376  Pr__root__UR50_A0A1Z9VEM7                                  0.00%    failed      3.19%
 377  Pr__root__UR50_A0A2D5G8E2                                  0.42%    failed      0.00%
 378  Pr__root__UR50_A0A2E9IIC4                                  0.00%    failed      0.09%
 379  Pr__Bacteroidota__UR50_A0A3B8TP96                          0.00%    failed      0.09%
 380  Pr__root__UR50_B7S3I0                                      0.00%    failed      0.00%
 381  Pr__root__UR50_A0A1Z9IZG4                                  0.08%    failed      0.03%
 382  Pr__Bacteroidota__UR50_A0A923YXG2                          0.00%    failed      0.01%
 383  Pr__Flavobacteriales__UR50_A0A2E1W4H2                      0.00%    failed      0.01%
 384  Pr__root__UR50_A0A1L2YW38                                  0.00%    failed      0.00%
 385  Pr__root__UR50_A0A1L2YW73                                  0.00%    failed      0.00%
 386  Pr__root__UR50_A8QLQ3                                      0.00%    failed      0.00%
 387  Pr__root__UR50_A0A2E1TKR7                                  0.00%    failed      0.00%
 388  Pr__Bacteria__UR50_A1YC49                                  0.00%    failed      0.00%
 389  Pr__Verrucomicrobiales__UR50_A0A2E2HQ20                    0.00%    failed      0.00%
 390  Pr__root__UR50_A0A2D7UAZ4                                  0.00%    failed      0.00%
 391  Pr__Bacteria__UR50_A0A944STQ0                              0.00%    failed      0.00%
 392  Pr__root__UR50_A0A2D6ZW67                                  0.00%    failed      0.00%
 393  Xer__Alphaproteobacteria__UR50_A0A7V7TUE7                  0.00%    failed      0.00%
 394  Xer__Sphingomonas__UR50_A0A2A2SBC3                         0.00%    failed      0.00%
 395  Xer__Methylobacteriaceae__UR50_A0A0C6F7V1                  0.00%    passed     81.19%
 396  Xer__Pseudomonadota__UR50_A0A0Q4L756                       0.00%    passed     22.06%
 397  Xer__Bacteria__UR50_A0A1G1STR4                             0.00%    passed     15.49%
 398  Xer__Archaea__UR50_P69051                                  0.00%    passed     77.30%
 399  Xer__Bacteria__UR50_A0A0D8ZW42                             0.00%    passed     19.68%
 400  Xer__Actinomycetes__UR50_A0A1H6XB79                        0.00%    passed     15.49%
 401  Xer__Alphaproteobacteria__UR50_A0A502GBB7                  0.00%    passed     41.51%
 402  Xer__Halobacteria__UR50_Q53496                             0.00%    passed     96.77%
 403  Xer__Terrabacteria__UR50_A0A0P7YZ09                        0.00%    passed     44.46%
 404  Xer__Hyphomicrobiales__UR50_A0A4Q2U3N5                     0.00%    passed     17.98%
 405  Xer__Archaea__UR50_P94854                                  0.00%    passed     71.17%
 406  Xer__Rubrobacter__UR50_UPI0009FD7C88                       0.00%    passed     53.69%
 407  Xer__Alphaproteobacteria__UR50_A0A5B2VFD4                  0.00%    passed     62.70%
 408  Xer__Halobacteriales__UR50_A0A2R6DJW3                      0.00%    passed     67.44%
 409  Xer__root__UR50_A0A938EDB5                                 0.00%    passed     24.64%
 410  Xer__Sphingomonas__UR50_UPI0015775044                      0.00%    passed     77.30%
 411  Xer__Cyanobacteriota__UR50_A0A252D874                      0.00%    passed     57.07%
 412  Xer__Bacteroidota__UR50_A0A1P9WTB2                         0.00%    passed     96.77%
 413  Xer__Bacteria__UR50_A0A271IX38                             0.00%    failed      2.70%
 414  Xer__Bacteria__UR50_A0A966QHT7                             0.00%    passed     81.19%
 415  Xer__Truepera__UR50_A0A6J4UQD4                             0.00%    passed     48.48%
 416  Xer__Micromonosporaceae__UR50_A0A1Q4ZQH2                   0.00%    passed     12.02%
 417  Xer__Gloeobacterales__UR50_A0A925XUD8                      0.00%    passed     57.07%
 418  Xer__Terrabacteria__UR50_A0A1L3MLR8                        0.00%    passed      9.19%
 419  Xer__Halobacteria__UR50_U1R2U7                             0.00%    passed     52.69%
 420  Xer__Deinococcus__UR50_UPI00220D8E58                       0.00%    passed     48.48%
 421  Xer__Candidatus__UR50_A0A924HUX2                           0.00%    passed     44.46%
 422  Xer__Bacteroidota/Chlorobiota__UR50_A0A259U1H3             0.00%    passed     13.67%
 423  Xer__Halobacteria__UR50_A0A6G3ZG40                         0.00%    passed     40.64%
 424  Xer__Candidatus__UR50_A0A924E4Y5                           0.00%    passed     40.64%
 425  Xer__Rubrobacteraceae__UR50_Q1AUE6                         0.00%    passed     27.42%
 426  Xer__Bacteria__UR50_A0A072NB13                             0.00%    passed     33.62%
 427  Xer__Gonapodya__UR50_A0A139AI58                            0.00%    passed     30.41%
 428  Xer__Actinomycetota__UR50_A0A938EPH0                       0.00%    passed     22.06%
 429  Xer__Lichenibacterium__UR50_A0A4Q2RG75                     0.00%    passed     22.06%
 430  Xer__Dictyobacter__UR50_A0A402ATH3                         0.00%    passed     22.06%
 431  Xer__Paeniclostridium__UR50_A0A0C7PQA0                     0.00%    passed     17.49%
 432  Xer__Bacillota__UR50_A0A6I0FE40                            0.00%    passed     12.02%
 433  Xer__unclassified__UR50_A0A2H2Y0M0                         0.00%    passed     13.67%
 434  Xer__Cyanothece__UR50_B8HWV7                               0.00%    passed     13.67%
 435  Xer__Terrabacteria__UR50_A0A3R9M9T5                        0.00%    failed      0.00%
 436  Xer__Oculatella__UR50_A0A8J6T594                           0.00%    failed      0.00%
 437  Xer__Bacteria__UR50_A0A519SK79                             0.00%    failed      0.00%
 438  Xer__Truepera__UR50_D7CXV3                                 0.00%    failed      0.00%
 439  Xer__Hymenobacter__UR50_A0A7H0GW45                         0.00%    failed      0.00%
 440  Xer__Fischerella__UR50_UPI0025C16FD1                       0.00%    failed      0.00%
 441  Xer__Deinococcus__UR50_UPI00146FA852                       0.00%    failed      0.00%
 442  Xer__Pontibacter__UR50_A0A923N570                          0.00%    failed      0.00%
 443  Xlr__root__UR50_A0A1E8CRE3                                 0.00%    failed      4.56%
 444  Xlr__root__UR50_A0A4P5SJD2                                 0.00%    passed     20.21%
 445  Xlr__root__UR50_A0A3G9A0S2                                 0.00%    passed     31.14%
 446  Xlr__Micrococcales__UR50_A0A1R3VVE3                        0.00%    passed     49.44%
 447  Xlr__Deinococcus__UR50_A0A172T7E0                          0.00%    passed     28.10%
 448  Xlr__root__UR50_E8QX23                                     0.00%    failed      0.06%
 449  Xlr__Terrabacteria__UR50_A0A8J7JWR5                        0.00%    failed      0.09%
 450  Xlr__root__UR50_Q7NP59                                     0.00%    failed      0.53%
 451  Xlr__root__UR50_A0A6J7BKN6                                 0.00%    failed      0.12%
 452  Xlr__root__UR50_A0A7G8WQ84                                 0.00%    passed      7.15%
 453  Xlr__Terrabacteria__UR50_A0A2W7ARY7                        0.00%    failed      0.65%
 454  Xlr__Bacteria__UR50_A0A1L2YW04                             0.00%    passed     81.19%
 455  Xlr__root__UR50_A0A8T6QQF4                                 0.00%    passed      9.48%
 456  Xlr__unclassified__UR50_A0A2T2UZL0                         0.00%    failed      1.99%
 457  Xlr__cellular__UR50_A0A7S2RIV1                             0.00%    passed     81.19%
 458  Xlr__cellular__UR50_A0A813J0W5                             0.00%    passed     15.94%
 459  Xlr__Gammaproteobacteria__UR50_UPI00190F65E4               0.00%    passed      8.25%
 460  Xlr__Actinomycetes__UR50_A0A6J4KT46                        0.00%    passed      9.48%
 461  Xlr__Bacteria__UR50_A0A3L7VYY9                             0.00%    passed     97.98%
 462  Xlr__Bacteria__UR50_A0A2E7UR14                             0.00%    passed     67.44%
 463  Xlr__root__UR50_A0A0R2R0Q7                                 0.00%    passed     24.64%
 464  Xlr__Pseudomonadota__UR50_A3JEZ3                           0.00%    passed     22.64%
 465  Xlr__Planctomycetaceae__UR50_A0A2E7EFI9                    0.00%    passed     20.21%
 466  Xlr__Bacteria__UR50_A0A958E829                             0.00%    passed     20.21%
 467  Xlr__Deinococcus__UR50_A0A7X1NVD0                          0.00%    passed     22.64%
 468  Xlr__Deinococcus__UR50_UPI0025F3DD2E                       0.00%    passed     22.64%
 469  Xlr__Bellilinea__UR50_A0A0P6XBM7                           0.00%    passed     37.84%
 470  Xlr__root__UR50_A0A6I3GA03                                 0.00%    passed     92.74%
 471  Xlr__Bacteria__UR50_A0A2E3NLK8                             0.00%    passed     58.11%
 472  Xlr__Actinomycetota__UR50_A0A3M0G769                       0.00%    passed     67.44%
 473  Xlr__root__UR50_A0A6I2ZCL4                                 0.00%    passed     17.49%
 474  Xlr__Bacteria__UR50_A0A1L2YWA8                             0.00%    failed      0.50%
 475  Xlr__Chloroflexota__UR50_A0A3L7YRV8                        0.00%    passed     52.69%
 476  Xlr__Bacteria__UR50_A0A9E1QVR0                             0.00%    failed      0.41%
 477  Xlr__Actinobacteria__UR50_A0A0J0YNF8                       0.00%    passed     17.49%
 478  Xlr__Terrabacteria__UR50_A0A2P8WHZ5                        0.00%    failed      1.91%
 479  Xlr__Sar__UR50_A0A813H5L3                                  0.00%    failed      0.41%
 480  Xlr__uncultured__UR50_A0A6J4S2K6                           0.00%    failed      1.33%
 481  Xlr__Dinophyceae__UR50_A0A7S4GN37                          0.00%    failed      0.22%
 482  Xlr__uncultured__UR50_UPI0028E77A7F                        0.00%    failed      0.09%
 483  Xlr__Bacteria__UR50_A0A6L6E9R4                             0.00%    failed      0.03%
 484  Xlr__Microbacterium__UR50_UPI001E4742A9                    0.00%    failed      0.02%
 485  Xlr__root__UR50_A0A923YTK2                                 0.00%    failed      0.00%
 486  Xlr__Balneola__UR50_A0A2D7AG78                             0.04%    failed      0.00%
 487  Xlr__Phototrophicales__UR50_A0A2M8NK29                     0.00%    failed      0.00%
 488  Xlr__root__UR50_A0A6J7E014                                 0.00%    failed      0.00%
 489  Xlr__Actinomycetota__UR50_A0A7K0YYK2                       0.00%    failed      0.00%
 490  Xlr__root__UR50_A0A7K1AQL8                                 0.00%    failed      0.00%
 491  Xlr__root__UR50_A0A9D7FV15                                 0.00%    failed      0.00%
 492  Xlr__root__UR50_A0A6I2VA48                                 0.00%    failed      0.00%
 493  Br__Halomarina__UniRef90_UPI0026F40B8B                     0.00%    passed     22.64%
 494  Br__Halobacterium__UniRef90_P02945                         0.00%    passed     67.44%
 495  Br__Halobacteria__UniRef90_G0LFX8                          0.00%    passed     91.53%
 496  Br__Halobacteriales__UniRef90_A0A2R6JS63                   0.00%    passed     53.69%
 497  Br__Halobacteriales__UniRef90_A0A2R6J274                   0.00%    passed     58.11%
 498  Br__unclassified__UniRef90_A0A2R6LDY7                      0.00%    passed     58.11%
 499  Br__Halobacteriales__UniRef90_A0A2R6LT28                   0.00%    passed     62.70%
 500  Br__Halohasta__UniRef90_UPI002110EEC8                      0.00%    passed     62.70%
 501  Br__unclassified__UniRef90_A0A2R6GPV3                      0.00%    passed     67.44%
 502  Br__Halobacterium__UniRef90_UPI001F011AB0                  0.00%    passed     67.44%
 503  Br__Halorientalis__UniRef90_UPI001FF6B2B9                  0.00%    passed     67.44%
 504  Br__Halobacteria__UniRef90_P29563                          0.00%    passed     82.38%
 505  Br__Halobacteriales__UniRef90_A0A2R6LKP5                   0.00%    passed     72.31%
 506  Br__Halobacteria__UniRef90_P69051                          0.00%    passed     77.30%
 507  Br__Archaea__UniRef90_V4ZQH6                               0.00%    passed     77.30%
 508  Br__Uncultured__UniRef90_I1X958                            0.00%    passed     82.38%
 509  Br__unclassified__UniRef90_A0A4U7F7H9                      0.00%    passed     87.53%
 510  Br__Halorientalis__UniRef90_A0A1G7RA78                     0.00%    passed     87.53%
 511  Br__unclassified__UniRef90_A0A256HWP6                      0.00%    passed     87.53%
 512  Br__Halorubrum__UniRef90_A0A3Q9EA60                        0.00%    passed     87.53%
 513  Br__Natronomonas__UniRef90_M1Y5I7                          0.00%    passed     87.53%
 514  Br__Halobacteriales__UniRef90_P94854                       0.00%    passed     71.17%
 515  Br__Halorubrum__UniRef90_UPI0021111C71                     0.00%    passed     87.53%
 516  Br__Halobacteriales__UniRef90_A7U0U1                       0.00%    passed     97.98%
 517  Br__Halobellus__UniRef90_A0A7J9SID8                        0.00%    passed     97.98%
 518  Br__Haloplanus__UniRef90_A0A6B9F3P5                        0.00%    passed     97.98%
 519  Br__Halobacteriales__UniRef90_A0A2R6HQ15                   0.00%    passed     97.98%
 520  Br__uncultured__UniRef90_V4Y792                            0.00%    passed     97.98%
 521  Br__Haloplanus__UniRef90_UPI000A5CE34D                     0.00%    passed     97.98%
 522  Br__Salinirubrum__UniRef90_UPI001D07B5FE                   0.00%    passed     91.53%
 523  Br__Natronomonas__UniRef90_UPI0020C975B2                   0.00%    passed     91.53%
 524  Br__Halobacteriales__UniRef90_A0A2R6GSY0                   0.00%    passed     71.17%
 525  Br__Haloarchaeobius__UniRef90_UPI00226DF6EF                0.00%    passed     61.63%
 526  Br__Natrialbaceae__UniRef90_M0CK77                         0.00%    passed     33.62%
 527  Br__Natronobeatus__UniRef90_UPI0020CDB3FE                  0.00%    passed     52.69%
 528  Br__Halorientalis__UniRef90_A0A1G7PUC9                     0.00%    passed     48.48%
 529  Br__Salinigranum__UniRef90_A0A2I8VEZ7                      0.00%    passed     44.46%
 530  Br__Halomarina__UniRef90_UPI0020327DF1                     0.00%    passed     44.46%
 531  Br__Halobacteriales__UniRef90_A0A2R6KGD7                   0.00%    passed     40.64%
 532  Br__Halorientalis__UniRef90_UPI001FF6C9D7                  0.00%    passed     40.64%
 533  Br__Halobium__UniRef90_UPI002271B22C                       0.00%    passed     40.64%
 534  Br__Halostella__UniRef90_UPI000EF8332C                     0.00%    passed     40.64%
 535  Br__Halolamina__UniRef90_UPI0022715CDC                     0.00%    passed     40.64%
 536  Br__Halogranum__UniRef90_A0A1H8RSA7                        0.00%    passed     33.62%
 537  Br__Salinilacihabitans__UniRef90_UPI0021140345             0.00%    passed     33.62%
 538  Br__Halegenticoccus__UniRef90_UPI00100C2973                0.00%    passed     33.62%
 539  Br__Halobiforma__UniRef90_A0A1I1DPA8                       0.00%    passed     30.41%
 540  Br__Natrarchaeobaculum__UniRef90_A0A346PUS3                0.00%    passed     30.41%
 541  Br__Halobaculum__UniRef90_UPI001EFEF83C                    0.00%    passed      7.99%
 542  Br__Halobacterium__UniRef90_UPI0000110B77                  0.00%    failed      0.01%
 543  Cyhr__Cyanophyceae__UniRef90_K9U0A8                        0.00%    passed     17.49%
 544  Cyhr__Leptolyngbya__UniRef90_A0A2W4UKV5                    0.00%    passed     82.38%
 545  Cyhr__Nostocales__UniRef90_A0A252D874                      0.00%    passed     57.07%
 546  Cyhr__Pseudanabaenaceae__UniRef90_A0A928V9X3               0.00%    passed     61.63%
 547  Cyhr__Phormidesmis__UniRef90_UPI0009442622                 0.00%    passed     61.63%
 548  Cyhr__Tolypothrix__UniRef90_A0A8S9SVI8                     0.00%    passed     57.07%
 549  Cyhr__Rubrivirga__UniRef90_UPI0028C9517B                   0.00%    passed     57.07%
 550  Cyhr__Pleurocapsa__UniRef90_UPI0029C671DC                  0.00%    passed     52.69%
 551  Cyhr__uncultured__UniRef90_A0A6J4UQD4                      0.00%    passed     48.48%
 552  Cyhr__Rubricoccus__UniRef90_A0A259U296                     0.00%    passed     48.48%
 553  Cyhr__Rubrivirga__UniRef90_A0A271IU12                      0.00%    passed     48.48%
 554  Cyhr__Deinococcus__UniRef90_UPI00220D8E58                  0.00%    passed     48.48%
 555  Cyhr__Nostocaceae__UniRef90_A0A838VMV4                     0.00%    passed     44.46%
 556  Cyhr__Plectolyngbya__UniRef90_A0A951NX98                   0.00%    passed     40.64%
 557  Cyhr__Halogranum__UniRef90_A0A1H8RSA7                      0.00%    passed     33.62%
 558  Cyhr__Nostocales__UniRef90_A0A6I8WFQ3                      0.00%    passed     33.62%
 559  Cyhr__Bacteria__UniRef90_A0A7Y3X9A8                        0.00%    passed     33.62%
 560  Cyhr__Rubrivirga__UniRef90_A0A271IYE2                      0.00%    passed     30.41%
 561  Cyhr__Rubrobacter__UniRef90_Q1AUE6                         0.00%    passed     27.42%
 562  Cyhr__Myxosarcina__UniRef90_UPI000689B0F6                  0.00%    passed     24.64%
 563  Cyhr__Actinomycetota__UniRef90_A0A938EPH0                  0.00%    passed     22.06%
 564  Cyhr__Nostocales__UniRef90_A0A0C2L739                      0.00%    passed     19.68%
 565  Cyhr__Cyanobacteriota__UniRef90_A0A926PME7                 0.00%    passed     19.68%
 566  Cyhr__Cyanophyceae__UniRef90_A0A0S3UBN8                    0.00%    passed     19.68%
 567  Cyhr__Aliterella__UniRef90_A0A0D8ZW42                      0.00%    passed     19.68%
 568  Cyhr__Leptolyngbya__UniRef90_A0A0P4V0S4                    0.00%    passed     19.68%
 569  Cyhr__Leptolyngbya__UniRef90_UPI000B5A185C                 0.00%    passed     19.68%
 570  Cyhr__Nodosilinea__UniRef90_A0A8J7EM17                     0.00%    passed     17.49%
 571  Cyhr__Cyanophyceae__UniRef90_A0A2W7AEB9                    0.00%    passed     17.49%
 572  Cyhr__Pseudanabaena__UniRef90_A0A926ZYX4                   0.00%    passed     17.49%
 573  Cyhr__Leptolyngbya__UniRef90_A0A926ZAJ4                    0.00%    passed     17.49%
 574  Cyhr__Chroococcus__UniRef90_A0A8J2TRF2                     0.00%    passed     17.49%
 575  Cyhr__unclassified__UniRef90_UPI0016884D19                 0.00%    passed     17.49%
 576  Cyhr__Cyanophyceae__UniRef90_A0A9X9ZA75                    0.00%    passed     15.49%
 577  Cyhr__unclassified__UniRef90_A0A252DUV9                    0.00%    passed     15.49%
 578  Cyhr__Leptolyngbya__UniRef90_A0A926TVT6                    0.00%    passed     15.49%
 579  Cyhr__Phormidesmis__UniRef90_A0A2T1DCP3                    0.00%    passed     15.49%
 580  Cyhr__Cyanobacteria__UniRef90_A0A3D1PJK7                   0.00%    passed     15.49%
 581  Cyhr__Phormidesmis__UniRef90_UPI00083B4DA5                 0.00%    passed     15.49%
 582  Cyhr__unclassified__UniRef90_A0A2H2Y0M0                    0.00%    passed     13.67%
 583  Cyhr__Cyanothece__UniRef90_B8HQU4                          0.00%    passed     13.67%
 584  Cyhr__Tolypothrix__UniRef90_A0A0C1N3L3                     0.00%    passed     13.67%
 585  Cyhr__Nostoc__UniRef90_A0A235I7A6                          0.00%    passed     13.67%
 586  Cyhr__Hassalia__UniRef90_A0A846HFU5                        0.00%    passed     13.67%
 587  Cyhr__Microcoleus__UniRef90_A0A926U182                     0.00%    passed     13.67%
 588  Cyhr__Cyanobacteria__UniRef90_A0A926PVG5                   0.00%    passed     12.02%
 589  Cyhr__Leptolyngbya__UniRef90_A0A926UF78                    0.00%    passed      7.99%
 590  Cyhr__Phormidium__UniRef90_A0A927EHN9                      0.00%    passed      5.13%
 591  Cyhr__Chamaesiphon__UniRef90_K9UIK1                        0.00%    failed      3.19%
 592  Cyhr__Leptolyngbya__UniRef90_UPI002938D558                 0.00%    failed      0.04%
 593  Cyhr__Oculatella__UniRef90_A0A8J6T594                      0.00%    failed      0.00%
 594  Cyhr__Bacteria__UniRef90_A0A7Y3TUC4                        0.00%    failed      0.00%
 595  Cyhr__Iningainema__UniRef90_UPI00192D4A90                  0.00%    failed      0.00%
 596  Cyr__Halomarina__UniRef90_UPI0026F40B8B                    0.00%    passed     22.64%
 597  Cyr__unclassified__UniRef90_A0A2R6K7R7                     0.00%    passed     28.10%
 598  Cyr__Halobacteriales__UniRef90_A0A2R6DJW3                  0.00%    passed     67.44%
 599  Cyr__Actinomycetes__UniRef90_A0A6I2VAT4                    0.00%    passed     67.44%
 600  Cyr__Bacteria__UniRef90_A0A948WFJ8                         0.00%    passed     67.44%
 601  Cyr__Halobacteriales__UniRef90_A0A2R6F6G8                  0.00%    passed     72.31%
 602  Cyr__Mycobacteriaceae__UniRef90_A0A9E2K851                 0.00%    passed     82.38%
 603  Cyr__Tolypothrix__UniRef90_A0A218QMM7                      0.00%    passed     81.19%
 604  Cyr__Dictyobacter__UniRef90_A0A5J4KXN6                     0.00%    passed     97.98%
 605  Cyr__unclassified__UniRef90_A0A2R6J4F0                     0.00%    passed     91.53%
 606  Cyr__Nostocales__UniRef90_A0A252D874                       0.00%    passed     57.07%
 607  Cyr__Halobacteria__UniRef90_A0A6B9F027                     0.00%    passed     81.19%
 608  Cyr__Natrialbaceae__UniRef90_O93740                        0.00%    passed     71.17%
 609  Cyr__Halobacteriales__UniRef90_A0A2R6EJH4                  0.00%    passed     71.17%
 610  Cyr__Solirubrobacterales__UniRef90_A0A7V8ZIZ4              0.00%    passed     71.17%
 611  Cyr__Halorussus__UniRef90_UPI0010932F32                    0.00%    passed     71.17%
 612  Cyr__Halorussus__UniRef90_UPI0023E81FAE                    0.00%    passed     71.17%
 613  Cyr__Haloferacales__UniRef90_A0A4U7F5Q1                    0.00%    passed     61.63%
 614  Cyr__Halohasta__UniRef90_UPI0020A583B9                     0.00%    passed     66.33%
 615  Cyr__Halorussus__UniRef90_UPI001FB584AA                    0.00%    passed     66.33%
 616  Cyr__Halobaculum__UniRef90_A0A1M5UDZ8                      0.00%    passed     61.63%
 617  Cyr__Pseudanabaenaceae__UniRef90_A0A928V9X3                0.00%    passed     61.63%
 618  Cyr__Haloplanus__UniRef90_UPI0020406A55                    0.00%    passed     61.63%
 619  Cyr__Haloarchaeobius__UniRef90_UPI00226DF6EF               0.00%    passed     61.63%
 620  Cyr__Halorubrum__UniRef90_A0A329T627                       0.00%    passed     57.07%
 621  Cyr__Phormidesmis__UniRef90_UPI0009442622                  0.00%    passed     61.63%
 622  Cyr__Tolypothrix__UniRef90_A0A8S9SVI8                      0.00%    passed     57.07%
 623  Cyr__Salinirubrum__UniRef90_UPI001D05D8F0                  0.00%    passed     57.07%
 624  Cyr__Natrialbaceae__UniRef90_M0CK77                        0.00%    passed     33.62%
 625  Cyr__Salinigranum__UniRef90_A0A2I8VP32                     0.00%    passed     52.69%
 626  Cyr__Pleurocapsa__UniRef90_UPI0029C671DC                   0.00%    passed     52.69%
 627  Cyr__Natronobeatus__UniRef90_UPI0020CDB3FE                 0.00%    passed     52.69%
 628  Cyr__Halorientalis__UniRef90_UPI001FF15E48                 0.00%    passed     48.48%
 629  Cyr__unclassified__UniRef90_UPI00240609FF                  0.00%    passed     48.48%
 630  Cyr__Deinococcus__UniRef90_UPI00220D8E58                   0.00%    passed     48.48%
 631  Cyr__Halobaculum__UniRef90_UPI0024C3D685                   0.00%    passed     48.48%
 632  Cyr__Salinirubellus__UniRef90_A0A9E7U421                   0.00%    passed     44.46%
 633  Cyr__Salinigranum__UniRef90_A0A2I8VEZ7                     0.00%    passed     44.46%
 634  Cyr__Halobacteriales__UniRef90_A0A2R6GS10                  0.00%    passed     44.46%
 635  Cyr__Nostocaceae__UniRef90_A0A838VMV4                      0.00%    passed     44.46%
 636  Cyr__Halomarina__UniRef90_UPI0020327DF1                    0.00%    passed     44.46%
 637  Cyr__Haloferax__UniRef90_M0IDG5                            0.00%    passed     40.64%
 638  Cyr__Halobacteriales__UniRef90_A0A2R6KGD7                  0.00%    passed     40.64%
 639  Cyr__Halobium__UniRef90_UPI002271B22C                      0.00%    passed     40.64%
 640  Cyr__Halostella__UniRef90_UPI000EF8332C                    0.00%    passed     40.64%
 641  Cyr__Halolamina__UniRef90_UPI0022715CDC                    0.00%    passed     40.64%
 642  Cyr__Halobiforma__UniRef90_A0A1P8LP89                      0.00%    passed     33.62%
 643  Cyr__Halogranum__UniRef90_A0A1H8RSA7                       0.00%    passed     33.62%
 644  Cyr__Natrinema__UniRef90_A0A7D5GSH5                        0.00%    passed     33.62%
 645  Cyr__Nostocales__UniRef90_A0A6I8WFQ3                       0.00%    passed     33.62%
 646  Cyr__Salinilacihabitans__UniRef90_UPI0021140345            0.00%    passed     33.62%
 647  Cyr__Halegenticoccus__UniRef90_UPI00100C2973               0.00%    passed     33.62%
 648  Cyr__Halobiforma__UniRef90_A0A1I1DPA8                      0.00%    passed     30.41%
 649  Cyr__Natrarchaeobaculum__UniRef90_A0A346PUS3               0.00%    passed     30.41%
 650  Cyr__Natribaculum__UniRef90_UPI0022466372                  0.00%    passed     30.41%
 651  Cyr__Rubrobacter__UniRef90_Q1AUE6                          0.00%    passed     27.42%
 652  Cyr__Haloarchaeobius__UniRef90_UPI00226E43C4               0.00%    passed     27.42%
 653  Cyr__Actinomycetota__UniRef90_A0A938EPH0                   0.00%    passed     22.06%
 654  Cyr__Dictyobacter__UniRef90_A0A402ATH3                     0.00%    passed     22.06%
 655  Cyr__Nostocales__UniRef90_A0A0C2L739                       0.00%    passed     19.68%
 656  Cyr__Aliterella__UniRef90_A0A0D8ZW42                       0.00%    passed     19.68%
 657  Cyr__Leptolyngbya__UniRef90_UPI000B5A185C                  0.00%    passed     19.68%
 658  Cyr__Nodosilinea__UniRef90_A0A8J7EM17                      0.00%    passed     17.49%
 659  Cyr__Cyanophyceae__UniRef90_A0A2W7AEB9                     0.00%    passed     17.49%
 660  Cyr__Pseudanabaena__UniRef90_A0A926ZYX4                    0.00%    passed     17.49%
 661  Cyr__Leptolyngbya__UniRef90_A0A926ZAJ4                     0.00%    passed     17.49%
 662  Cyr__Chroococcus__UniRef90_A0A8J2TRF2                      0.00%    passed     17.49%
 663  Cyr__unclassified__UniRef90_UPI0016884D19                  0.00%    passed     17.49%
 664  Cyr__Cyanophyceae__UniRef90_A0A9X9ZA75                     0.00%    passed     15.49%
 665  Cyr__unclassified__UniRef90_A0A252DUV9                     0.00%    passed     15.49%
 666  Cyr__Phormidesmis__UniRef90_A0A2T1DCP3                     0.00%    passed     15.49%
 667  Cyr__Cyanobacteria__UniRef90_A0A2T2RN81                    0.00%    passed     15.49%
 668  Cyr__Cyanobacteria__UniRef90_A0A3D1PJK7                    0.00%    passed     15.49%
 669  Cyr__Phormidesmis__UniRef90_UPI00083B4DA5                  0.00%    passed     15.49%
 670  Cyr__unclassified__UniRef90_A0A2H2Y0M0                     0.00%    passed     13.67%
 671  Cyr__Cyanothece__UniRef90_B8HQU4                           0.00%    passed     13.67%
 672  Cyr__Tolypothrix__UniRef90_A0A0C1N3L3                      0.00%    passed     13.67%
 673  Cyr__Nostoc__UniRef90_A0A235I7A6                           0.00%    passed     13.67%
 674  Cyr__Hassalia__UniRef90_A0A846HFU5                         0.00%    passed     13.67%
 675  Cyr__Microcoleus__UniRef90_A0A926U182                      0.00%    passed     13.67%
 676  Cyr__Cyanobacteria__UniRef90_A0A926PVG5                    0.00%    passed     12.02%
 677  Cyr__Leptolyngbya__UniRef90_A0A926UF78                     0.00%    passed      7.99%
 678  Cyr__Chamaesiphon__UniRef90_K9UIK1                         0.00%    failed      3.19%
 679  Cyr__Pseudanabaenaceae__UniRef90_A0A928YZN9                0.00%    failed      0.01%
 680  Pr__Bacteria__UniRef90_A0A2E9EAN5                          0.00%    passed      8.25%
 681  Pr__root__UniRef90_A0A2E8A7X9                              0.00%    passed     22.64%
 682  Pr__Burkholderiales__UniRef90_A0A976DY32                   0.00%    passed     37.84%
 683  Pr__Polaromonas__UniRef90_A0A924HFX7                       0.00%    passed     41.51%
 684  Pr__unclassified__UniRef90_A0A258U1R2                      0.00%    passed     45.38%
 685  Pr__Polaromonas__UniRef90_A0A7Y0BWA7                       0.00%    passed     45.38%
 686  Pr__Polaromonas__UniRef90_A0A923W2B8                       0.00%    passed     45.38%
 687  Pr__Polaromonas__UniRef90_A0A6H2HDR0                       0.00%    passed     45.38%
 688  Pr__Rhodoferax__UniRef90_UPI0025D0EA5D                     0.00%    passed     45.38%
 689  Pr__Opitutae__UniRef90_A0A2G4HKE5                          0.00%    passed     49.44%
 690  Pr__Polaromonas__UniRef90_A0A6N9REK5                       0.00%    passed     53.69%
 691  Pr__Polaromonas__UniRef90_A0A924GUJ9                       0.00%    passed     53.69%
 692  Pr__Polynucleobacter__UniRef90_A0A254Q1M6                  0.00%    passed     58.11%
 693  Pr__Polynucleobacter__UniRef90_A0A2M8VQ78                  0.00%    passed     62.70%
 694  Pr__Polynucleobacter__UniRef90_UPI001BFEBAA1               0.00%    passed     58.11%
 695  Pr__Betaproteobacteria__UniRef90_A0A6M9PKU4                0.00%    passed     62.70%
 696  Pr__root__UniRef90_V4YT71                                  0.00%    passed     62.70%
 697  Pr__uncultured__UniRef90_Q83TJ3                            0.00%    passed     91.53%
 698  Pr__root__UniRef90_Q9AFF7                                  0.00%    passed     76.13%
 699  Pr__uncultured__UniRef90_Q84C21                            0.00%    passed     87.53%
 700  Pr__root__UniRef90_Q4PNF2                                  0.00%    passed     97.98%
 701  Pr__Gammaproteobacteria__UniRef90_A0A2E1J3J0               0.04%    passed     86.83%
 702  Pr__root__UniRef90_Q6J4G7                                  0.00%    passed     71.17%
 703  Pr__root__UniRef90_Q6PL05                                  0.00%    passed     76.13%
 704  Pr__Bacteria__UniRef90_J4KSW5                              0.00%    passed     76.13%
 705  Pr__uncultured__UniRef90_A0A1L2YW20                        0.00%    passed     76.13%
 706  Pr__Gammaproteobacteria__UniRef90_A0A2E8KSB6               0.00%    passed     76.13%
 707  Pr__Bacteria__UniRef90_A0A1L2YWF0                          0.00%    passed     71.17%
 708  Pr__root__UniRef90_A0A1L2YWB0                              0.00%    passed     71.17%
 709  Pr__root__UniRef90_A0A1L2YW14                              0.00%    passed     71.17%
 710  Pr__Gammaproteobacteria__UniRef90_A0A1Z9LH41               0.00%    passed     71.17%
 711  Pr__Gammaproteobacteria__UniRef90_A0A2E4HPT1               0.00%    passed     71.17%
 712  Pr__SAR86__UniRef90_A0A937M2P1                             0.00%    passed     71.17%
 713  Pr__Bacteria__UniRef90_A0A1L2YW54                          0.00%    passed     66.33%
 714  Pr__root__UniRef90_A0A2E2ZER7                              0.00%    passed     66.33%
 715  Pr__Pseudomonadota__UniRef90_A0A944UJK0                    0.00%    passed     66.33%
 716  Pr__Pseudomonadota__UniRef90_A0A0R2UEA1                    0.00%    passed     61.63%
 717  Pr__root__UniRef90_A0A520TL11                              0.00%    passed     61.63%
 718  Pr__Woeseiaceae__UniRef90_A0A2E8TNK7                       0.00%    passed     61.63%
 719  Pr__Gammaproteobacteria__UniRef90_A0A3S5JK93               0.00%    passed     57.07%
 720  Pr__Gammaproteobacteria__UniRef90_A0A2E1J3Y9               0.00%    passed     52.69%
 721  Pr__root__UniRef90_A0A1L2YW34                              0.00%    passed     48.48%
 722  Pr__root__UniRef90_A0A1L2YW57                              0.00%    passed     40.64%
 723  Pr__SAR86__UniRef90_A0A520MXC4                             0.00%    passed     40.64%
 724  Pr__SAR86__UniRef90_A0A520N6G6                             0.00%    passed     37.03%
 725  Pr__Gammaproteobacteria__UniRef90_A0A2E1F7G8               0.08%    passed     31.00%
 726  Pr__Hyphomicrobiales__UniRef90_A0A2E1CNU6                  0.00%    passed      9.19%
 727  Pr__Gammaproteobacteria__UniRef90_A0A2E2D3E2               0.08%    passed      6.13%
 728  Pr__root__UniRef90_A1YC78                                  0.00%    failed      0.00%
 729  Pr__uncultured__UniRef90_A8QLU9                            0.00%    failed      0.00%
 730  Xer__Chamaesiphon__UniRef90_K9UDV6                         0.00%    failed      0.06%
 731  Xer__Chamaesiphon__UniRef90_UPI001FE7BDD5                  0.00%    passed      6.18%
 732  Xer__Chlorogloeopsis__UniRef90_A0A433NPX7                  0.00%    passed     14.08%
 733  Xer__Fischerella__UniRef90_A0A2N6KA72                      0.00%    passed     49.44%
 734  Xer__Plectonema__UniRef90_A0A8J7FDH7                       0.00%    passed     17.98%
 735  Xer__Chroococcidiopsis__UniRef90_K9U4X1                    0.00%    passed     17.98%
 736  Xer__Cyanobacteria__UniRef90_A0A350XF02                    0.00%    passed     20.21%
 737  Xer__unclassified__UniRef90_UPI00286B4FBA                  0.00%    passed     20.21%
 738  Xer__Myxacorys__UniRef90_A0A8J8CI44                        0.00%    passed     25.26%
 739  Xer__Trichocoleus__UniRef90_UPI0025B4A839                  0.00%    passed     34.39%
 740  Xer__Pegethrix__UniRef90_A0A951P8X6                        0.00%    passed     37.84%
 741  Xer__Leptolyngbya__UniRef90_UPI0021F24B09                  0.00%    passed     37.84%
 742  Xer__unclassified__UniRef90_A0A2H2XBQ5                     0.00%    passed     41.51%
 743  Xer__Cyanophyceae__UniRef90_A0A8J7FVH2                     0.00%    passed     41.51%
 744  Xer__Cyanobacteria__UniRef90_A0A926SLQ3                    0.00%    passed     41.51%
 745  Xer__unclassified__UniRef90_A0A969FFI9                     0.00%    passed     41.51%
 746  Xer__Leptolyngbya__UniRef90_A0A5Q4E204                     0.00%    passed     41.51%
 747  Xer__Calothrix__UniRef90_A0A930XBC0                        0.00%    passed     41.51%
 748  Xer__filamentous__UniRef90_A0A2T2W344                      0.00%    passed     45.38%
 749  Xer__Synechococcales__UniRef90_A0A930XI48                  0.00%    passed     45.38%
 750  Xer__unclassified__UniRef90_A0A8J7EH67                     0.00%    passed     45.38%
 751  Xer__Aliterella__UniRef90_A0A0D8ZMP0                       0.00%    passed     45.38%
 752  Xer__Cyanophyceae__UniRef90_K9XIR7                         0.00%    passed     45.38%
 753  Xer__Thermocoleostomius__UniRef90_A0A9E8ZCC3               0.00%    passed     45.38%
 754  Xer__Gloeocapsopsis__UniRef90_A0A2G7GF90                   0.00%    passed     49.44%
 755  Xer__Dulcicalothrix__UniRef90_A0A3S1AGP4                   0.00%    passed     49.44%
 756  Xer__Gloeocapsopsis__UniRef90_A0A6N8G1P5                   0.00%    passed     49.44%
 757  Xer__filamentous__UniRef90_A0A2P8W550                      0.00%    passed     49.44%
 758  Xer__Gloeothece__UniRef90_B7KKH0                           0.00%    passed     58.11%
 759  Xer__Chlorogloeopsis__UniRef90_UPI0025AA4827               0.00%    passed     58.11%
 760  Xer__Nodosilinea__UniRef90_A0AA97EF24                      0.00%    passed     62.70%
 761  Xer__Komarekiella__UniRef90_A0AA40SV90                     0.00%    passed     67.44%
 762  Xer__unclassified__UniRef90_A0A1Z4IC28                     0.00%    passed     72.31%
 763  Xer__Nostocaceae__UniRef90_Q8YSC4                          0.00%    passed     72.31%
 764  Xer__Nodosilinea__UniRef90_UPI0023B27A9D                   0.00%    passed     72.31%
 765  Xer__Nostoc__UniRef90_UPI0016870F7A                        0.00%    passed     72.31%
 766  Xer__Anabaena__UniRef90_UPI001681BA92                      0.00%    passed     72.31%
 767  Xer__Leptolyngbyaceae__UniRef90_A0A2W4TRN2                 0.00%    passed     87.53%
 768  Xer__Leptolyngbyaceae__UniRef90_A0A968UBD0                 0.00%    passed     87.53%
 769  Xer__Leptolyngbyaceae__UniRef90_A0A969KQC5                 0.00%    passed     87.53%
 770  Xer__Phormidesmis__UniRef90_A0A0P7YZ09                     0.00%    passed     44.46%
 771  Xer__Chroococcidiopsis__UniRef90_A0A2P8QWW1                0.00%    passed     30.41%
 772  Xer__Leptolyngbya__UniRef90_A0A926UDI1                     0.00%    passed     30.41%
 773  Xer__Cyanobacteriota__UniRef90_A0A927ENI9                  0.00%    passed     30.41%
 774  Xer__Leptolyngbya__UniRef90_A0A926V7J7                     0.00%    passed     30.41%
 775  Xer__Trichocoleus__UniRef90_A0A8J7B835                     0.00%    passed     30.41%
 776  Xer__Phormidium__UniRef90_UPI0016846037                    0.00%    passed     30.41%
 777  Xer__Oculatella__UniRef90_A0A8J7EW44                       0.00%    passed     24.64%
 778  Xer__Oscillatoria__UniRef90_A0A926X8P0                     0.00%    passed     24.64%
 779  Xer__Cyanobacteria__UniRef90_A0A926PY22                    0.00%    passed     22.06%
 780  Xlr__Deinococcus__UniRef90_A0A1U7NV99                      0.00%    failed      0.12%
 781  Xlr__Cyanobacteria__UniRef90_A0A969T0G4                    0.00%    failed      0.43%
 782  Xlr__unclassified__UniRef90_UPI001E3E6221                  0.00%    failed      0.43%
 783  Xlr__Deinococcus__UniRef90_UPI001ED8D96D                   0.00%    failed      0.43%
 784  Xlr__Deinococcus__UniRef90_UPI002869BBA0                   0.00%    failed      0.43%
 785  Xlr__Gloeobacter__UniRef90_Q7NP59                          0.00%    failed      0.53%
 786  Xlr__Phormidesmis__UniRef90_UPI000A475A3D                  0.00%    failed      0.53%
 787  Xlr__unclassified__UniRef90_A0A969FEC7                     0.00%    failed      0.65%
 788  Xlr__Cyanophyceae__UniRef90_A0A2W7ARY7                     0.00%    failed      0.65%
 789  Xlr__Leptolyngbya__UniRef90_A0A925M2S9                     0.00%    failed      0.65%
 790  Xlr__Deinococcus__UniRef90_A0A2K3UTP4                      0.00%    passed      5.32%
 791  Xlr__Deinococcus__UniRef90_A0A172TD44                      0.00%    passed      5.32%
 792  Xlr__Deinococcus__UniRef90_A0A917PC33                      0.00%    failed      0.96%
 793  Xlr__Deinococcus__UniRef90_A0A918CFF3                      0.00%    failed      1.39%
 794  Xlr__Deinococcales__UniRef90_A0A924RR09                    0.00%    failed      3.31%
 795  Xlr__Gracilibacteria__UniRef90_A0A968T6V2                  0.00%    passed      6.18%
 796  Xlr__Leptolyngbya__UniRef90_U9W0I1                         0.00%    passed      8.25%
 797  Xlr__Halothece__UniRef90_K9YEI2                            0.00%    passed      9.48%
 798  Xlr__Cyanophyceae__UniRef90_A0A8T6QQF4                     0.00%    passed      9.48%
 799  Xlr__Halomicronema__UniRef90_UPI0021030F7B                 0.00%    passed      9.48%
 800  Xlr__Leptolyngbya__UniRef90_A0A6H2NHV9                     0.00%    passed     17.98%
 801  Xlr__Frankiaceae__UniRef90_A0A924NQ99                      0.00%    passed     20.21%
 802  Xlr__Williamsia__UniRef90_UPI001BDAAC7A                    0.00%    passed     28.10%
 803  Xlr__Meiothermus__UniRef90_A0A370JXE9                      0.00%    passed     34.39%
 804  Xlr__Cyanophyceae__UniRef90_A0A8J7JTD9                     0.00%    passed     37.84%
 805  Xlr__Meiothermus__UniRef90_UPI0005667CA7                   0.00%    passed     37.84%
 806  Xlr__Meiothermus__UniRef90_UPI000408B316                   0.00%    passed     37.84%
 807  Xlr__Salisaeta__UniRef90_UPI0003B640DC                     0.00%    passed     49.44%
 808  Xlr__Symploca__UniRef90_A0A845YHD9                         0.00%    passed     53.69%
 809  Xlr__Trueperaceae__UniRef90_A0A5Q4G3V2                     0.00%    passed     58.11%
 810  Xlr__Chloroflexota__UniRef90_A0A6L9IXQ0                    0.00%    passed     58.11%
 811  Xlr__Leptolyngbyaceae__UniRef90_K8GTY7                     0.00%    passed     67.44%
 812  Xlr__Thermaceae__UniRef90_A0A931EK09                       0.00%    passed     67.44%
 813  Xlr__Deltaproteobacteria__UniRef90_A0A2D4SQ06              0.00%    passed     67.44%
 814  Xlr__Deltaproteobacteria__UniRef90_A0A2E7UR14              0.00%    passed     67.44%
 815  Xlr__Myxococcales__UniRef90_A0A2E7ZR97                     0.00%    passed     72.31%
 816  Xlr__Rhodothermales__UniRef90_A0A9D8YSH6                   0.00%    passed     72.31%
 817  Xlr__Bacteroidota__UniRef90_A0A3M2FMH9                     0.00%    passed     77.30%
 818  Xlr__Roseiflexaceae__UniRef90_A0A926CB40                   0.00%    passed     82.38%
 819  Xlr__unclassified__UniRef90_A5UXH7                         0.00%    passed     82.38%
 820  Xlr__Deinococcus__UniRef90_UPI0025F8D0E5                   0.00%    passed     82.38%
 821  Xlr__Allomeiothermus__UniRef90_UPI0023F38943               0.00%    passed     87.53%
 822  Xlr__Candidatus__UniRef90_A0A923XRS8                       0.00%    passed     92.74%
 823  Xlr__Oligoflexia__UniRef90_A0A924SSG2                      0.00%    passed     97.98%
 824  Xlr__Oligoflexia__UniRef90_A0A923U6H7                      0.00%    passed     96.77%
 825  Xlr__Pseudobdellovibrionaceae__UniRef90_A0A924ZXQ0         0.00%    passed     86.33%
 826  Xlr__Bdellovibrio__UniRef90_A0A923V7B8                     0.00%    passed     86.33%
 827  Xlr__Bdellovibrio__UniRef90_A0A924B300                     0.00%    passed     86.33%
 828  Xlr__Deinococcus__UniRef90_UPI001C63F925                   0.00%    passed     15.49%
 829  Xlr__filamentous__UniRef90_A0A2P8WHZ5                      0.00%    failed      1.91%
****  TOTAL                                                      0.00%  175 sequences failed composition chi2 test (p-value<5%; df=1)
Reading input tree file CombinedAncestors/00_tree/combined.ALN.fa.treefile ...

NOTE: 11 MB RAM (0 GB) is required!
WARNING: Number of threads seems too high for short alignments. Use -T AUTO to determine best number of threads.
Estimate model parameters (epsilon = 0.010)
1. Initial log-likelihood: -657300.694
Optimal log-likelihood: -657300.694
State frequencies:  0: 0.500  1: 0.500
Parameters optimization took 1 rounds (0.005 sec)
Wrote distance file to... 
BEST SCORE FOUND : -657300.694
Ancestral state probabilities printed to CombinedAncestors/20_indels/combined.ALN.fa.binary.state
Total tree length: 412.056

Total number of iterations: 0
CPU time used for tree search: 0.000 sec (0h:0m:0s)
Wall-clock time used for tree search: 0.000 sec (0h:0m:0s)
Total CPU time used: 22.610 sec (0h:0m:22s)
Total wall-clock time used: 11.451 sec (0h:0m:11s)

Analysis results written to: 
  IQ-TREE report:                CombinedAncestors/20_indels/combined.ALN.fa.binary.iqtree
  Maximum-likelihood tree:       CombinedAncestors/20_indels/combined.ALN.fa.binary.treefile
  Ancestral state:               CombinedAncestors/20_indels/combined.ALN.fa.binary.state
  Screen log file:               CombinedAncestors/20_indels/combined.ALN.fa.binary.log

Date and Time: Thu Aug 14 04:47:41 2025
