IQ-TREE multicore version 2.3.6 for MacOS Intel 64-bit built Aug  4 2024
Developed by Bui Quang Minh, Nguyen Lam Tung, Olga Chernomor, Heiko Schmidt,
Dominik Schrempf, Michael Woodhams, Ly Trong Nhan, Thomas Wong

Host:    eemb-micro-room.eemb.ucsb.edu (AVX2, FMA3, 64 GB RAM)
Command: iqtree -asr -s CombinedAncestors/10_asr/combined.ALN.fa -te CombinedAncestors/00_tree/combined.ALN.fa.treefile -st AA -T 4 -m Q.pfam+I+R10 -keep_empty_seq
Seed:    952067 (Using SPRNG - Scalable Parallel Random Number Generator)
Time:    Thu Aug 14 03:56:48 2025
Kernel:  AVX+FMA - 4 threads (4 CPU cores detected)

Reading alignment file CombinedAncestors/10_asr/combined.ALN.fa ... Fasta format detected
Reading fasta file: done in 0.050494 secs using 83.69% CPU
Alignment most likely contains protein sequences
Alignment has 829 sequences with 2647 columns, 1635 distinct patterns
779 parsimony-informative, 565 singleton sites, 1303 constant sites
                                                         Gap/Ambiguity  Composition  p-value
Analyzing sequences: done in 0.0118861 secs using 50.96% CPU
   1  CYANO150__Gloeobacter__UniRef90_Q7NP59                    88.74%    failed      0.02%
   2  CYANO150__Cyanobacteria__UniRef90_A0A969T0G4              88.70%    failed      0.16%
   3  CYANO150__Cyanophyceae__UniRef90_A0A2W7ARY7               88.78%    failed      0.47%
   4  CYANO150__unclassified__UniRef90_A0A969FEC7               88.78%    failed      0.00%
   5  CYANO150__Leptolyngbya__UniRef90_A0A925M2S9               88.78%    failed      0.05%
   6  CYANO150__Phormidesmis__UniRef90_UPI000A475A3D            88.74%    failed      0.11%
   7  CYANO150__Chamaesiphon__UniRef90_UPI0035946169            86.14%    failed      0.00%
   8  CYANO150__Chamaesiphon__UniRef90_UPI003592F9D2            88.52%    failed      0.35%
   9  CYANO150__Chamaesiphon__UniRef90_UPI0035935AE6            90.59%    passed      8.99%
  10  CYANO150__Leptolyngbya__UniRef90_U9W0I1                   89.35%    failed      0.01%
  11  CYANO150__Cyanophyceae__UniRef90_A0A8J7JTD9               89.84%    failed      0.07%
  12  CYANO150__Halomicronema__UniRef90_UPI0021030F7B           89.38%    failed      4.06%
  13  CYANO150__Cyanophyceae__UniRef90_A0A4Q7E4T5               89.38%    failed      0.68%
  14  CYANO150__Leptolyngbyaceae__UniRef90_K8GTY7               90.10%    failed      0.04%
  15  CYANO150__Halothece__UniRef90_K9YEI2                      89.38%    failed      0.63%
  16  CYANO150__Leptolyngbya__UniRef90_A0A6H2NHV9               89.57%    failed      1.23%
  17  CYANO150__Symploca__UniRef90_A0A845YHD9                   89.99%    failed      0.42%
  18  CYANO150__Deinococcus__UniRef90_A0A172TD44                89.23%    failed      0.00%
  19  CYANO150__Deinococcus__UniRef90_A0A918CFF3                88.93%    failed      0.12%
  20  CYANO150__Deinococcus__UniRef90_A0A917PC33                88.86%    failed      0.29%
  21  CYANO150__Deinococcus__UniRef90_UPI0025F8D0E5             90.22%    failed      1.60%
  22  CYANO150__Allomeiothermus__UniRef90_UPI0023F38943         90.25%    failed      0.19%
  23  CYANO150__Bdellovibrio__UniRef90_A0A924B300               90.44%    failed      4.59%
  24  CYANO150__Trueperaceae__UniRef90_A0A5Q4G3V2               90.03%    failed      0.02%
  25  CYANO150__Myxococcales__UniRef90_A0A2E7ZR97               90.14%    failed      2.01%
  26  CYANO150__Thermaceae__UniRef90_A0A931EK09                 90.10%    failed      0.09%
  27  CYANO150__Oligoflexia__UniRef90_A0A923U6H7                90.37%    failed      4.66%
  28  CYANO150__Deinococcus__UniRef90_UPI002869BBA0             88.70%    failed      0.03%
  29  CYANO150__Bacteroidota__UniRef90_A0A3M2FMH9               90.18%    failed      4.27%
  30  CYANO150__Rhodothermales__UniRef90_A0A9D8YSH6             90.14%    failed      1.04%
  31  CYANO150__Pseudobdellovibrionaceae__UniRef90_A0A924ZXQ0   90.44%    passed     17.28%
  32  CYANO150__Deinococcus__UniRef90_A0A2K3UTP4                89.23%    failed      0.16%
  33  CYANO150__Deinococcus__UniRef90_UPI0031F05F27             88.70%    failed      0.18%
  34  CYANO150__Bdellovibrio__UniRef90_A0A923V7B8               90.44%    passed     13.27%
  35  CYANO150__filamentous__UniRef90_A0A2P8WHZ5                91.69%    failed      1.53%
  36  CYANO150__Gracilibacteria__UniRef90_A0A968T6V2            89.27%    failed      0.00%
  37  CYANO150__Deinococcus__UniRef90_UPI001C63F925             91.16%    failed      0.56%
  38  CYANO150__Deltaproteobacteria__UniRef90_A0A2D4SQ06        90.10%    passed      9.02%
  39  CYANO150__Deinococcus__UniRef90_A0A1U7NV99                88.48%    failed      0.71%
  40  CYANO150__unclassified__UniRef90_A5UXH7                   90.22%    failed      0.08%
  41  CYANO150__Oligoflexia__UniRef90_A0A924SSG2                90.33%    failed      2.17%
  42  CYANO150__unclassified__UniRef90_UPI001E3E6221            88.70%    failed      0.77%
  43  CYANO150__Deltaproteobacteria__UniRef90_A0A2E7UR14        90.10%    failed      1.49%
  44  CYANO150__Roseiflexaceae__UniRef90_A0A926CB40             90.22%    failed      0.02%
  45  CYANO150__Candidatus__UniRef90_A0A923XRS8                 90.29%    passed     14.04%
  46  CYANO150__Chloroflexota__UniRef90_A0A6L9IXQ0              90.03%    failed      0.12%
  47  CYANO150__Chloroflexota__UniRef90_A0A8T7L1S3              89.80%    failed      0.00%
  48  CYANO150__Meiothermus__UniRef90_UPI0005667CA7             89.84%    failed      0.51%
  49  CYANO150__Meiothermus__UniRef90_A0A370JXE9                89.80%    failed      0.07%
  50  CYANO150__Salisaeta__UniRef90_UPI0003B640DC               89.95%    failed      1.82%
  51  CYANO150__Meiothermus__UniRef90_UPI000408B316             89.84%    failed      0.07%
  52  CYANO150__Williamsia__UniRef90_UPI001BDAAC7A              89.72%    failed      2.11%
  53  CYANO150__Deinococcales__UniRef90_A0A924RR09              89.12%    failed      0.17%
  54  CYANO150__Frankiaceae__UniRef90_A0A924NNI9                89.80%    passed      6.54%
  55  CYANO150__Ilumatobacteraceae__UniRef90_A0A973H857         89.76%    failed      0.88%
  56  CYANO150__Meiothermus__UniRef90_UPI00307DDE32             89.84%    failed      0.29%
  57  CYANO150__Frankiaceae__UniRef90_A0A924NQ99                89.61%    passed      9.22%
  58  CYANO150__Armatimonadota__UniRef90_A0A926BAJ6             89.95%    failed      3.37%
  59  CYANO150__Actinomycetes__UniRef90_A0A3C1P5D0              89.54%    failed      1.86%
  60  CYANO150__Actinotalea__UniRef90_A0A021VV84                89.50%    failed      0.12%
  61  CYANO150__Halalkalibaculum__UniRef90_A0A6M1SYC8           90.18%    failed      3.10%
  62  CYANO150__Calditrichota__UniRef90_A0A958E829              89.61%    failed      1.94%
  63  CYANO150__Bacteria__UniRef90_A0A977XLG0                   90.33%    failed      0.29%
  64  CYANO150__Armatimonadota__UniRef90_A0A926BQ30             89.46%    failed      2.38%
  65  CYANO150__Nocardioides__UniRef90_UPI0031D37B4F            89.57%    failed      1.05%
  66  CYANO150__Williamsia__UniRef90_UPI0020A3348B              89.76%    failed      2.40%
  67  CYANO150__uncultured__UniRef90_UPI0035CB696C              89.31%    failed      0.01%
  68  CYANO150__Deltaproteobacteria__UniRef90_A0A938QS95        90.29%    failed      0.03%
  69  CYANO150__Actinomycetes__UniRef90_A0A7K0P1B6              89.69%    failed      1.37%
  70  CYANO150__Longibacter__UniRef90_A0A2A8D2B5                89.69%    failed      2.60%
  71  CYANO150__Microbacteriaceae__UniRef90_A0A924CUM7          89.08%    failed      0.67%
  72  CYANO150__bacterium__UniRef90_A0A969PXR2                  90.18%    failed      0.61%
  73  CYANO150__Mycolicibacterium__UniRef90_UPI001A280E7A       89.31%    failed      0.03%
  74  CYANO150__Anaerolineae__UniRef90_A0A925E260               89.95%    failed      3.25%
  75  CYANO150__Sphingomonas__UniRef90_UPI00216411C4            90.40%    passed      8.71%
  76  CYANO150__Aeromicrobium__UniRef90_A0A924GH09              89.88%    failed      0.17%
  77  CYANO150__Sphingomonadales__UniRef90_A0A502FTC3           90.37%    failed      0.41%
  78  CYANO150__Chloroflexota__UniRef90_A0A3L7VYY9              90.33%    failed      3.02%
  79  CYANO150__unclassified__UniRef90_A0A7G8VYU8               90.56%    failed      0.52%
  80  CYANO150__Nocardioides__UniRef90_A0A0Q9PU23               89.69%    failed      0.00%
  81  CYANO150__Sphingomonadales__UniRef90_A0A426RPW8           90.44%    passed     15.72%
  82  CYANO150__Marisediminicola__UniRef90_A0A7L5AK79           89.65%    failed      0.14%
  83  CYANO150__Williamsia__UniRef90_UPI0016668F42              89.50%    failed      4.35%
  84  CYANO150__Ramlibacter__UniRef90_A0A923XFD9                90.56%    failed      0.94%
  85  CYANO150__Nocardioides__UniRef90_A0A0S9QCK3               89.35%    failed      0.00%
  86  CYANO150__Armatimonadota__UniRef90_A0A924Y846             89.72%    passed     10.96%
  87  CYANO150__Rhodococcus__UniRef90_UPI00223C9C6A             89.61%    failed      4.58%
  88  CYANO150__Goekera__UniRef90_A0A7K3WHF5                    88.33%    failed      0.12%
  89  CYANO150__Armatimonadota__UniRef90_A0A926AH54             89.88%    failed      0.52%
  90  CYANO150__Cryobacterium__UniRef90_A0A5R1NKQ6              89.46%    failed      0.09%
  91  CYANO150__Cryobacterium__UniRef90_A0A4V3IV66              88.97%    failed      0.00%
  92  CYANO150__Ilumatobacter__UniRef90_UPI0026349BF9           89.61%    failed      0.02%
  93  CYANO150__Actinomycetota__UniRef90_A0A4P5SJD2             89.61%    failed      2.50%
  94  CYANO150__Bacteroidota__UniRef90_A0A2T4XL02               90.33%    failed      0.93%
  95  CYANO150__Rhodoferax__UniRef90_A0A924PWN9                 90.67%    passed     17.23%
  96  CYANO150__Novosphingobium__UniRef90_UPI00260007B9         90.18%    failed      0.67%
  97  CYANO150__Nocardioides__UniRef90_UPI001CC7EDCB            89.72%    failed      0.49%
  98  CYANO150__Sphingomonas__UniRef90_UPI0015771C83            90.48%    failed      0.75%
  99  CYANO150__Sphingorhabdus__UniRef90_A0A6I4M6C6             90.44%    passed     11.79%
 100  CYANO150__Nocardioides__UniRef90_UPI00286D3F2D            89.80%    failed      0.16%
 101  CYANO150__Mycolicibacterium__UniRef90_UPI001A19B12E       89.72%    passed      6.57%
 102  CYANO150__Bacteroidota/Chlorobiota__UniRef90_A0A2T2UNC8   89.46%    failed      1.84%
 103  CYANO150__Polymorphobacter__UniRef90_UPI001C1E708F        90.22%    failed      4.55%
 104  CYANO150__Pseudonocardia__UniRef90_A0A1Q4DHI1             89.35%    failed      0.01%
 105  CYANO150__Novosphingobium__UniRef90_UPI00286A501F         90.44%    failed      2.25%
 106  CYANO150__Chloroflexota__UniRef90_A0A8T6P5N0              89.88%    failed      0.41%
 107  CYANO150__Ilumatobacter__UniRef90_A0A945NTW3              90.03%    failed      3.21%
 108  CYANO150__Chloroflexota__UniRef90_A0A8T6NY40              89.99%    failed      0.16%
 109  CYANO150__Actinomycetota__UniRef90_A0A972XLD2             89.54%    failed      4.95%
 110  CYANO150__Chloroflexota__UniRef90_A0A8T7K4U3              90.18%    failed      0.23%
 111  CYANO150__Novosphingopyxis__UniRef90_UPI0003B5F996        89.35%    failed      0.03%
 112  CYANO150__Ilumatobacter__UniRef90_A0A945IRF6              89.72%    failed      0.35%
 113  CYANO150__Aquipuribacter__UniRef90_UPI0030EFA4BC          88.78%    failed      0.00%
 114  CYANO150__Actinomycetota__UniRef90_A0A6I2XY17             89.54%    failed      3.54%
 115  CYANO150__Rhodoferax__UniRef90_A0A924NT25                 90.67%    failed      1.31%
 116  CYANO150__Sandarakinorhabdus__UniRef90_UPI00286D8C23      90.25%    failed      1.31%
 117  CYANO150__Euzebya__UniRef90_UPI00196AFC51                 89.84%    failed      0.04%
 118  CYANO150__Wenzhouxiangella__UniRef90_A0A5Q4GMP1           90.52%    failed      1.26%
 119  CYANO150__Clavibacter__UniRef90_UPI0026DDB336             89.61%    failed      0.35%
 120  CYANO150__Actinomycetes__UniRef90_A0A7K0KLA6              87.91%    failed      0.70%
 121  CYANO150__uncultured__UniRef90_UPI0035CA0ED2              90.37%    failed      0.51%
 122  CYANO150__Rhodohalobacter__UniRef90_UPI001EDA905F         90.22%    failed      1.31%
 123  CYANO150__Sphingomonadaceae__UniRef90_UPI001669FD14       90.18%    failed      1.29%
 124  CYANO150__Chloroflexota__UniRef90_A0A4P5V1B0              90.74%    passed     11.71%
 125  CYANO150__Nocardioides__UniRef90_A0A7Y9ULE6               89.46%    failed      0.02%
 126  CYANO150__Nocardioides__UniRef90_UPI00286D77D7            89.69%    failed      0.09%
 127  CYANO150__Salinibacter__UniRef90_Q2S2F8                   89.69%    failed      3.21%
 128  CYANO150__Pyrinomonas__UniRef90_UPI00333052B4             90.37%    failed      0.18%
 129  CYANO150__Mycolicibacterium__UniRef90_UPI0010C0A09F       88.86%    failed      0.04%
 130  CYANO150__Mycolicibacterium__UniRef90_A0AA37RQW6          89.23%    failed      0.02%
 131  CYANO150__Sphingomonadaceae__UniRef90_A0A502C9V7          90.29%    failed      2.28%
 132  CYANO150__unclassified__UniRef90_UPI001CEFCFBB            90.63%    failed      0.35%
 133  CYANO150__Actinomycetes__UniRef90_A0A6I2XYV7              89.72%    failed      4.04%
 134  CYANO150__Balneolaceae__UniRef90_A0A2D8CE81               90.03%    failed      4.86%
 135  CYANO150__Polymorphobacter__UniRef90_A0A917A1R5           90.37%    failed      0.53%
 136  CYANO150__Sphingomonas__UniRef90_A0A7W9BTJ3               90.29%    failed      1.11%
 137  CYANO150__Actinomycetota__UniRef90_A0A965K6Y6             90.29%    failed      2.45%
 138  CYANO150__Sphingomonas__UniRef90_UPI002ED986C3            90.37%    failed      0.12%
 139  CYANO150__Sphingomonadaceae__UniRef90_A0A924C2L6          90.22%    failed      1.69%
 140  CYANO150__Sphingomonas__UniRef90_UPI00166A20D4            90.33%    failed      1.38%
 141  CYANO150__Mycolicibacterium__UniRef90_UPI001F1CAB3C       88.93%    failed      2.32%
 142  CYANO150__Mycobacterium__UniRef90_A0A0T1WJZ0              89.23%    failed      0.18%
 143  CYANO150__Novosphingobium__UniRef90_UPI0025FC40A3         90.44%    failed      2.97%
 144  CYANO150__Sphingomonas__UniRef90_UPI00286D4F82            90.29%    failed      0.87%
 145  CYANO150__Actinomycetota__UniRef90_A0A938J199             89.88%    failed      1.84%
 146  CYANO150__Cryobacterium__UniRef90_A0A7W8ZXB5              89.38%    failed      1.25%
 147  CyR_Phormidesmis                                          90.63%    passed      9.06%
 148  CyR_Tolypothrix                                           90.48%    failed      4.32%
 149  CyR_Calothrix                                             90.67%    passed     31.56%
 150  CyHR_Mastigocladopsis                                     91.24%    passed     19.63%
 151  CyHR_Synechocystis                                        91.16%    passed     14.39%
 152  BR_Halobacterium                                          90.10%    failed      0.36%
 153  XeR_Nostoc                                                90.14%    passed     53.30%
 154  PR_proteobacterium                                        90.59%    failed      3.49%
 155  XLR_Gloeobacter                                           88.74%    failed      0.02%
 156  Br__Chromera__UR50_A0A0G4G5F3                             69.70%    failed      0.00%
 157  Br__Vitrella__UR50_A0A0G4FEK1                             86.06%    failed      0.00%
 158  Br__cellular__UR50_S0ELR6                                 88.40%    passed      6.72%
 159  Br__Tremellales__UR50_A0A5M6C708                          87.46%    failed      0.02%
 160  Br__leotiomyceta__UR50_M2MME4                             88.33%    passed     34.90%
 161  Br__Daldinia__UR50_UPI00200731EA                          88.18%    passed     13.93%
 162  Br__Archaea__UR50_P69051                                  90.18%    failed      0.00%
 163  Br__Haloplanus__UR50_A0A368NBE5                           88.74%    failed      0.00%
 164  Br__Bacteria__UR50_A0A0D8ZW42                             91.08%    passed     48.80%
 165  Br__Halobacteria__UR50_Q53496                             90.37%    failed      0.02%
 166  Br__Archaea__UR50_P94854                                  90.56%    failed      0.01%
 167  Br__Archaea__UR50_P02945                                  90.10%    failed      0.36%
 168  Br__Halobacteriales__UR50_A0A2R6DJW3                      90.10%    failed      0.00%
 169  Br__Cyanobacteriota__UR50_A0A252D874                      90.67%    passed     33.83%
 170  Br__Cryptomonadales__UR50_A0A7S1DWA7                      90.25%    failed      3.37%
 171  Br__Halohasta__UR50_UPI0020A34ABF                         90.29%    failed      0.00%
 172  Br__unclassified__UR50_A0A2R6GG49                         90.44%    failed      0.00%
 173  Br__Haloarculaceae__UR50_A0A3P3RCT8                       90.44%    failed      0.00%
 174  Br__Halobacteriales__UR50_A0A2R6JL35                      90.48%    failed      0.00%
 175  Br__Tetraselmis__UR50_A0A061RSZ0                          90.48%    failed      1.00%
 176  Br__Haloplanus__UR50_A0A6B9F3Z3                           90.59%    failed      0.00%
 177  Br__Truepera__UR50_A0A6J4UQD4                             90.74%    failed      0.17%
 178  Br__Halorutilus__UR50_A0A9Q4C304                          90.59%    failed      0.00%
 179  Br__Hemiselmis__UR50_A0A6T8IZ18                           90.63%    failed      3.86%
 180  Br__Rubricoccaceae__UR50_A0A271IU12                       90.74%    failed      0.08%
 181  Br__Haloquadratum__UR50_Q18DH5                            90.71%    failed      0.01%
 182  Br__Halobacteria__UR50_U1R2U7                             90.71%    failed      0.09%
 183  Br__Deinococcus__UR50_UPI00220D8E58                       90.74%    failed      0.01%
 184  Br__cellular__UR50_A0A7R9U5N0                             90.78%    failed      0.47%
 185  Br__Cyanobacteriota__UR50_A0A9X9ZA75                      91.16%    passed     14.39%
 186  Br__Rubrobacteraceae__UR50_Q1AUE6                         90.97%    failed      0.00%
 187  Br__Tetraselmis__UR50_A0A061S8L7                          90.93%    failed      2.75%
 188  Br__Actinomycetota__UR50_A0A938EPH0                       91.05%    failed      0.22%
 189  Br__Dictyobacter__UR50_A0A402ATH3                         91.05%    failed      0.00%
 190  Br__Gammaproteobacteria__UR50_A0A2R8CJ36                  91.42%    failed      2.86%
 191  Br__Halovenus__UR50_A0A6B0T5F9                            91.20%    failed      0.00%
 192  Br__Halorutilus__UR50_A0A9Q4C3E6                          91.24%    failed      0.00%
 193  Br__Pseudanabaenaceae__UR50_A0A928YZN9                    92.56%    failed      0.10%
 194  Br__Halobacterium__UR50_UPI0000110B77                     92.60%    failed      0.22%
 195  Br__Hemiselmis__UR50_A0A7S0TWK7                           92.82%    failed      2.76%
 196  Br__halophilic__UR50_U1R431                               92.97%    failed      1.05%
 197  Br__cellular__UR50_U5TVL7                                 94.52%    failed      0.03%
 198  Br__cellular__UR50_U5TY47                                 94.79%    failed      0.05%
 199  Br__Uncultured__UR50_I1X8Q4                               95.09%    passed     15.44%
 200  Br__Uncultured__UR50_I1X8N9                               95.13%    passed      6.83%
 201  Br__Halobacteria__UR50_W0FWY1                             95.13%    failed      1.75%
 202  Br__uncultured__UR50_D9MWK9                               95.13%    passed      6.80%
 203  Br__uncultured__UR50_A0A0S1WDR5                           95.35%    failed      0.09%
 204  Br__uncultured__UR50_A0A0S1WEI0                           95.35%    failed      0.97%
 205  Br__Halorubrum__UR50_A0A4U7EYP1                           96.07%    passed     26.83%
 206  Cyhr__Monilinia__UR50_A0A5N6KJ15                          82.24%    failed      0.00%
 207  Cyhr__Phialophora__UR50_A0A0D2FVJ8                        84.21%    failed      3.92%
 208  Cyhr__Alphaproteobacteria__UR50_A0A7V7TUE7                87.27%    failed      0.72%
 209  Cyhr__Sphingomonas__UR50_A0A2A2SBC3                       87.46%    failed      0.00%
 210  Cyhr__Erysiphaceae__UR50_A0A0B1P8N0                       89.65%    passed     18.49%
 211  Cyhr__Bacteria__UR50_A0A1G1STR4                           91.16%    passed     18.96%
 212  Cyhr__Archaea__UR50_P69051                                90.18%    failed      0.00%
 213  Cyhr__Haloplanus__UR50_A0A368NBE5                         88.74%    failed      0.00%
 214  Cyhr__Bacteria__UR50_A0A0D8ZW42                           91.08%    passed     48.80%
 215  Cyhr__Exobasidiomycetes__UR50_A0A316VHF9                  89.08%    failed      0.56%
 216  Cyhr__viral__UR50_A0A6C0APG5                              89.42%    passed     12.40%
 217  Cyhr__Halobacteria__UR50_Q53496                           90.37%    failed      0.02%
 218  Cyhr__Ktedonobacterales__UR50_D6U1J0                      90.86%    passed      7.79%
 219  Cyhr__Terrabacteria__UR50_A0A0P7YZ09                      90.78%    failed      2.08%
 220  Cyhr__Archaea__UR50_P94854                                90.56%    failed      0.01%
 221  Cyhr__Taphrinales__UR50_R4XKS9                            89.80%    passed     19.04%
 222  Cyhr__Cryptophyceae__UR50_L1JTW1                          90.10%    failed      0.05%
 223  Cyhr__Archaea__UR50_P02945                                90.10%    failed      0.36%
 224  Cyhr__Alphaproteobacteria__UR50_A0A5B2VFD4                90.06%    failed      0.03%
 225  Cyhr__Halobacteria__UR50_A0A125T1B2                       90.33%    failed      0.00%
 226  Cyhr__Halobacteriales__UR50_A0A2R6DJW3                    90.10%    failed      0.00%
 227  Cyhr__root__UR50_A0A938EDB5                               91.01%    failed      0.13%
 228  Cyhr__Sphingomonas__UR50_UPI0015775044                    90.18%    failed      4.10%
 229  Cyhr__Cyanobacteriota__UR50_A0A2W4UKV5                    90.22%    passed     56.77%
 230  Cyhr__Cyanobacteriota__UR50_A0A252D874                    90.67%    passed     33.83%
 231  Cyhr__Cryptomonadales__UR50_A0A7S1DWA7                    90.25%    failed      3.37%
 232  Cyhr__Nodosilinea__UR50_UPI00293DA23B                     90.33%    passed     23.75%
 233  Cyhr__Bacteroidota__UR50_A0A1P9WTB2                       90.37%    failed      0.15%
 234  Cyhr__unclassified__UR50_A0A2R6GG49                       90.44%    failed      0.00%
 235  Cyhr__Bacteria__UR50_A0A966QHT7                           90.48%    failed      0.02%
 236  Cyhr__Truepera__UR50_A0A6J4UQD4                           90.74%    failed      0.17%
 237  Cyhr__Halorutilus__UR50_A0A9Q4C304                        90.59%    failed      0.00%
 238  Cyhr__Halobacteria__UR50_P42196                           90.97%    failed      0.00%
 239  Cyhr__Haloplanus__UR50_A0A6B9FAL0                         90.71%    failed      0.00%
 240  Cyhr__Halobellus__UR50_A0A498G7H5                         90.67%    failed      0.00%
 241  Cyhr__Gloeobacterales__UR50_A0A925XUD8                    90.67%    failed      0.03%
 242  Cyhr__Rubricoccaceae__UR50_A0A271IU12                     90.74%    failed      0.08%
 243  Cyhr__Haloquadratum__UR50_Q18DH5                          90.71%    failed      0.01%
 244  Cyhr__Halobacteria__UR50_U1R2U7                           90.71%    failed      0.09%
 245  Cyhr__Halohasta__UR50_A0A1H6WB68                          90.71%    failed      0.00%
 246  Cyhr__Haloferacales__UR50_U1P7Y5                          90.78%    failed      0.11%
 247  Cyhr__Deinococcus__UR50_UPI00220D8E58                     90.74%    failed      0.01%
 248  Cyhr__Halobacteria__UR50_A0A6G3ZG40                       90.82%    failed      0.00%
 249  Cyhr__Cyanobacteriota__UR50_A0A9X9ZA75                    91.16%    passed     14.39%
 250  Cyhr__Rubrobacteraceae__UR50_Q1AUE6                       90.97%    failed      0.00%
 251  Cyhr__Bacteria__UR50_A0A072NB13                           90.90%    failed      0.40%
 252  Cyhr__Tetraselmis__UR50_A0A061S8L7                        90.93%    failed      2.75%
 253  Cyhr__Actinomycetota__UR50_A0A938EPH0                     91.05%    failed      0.22%
 254  Cyhr__Lichenibacterium__UR50_A0A4Q2RG75                   91.05%    passed     19.69%
 255  Cyhr__Dictyobacter__UR50_A0A402ATH3                       91.05%    failed      0.00%
 256  Cyhr__Gammaproteobacteria__UR50_A0A2R8CJ36                91.42%    failed      2.86%
 257  Cyhr__Alphaproteobacteria__UR50_A0A0P0YG33                91.08%    failed      0.76%
 258  Cyhr__Halovenus__UR50_A0A6B0T5F9                          91.20%    failed      0.00%
 259  Cyhr__unclassified__UR50_A0A2H2Y0M0                       91.20%    passed     20.49%
 260  Cyhr__Halorutilus__UR50_A0A9Q4C3E6                        91.24%    failed      0.00%
 261  Cyhr__Pseudanabaenaceae__UR50_A0A928YZN9                  92.56%    failed      0.10%
 262  Cyhr__Halobacterium__UR50_UPI0000110B77                   92.60%    failed      0.22%
 263  Cyhr__halophilic__UR50_U1R431                             92.97%    failed      1.05%
 264  Cyhr__Oculatella__UR50_A0A8J6T594                         93.09%    failed      4.25%
 265  Cyhr__Bacteria__UR50_A0A7Y3TUC4                           94.94%    passed     15.00%
 266  Cyhr__Actinomycetota__UR50_A0A9D8D7T8                     94.41%    failed      0.15%
 267  Cyhr__Nostocales__UR50_UPI00192D4A90                      95.24%    passed     44.62%
 268  Cyhr__Bacteria__UR50_A0A7Y3TU60                           95.77%    passed     94.75%
 269  Cyhr__Cyanophyceae__UR50_A0A139X2U3                       97.43%    passed     70.40%
 270  Cyr__Stachybotrys__UR50_A0A084B629                        69.85%    failed      0.00%
 271  Cyr__Xylaria__UR50_A0A553HJD1                             75.82%    failed      0.16%
 272  Cyr__Aureobasidium__UR50_A0A4T0DVF0                       79.15%    failed      0.00%
 273  Cyr__Monilinia__UR50_A0A5N6KJ15                           82.24%    failed      0.00%
 274  Cyr__Phialophora__UR50_A0A0D2FVJ8                         84.21%    failed      3.92%
 275  Cyr__leotiomyceta__UR50_A0A6A6BBW8                        87.87%    failed      0.63%
 276  Cyr__Vitrella__UR50_A0A0G4FEK1                            86.06%    failed      0.00%
 277  Cyr__Trebouxiophyceae__UR50_I0YUS5                        88.52%    failed      0.04%
 278  Cyr__Alphaproteobacteria__UR50_A0A7V7TUE7                 87.27%    failed      0.72%
 279  Cyr__Sphingomonas__UR50_A0A2A2SBC3                        87.46%    failed      0.00%
 280  Cyr__Mixia__UR50_G7DX39                                   87.80%    passed     65.19%
 281  Cyr__Erysiphaceae__UR50_A0A0B1P8N0                        89.65%    passed     18.49%
 282  Cyr__Dothideomycetes__UR50_N1Q8M8                         88.70%    failed      0.60%
 283  Cyr__Pleosporomycetidae__UR50_A0A1Y1YWQ8                  88.63%    passed      9.55%
 284  Cyr__Cryptophyceae__UR50_A0A6T8GGP0                       89.04%    passed     16.15%
 285  Cyr__Archaea__UR50_P69051                                 90.18%    failed      0.00%
 286  Cyr__Haloplanus__UR50_A0A368NBE5                          88.74%    failed      0.00%
 287  Cyr__Bacteria__UR50_A0A0D8ZW42                            91.08%    passed     48.80%
 288  Cyr__Pucciniales__UR50_F4S3M3                             89.16%    failed      0.31%
 289  Cyr__Alphaproteobacteria__UR50_A0A502GBB7                 89.88%    failed      0.06%
 290  Cyr__Halobacteria__UR50_Q53496                            90.37%    failed      0.02%
 291  Cyr__Ktedonobacterales__UR50_D6U1J0                       90.86%    passed      7.79%
 292  Cyr__Archaea__UR50_P94854                                 90.56%    failed      0.01%
 293  Cyr__Taphrinales__UR50_R4XKS9                             89.80%    passed     19.04%
 294  Cyr__Klebsormidium__UR50_A0A1Y1HL70                       89.72%    passed     29.31%
 295  Cyr__Cryptophyceae__UR50_L1JTW1                           90.10%    failed      0.05%
 296  Cyr__Archaea__UR50_P02945                                 90.10%    failed      0.36%
 297  Cyr__Rubrobacter__UR50_UPI0009FD7C88                      89.99%    failed      0.00%
 298  Cyr__Alphaproteobacteria__UR50_A0A5B2VFD4                 90.06%    failed      0.03%
 299  Cyr__Halobacteria__UR50_A0A125T1B2                        90.33%    failed      0.00%
 300  Cyr__Halobacteriales__UR50_A0A2R6DJW3                     90.10%    failed      0.00%
 301  Cyr__Cyanobacteriota__UR50_A0A2W4UKV5                     90.22%    passed     56.77%
 302  Cyr__Cyanobacteriota__UR50_A0A252D874                     90.67%    passed     33.83%
 303  Cyr__Cryptomonadales__UR50_A0A7S1DWA7                     90.25%    failed      3.37%
 304  Cyr__Nodosilinea__UR50_UPI00293DA23B                      90.33%    passed     23.75%
 305  Cyr__Cryptophyceae__UR50_L1J8F1                           90.86%    failed      0.06%
 306  Cyr__Bacteria__UR50_A0A966QHT7                            90.48%    failed      0.02%
 307  Cyr__Haloplanus__UR50_A0A6B9F3Z3                          90.59%    failed      0.00%
 308  Cyr__Truepera__UR50_A0A6J4UQD4                            90.74%    failed      0.17%
 309  Cyr__Halorutilus__UR50_A0A9Q4C304                         90.59%    failed      0.00%
 310  Cyr__Halobacteria__UR50_P42196                            90.97%    failed      0.00%
 311  Cyr__Hemiselmis__UR50_A0A6T8IZ18                          90.63%    failed      3.86%
 312  Cyr__Gloeobacterales__UR50_A0A925XUD8                     90.67%    failed      0.03%
 313  Cyr__Terrabacteria__UR50_A0A1L3MLR8                       91.31%    failed      0.46%
 314  Cyr__Rubricoccaceae__UR50_A0A271IU12                      90.74%    failed      0.08%
 315  Cyr__Haloquadratum__UR50_Q18DH5                           90.71%    failed      0.01%
 316  Cyr__Halobacteria__UR50_U1R2U7                            90.71%    failed      0.09%
 317  Cyr__Deinococcus__UR50_UPI00220D8E58                      90.74%    failed      0.01%
 318  Cyr__Candidatus__UR50_A0A924HUX2                          90.78%    passed      6.39%
 319  Cyr__Bacteroidota/Chlorobiota__UR50_A0A259U1H3            91.20%    failed      0.24%
 320  Cyr__Halobacteria__UR50_A0A6G3ZG40                        90.82%    failed      0.00%
 321  Cyr__Candidatus__UR50_A0A924E4Y5                          90.82%    failed      1.11%
 322  Cyr__Cyanobacteriota__UR50_A0A9X9ZA75                     91.16%    passed     14.39%
 323  Cyr__Rubrobacteraceae__UR50_Q1AUE6                        90.97%    failed      0.00%
 324  Cyr__Tetraselmis__UR50_A0A061S8L7                         90.93%    failed      2.75%
 325  Cyr__Candidatus__UR50_A0A924CI60                          90.93%    failed      2.33%
 326  Cyr__Halapricum__UR50_A0A897NL32                          91.05%    failed      0.01%
 327  Cyr__Actinomycetota__UR50_A0A938EPH0                      91.05%    failed      0.22%
 328  Cyr__Lichenibacterium__UR50_A0A4Q2RG75                    91.05%    passed     19.69%
 329  Cyr__Dictyobacter__UR50_A0A402ATH3                        91.05%    failed      0.00%
 330  Cyr__Gammaproteobacteria__UR50_A0A2R8CJ36                 91.42%    failed      2.86%
 331  Cyr__Bacillota__UR50_A0A6I0FE40                           91.24%    failed      0.01%
 332  Cyr__unclassified__UR50_A0A2H2Y0M0                        91.20%    passed     20.49%
 333  Cyr__Halorutilus__UR50_A0A9Q4C3E6                         91.24%    failed      0.00%
 334  Cyr__Pseudanabaenaceae__UR50_A0A928YZN9                   92.56%    failed      0.10%
 335  Cyr__Terrabacteria__UR50_A0A3R9M9T5                       93.46%    failed      1.29%
 336  Cyr__Halobacterium__UR50_UPI0000110B77                    92.60%    failed      0.22%
 337  Cyr__halophilic__UR50_U1R431                              92.97%    failed      1.05%
 338  Cyr__Oculatella__UR50_A0A8J6T594                          93.09%    failed      4.25%
 339  Cyr__Truepera__UR50_D7CXV3                                93.43%    passed     32.06%
 340  Cyr__cellular__UR50_U5TVL7                                94.52%    failed      0.03%
 341  Cyr__Actinomycetota__UR50_A0A9D8D7T8                      94.41%    failed      0.15%
 342  Cyr__cellular__UR50_U5TY47                                94.79%    failed      0.05%
 343  Pr__Amoebophrya__UR50_A0A8J2EIM1                          59.73%    failed      0.00%
 344  Pr__Amoebophrya__UR50_A0A8J2BIV1                          72.57%    failed      0.00%
 345  Pr__Amoebophrya__UR50_A0A8J2AJI1                          77.86%    failed      0.00%
 346  Pr__Amoebophrya__UR50_A0A8J2FIQ1                          78.24%    failed      0.00%
 347  Pr__Amoebophrya__UR50_A0A8J2B494                          78.50%    failed      0.00%
 348  Pr__Amoebophrya__UR50_A0A8J2B126                          81.00%    failed      0.00%
 349  Pr__Amoebophrya__UR50_A0A8J1ZYC7                          83.00%    failed      0.13%
 350  Pr__unclassified__UR50_A0A8J2F610                         84.96%    failed      0.60%
 351  Pr__Amoebophrya__UR50_A0A8J2AET9                          86.97%    failed      4.66%
 352  Pr__unclassified__UR50_A0A8J2AJK3                         89.04%    passed     33.53%
 353  Pr__root__UR50_Q6J4G7                                     90.56%    failed      2.88%
 354  Pr__root__UR50_A0A2D9XFY8                                 90.25%    failed      0.13%
 355  Pr__PVC__UR50_A0A2A2Q7A6                                  88.67%    passed     52.44%
 356  Pr__Amoebophrya__UR50_A0A8J2BL17                          88.93%    passed      9.61%
 357  Pr__root__UR50_A0A1L2YWB0                                 90.56%    failed      0.30%
 358  Pr__root__UR50_A0A2E3ZFL2                                 89.91%    failed      1.11%
 359  Pr__Bacillales__UR50_B1YFV8                               90.48%    failed      2.72%
 360  Pr__Verrucomicrobiota__UR50_A0A355S5S5                    90.78%    failed      0.14%
 361  Pr__root__UR50_A0A0R2UEA1                                 90.63%    failed      1.44%
 362  Pr__root__UR50_A0A916YX99                                 90.56%    failed      2.04%
 363  Pr__Hymenobacter__UR50_A0A4Z0PQC2                         89.95%    failed      1.74%
 364  Pr__root__UR50_C0KTK1                                     90.71%    failed      0.66%
 365  Pr__root__UR50_Q9AFF7                                     90.52%    failed      0.14%
 366  Pr__root__UR50_A0A2E9L3M5                                 90.37%    failed      0.00%
 367  Pr__Gammaproteobacteria__UR50_A0A2D7BW64                  90.44%    failed      0.14%
 368  Pr__root__UR50_A0A1Z9SCU5                                 90.97%    failed      0.35%
 369  Pr__Alphaproteobacteria__UR50_A0A2S6S8D0                  90.71%    failed      1.31%
 370  Pr__root__UR50_A0A093W7X4                                 91.35%    passed      8.63%
 371  Pr__root__UR50_A0A2E5KJU8                                 91.27%    failed      0.49%
 372  Pr__root__UR50_A0A920FU87                                 92.82%    failed      1.65%
 373  Pr__Pseudomonadota__UR50_A0A5J6N178                       91.20%    failed      0.67%
 374  Pr__Dehalococcoidia__UR50_A0A2E4TFN6                      91.99%    failed      0.82%
 375  Pr__Candidatus__UR50_A0A328QTJ8                           91.39%    failed      0.01%
 376  Pr__root__UR50_A0A1Z9VEM7                                 91.58%    failed      0.99%
 377  Pr__root__UR50_A0A2D5G8E2                                 94.07%    passed     15.63%
 378  Pr__root__UR50_A0A2E9IIC4                                 92.26%    passed     22.46%
 379  Pr__Bacteroidota__UR50_A0A3B8TP96                         92.26%    failed      2.79%
 380  Pr__root__UR50_B7S3I0                                     93.24%    failed      3.52%
 381  Pr__root__UR50_A0A1Z9IZG4                                 92.44%    failed      0.73%
 382  Pr__Bacteroidota__UR50_A0A923YXG2                         92.63%    passed     10.81%
 383  Pr__Flavobacteriales__UR50_A0A2E1W4H2                     92.52%    failed      0.00%
 384  Pr__root__UR50_A0A1L2YW38                                 92.75%    passed     57.33%
 385  Pr__root__UR50_A0A1L2YW73                                 93.96%    passed     15.77%
 386  Pr__root__UR50_A8QLQ3                                     93.84%    passed     36.80%
 387  Pr__root__UR50_A0A2E1TKR7                                 94.79%    failed      1.43%
 388  Pr__Bacteria__UR50_A1YC49                                 93.92%    passed     24.97%
 389  Pr__Verrucomicrobiales__UR50_A0A2E2HQ20                   94.03%    failed      0.06%
 390  Pr__root__UR50_A0A2D7UAZ4                                 94.98%    passed     23.71%
 391  Pr__Bacteria__UR50_A0A944STQ0                             95.47%    passed     48.78%
 392  Pr__root__UR50_A0A2D6ZW67                                 96.75%    passed      7.97%
 393  Xer__Alphaproteobacteria__UR50_A0A7V7TUE7                 87.27%    failed      0.72%
 394  Xer__Sphingomonas__UR50_A0A2A2SBC3                        87.46%    failed      0.00%
 395  Xer__Methylobacteriaceae__UR50_A0A0C6F7V1                 90.48%    failed      1.10%
 396  Xer__Pseudomonadota__UR50_A0A0Q4L756                      91.05%    failed      0.66%
 397  Xer__Bacteria__UR50_A0A1G1STR4                            91.16%    passed     18.96%
 398  Xer__Archaea__UR50_P69051                                 90.18%    failed      0.00%
 399  Xer__Bacteria__UR50_A0A0D8ZW42                            91.08%    passed     48.80%
 400  Xer__Actinomycetes__UR50_A0A1H6XB79                       91.16%    failed      0.00%
 401  Xer__Alphaproteobacteria__UR50_A0A502GBB7                 89.88%    failed      0.06%
 402  Xer__Halobacteria__UR50_Q53496                            90.37%    failed      0.02%
 403  Xer__Terrabacteria__UR50_A0A0P7YZ09                       90.78%    failed      2.08%
 404  Xer__Hyphomicrobiales__UR50_A0A4Q2U3N5                    89.57%    failed      0.15%
 405  Xer__Archaea__UR50_P94854                                 90.56%    failed      0.01%
 406  Xer__Rubrobacter__UR50_UPI0009FD7C88                      89.99%    failed      0.00%
 407  Xer__Alphaproteobacteria__UR50_A0A5B2VFD4                 90.06%    failed      0.03%
 408  Xer__Halobacteriales__UR50_A0A2R6DJW3                     90.10%    failed      0.00%
 409  Xer__root__UR50_A0A938EDB5                                91.01%    failed      0.13%
 410  Xer__Sphingomonas__UR50_UPI0015775044                     90.18%    failed      4.10%
 411  Xer__Cyanobacteriota__UR50_A0A252D874                     90.67%    passed     33.83%
 412  Xer__Bacteroidota__UR50_A0A1P9WTB2                        90.37%    failed      0.15%
 413  Xer__Bacteria__UR50_A0A271IX38                            91.61%    failed      0.00%
 414  Xer__Bacteria__UR50_A0A966QHT7                            90.48%    failed      0.02%
 415  Xer__Truepera__UR50_A0A6J4UQD4                            90.74%    failed      0.17%
 416  Xer__Micromonosporaceae__UR50_A0A1Q4ZQH2                  91.24%    failed      0.06%
 417  Xer__Gloeobacterales__UR50_A0A925XUD8                     90.67%    failed      0.03%
 418  Xer__Terrabacteria__UR50_A0A1L3MLR8                       91.31%    failed      0.46%
 419  Xer__Halobacteria__UR50_U1R2U7                            90.71%    failed      0.09%
 420  Xer__Deinococcus__UR50_UPI00220D8E58                      90.74%    failed      0.01%
 421  Xer__Candidatus__UR50_A0A924HUX2                          90.78%    passed      6.39%
 422  Xer__Bacteroidota/Chlorobiota__UR50_A0A259U1H3            91.20%    failed      0.24%
 423  Xer__Halobacteria__UR50_A0A6G3ZG40                        90.82%    failed      0.00%
 424  Xer__Candidatus__UR50_A0A924E4Y5                          90.82%    failed      1.11%
 425  Xer__Rubrobacteraceae__UR50_Q1AUE6                        90.97%    failed      0.00%
 426  Xer__Bacteria__UR50_A0A072NB13                            90.90%    failed      0.40%
 427  Xer__Gonapodya__UR50_A0A139AI58                           90.93%    failed      4.04%
 428  Xer__Actinomycetota__UR50_A0A938EPH0                      91.05%    failed      0.22%
 429  Xer__Lichenibacterium__UR50_A0A4Q2RG75                    91.05%    passed     19.69%
 430  Xer__Dictyobacter__UR50_A0A402ATH3                        91.05%    failed      0.00%
 431  Xer__Paeniclostridium__UR50_A0A0C7PQA0                    91.12%    failed      0.00%
 432  Xer__Bacillota__UR50_A0A6I0FE40                           91.24%    failed      0.01%
 433  Xer__unclassified__UR50_A0A2H2Y0M0                        91.20%    passed     20.49%
 434  Xer__Cyanothece__UR50_B8HWV7                              91.20%    failed      0.09%
 435  Xer__Terrabacteria__UR50_A0A3R9M9T5                       93.46%    failed      1.29%
 436  Xer__Oculatella__UR50_A0A8J6T594                          93.09%    failed      4.25%
 437  Xer__Bacteria__UR50_A0A519SK79                            93.24%    passed     34.78%
 438  Xer__Truepera__UR50_D7CXV3                                93.43%    passed     32.06%
 439  Xer__Hymenobacter__UR50_A0A7H0GW45                        94.56%    passed      9.64%
 440  Xer__Fischerella__UR50_UPI0025C16FD1                      94.98%    passed     12.88%
 441  Xer__Deinococcus__UR50_UPI00146FA852                      95.01%    passed     10.15%
 442  Xer__Pontibacter__UR50_A0A923N570                         95.16%    passed     44.83%
 443  Xlr__root__UR50_A0A1E8CRE3                                89.20%    failed      1.84%
 444  Xlr__root__UR50_A0A4P5SJD2                                89.61%    failed      2.50%
 445  Xlr__root__UR50_A0A3G9A0S2                                89.76%    failed      0.65%
 446  Xlr__Micrococcales__UR50_A0A1R3VVE3                       89.95%    failed      0.58%
 447  Xlr__Deinococcus__UR50_A0A172T7E0                         89.72%    failed      0.32%
 448  Xlr__root__UR50_E8QX23                                    88.36%    failed      0.00%
 449  Xlr__Terrabacteria__UR50_A0A8J7JWR5                       88.44%    failed      0.96%
 450  Xlr__root__UR50_Q7NP59                                    88.74%    failed      0.02%
 451  Xlr__root__UR50_A0A6J7BKN6                                88.48%    failed      4.29%
 452  Xlr__root__UR50_A0A7G8WQ84                                89.31%    failed      0.03%
 453  Xlr__Terrabacteria__UR50_A0A2W7ARY7                       88.78%    failed      0.47%
 454  Xlr__Bacteria__UR50_A0A1L2YW04                            90.48%    failed      1.67%
 455  Xlr__root__UR50_A0A8T6QQF4                                89.38%    failed      0.68%
 456  Xlr__unclassified__UR50_A0A2T2UZL0                        89.01%    failed      0.01%
 457  Xlr__cellular__UR50_A0A7S2RIV1                            90.48%    passed     43.30%
 458  Xlr__cellular__UR50_A0A813J0W5                            89.54%    failed      2.69%
 459  Xlr__Gammaproteobacteria__UR50_UPI00190F65E4              89.35%    failed      3.95%
 460  Xlr__Actinomycetes__UR50_A0A6J4KT46                       89.38%    failed      0.00%
 461  Xlr__Bacteria__UR50_A0A3L7VYY9                            90.33%    failed      3.02%
 462  Xlr__Bacteria__UR50_A0A2E7UR14                            90.10%    failed      1.49%
 463  Xlr__root__UR50_A0A0R2R0Q7                                91.01%    passed      5.45%
 464  Xlr__Pseudomonadota__UR50_A3JEZ3                          89.65%    failed      0.04%
 465  Xlr__Planctomycetaceae__UR50_A0A2E7EFI9                   89.61%    failed      2.72%
 466  Xlr__Bacteria__UR50_A0A958E829                            89.61%    failed      1.94%
 467  Xlr__Deinococcus__UR50_A0A7X1NVD0                         89.65%    failed      0.00%
 468  Xlr__Deinococcus__UR50_UPI0025F3DD2E                      89.65%    failed      0.00%
 469  Xlr__Bellilinea__UR50_A0A0P6XBM7                          89.84%    failed      4.89%
 470  Xlr__root__UR50_A0A6I3GA03                                90.29%    passed      7.16%
 471  Xlr__Bacteria__UR50_A0A2E3NLK8                            90.03%    failed      0.00%
 472  Xlr__Actinomycetota__UR50_A0A3M0G769                      90.10%    failed      0.05%
 473  Xlr__root__UR50_A0A6I2ZCL4                                91.12%    passed      7.97%
 474  Xlr__Bacteria__UR50_A0A1L2YWA8                            91.95%    passed     16.77%
 475  Xlr__Chloroflexota__UR50_A0A3L7YRV8                       90.71%    passed      5.81%
 476  Xlr__Bacteria__UR50_A0A9E1QVR0                            91.99%    passed     21.09%
 477  Xlr__Actinobacteria__UR50_A0A0J0YNF8                      91.12%    failed      1.01%
 478  Xlr__Terrabacteria__UR50_A0A2P8WHZ5                       91.69%    failed      1.53%
 479  Xlr__Sar__UR50_A0A813H5L3                                 91.99%    passed     22.55%
 480  Xlr__uncultured__UR50_A0A6J4S2K6                          91.76%    passed      5.10%
 481  Xlr__Dinophyceae__UR50_A0A7S4GN37                         92.10%    failed      1.49%
 482  Xlr__uncultured__UR50_UPI0028E77A7F                       92.26%    passed     23.24%
 483  Xlr__Bacteria__UR50_A0A6L6E9R4                            92.44%    failed      2.40%
 484  Xlr__Microbacterium__UR50_UPI001E4742A9                   92.48%    failed      4.42%
 485  Xlr__root__UR50_A0A923YTK2                                93.65%    passed     11.24%
 486  Xlr__Balneola__UR50_A0A2D7AG78                            92.82%    passed     34.01%
 487  Xlr__Phototrophicales__UR50_A0A2M8NK29                    92.90%    failed      4.94%
 488  Xlr__root__UR50_A0A6J7E014                                93.01%    failed      2.73%
 489  Xlr__Actinomycetota__UR50_A0A7K0YYK2                      93.16%    passed     19.03%
 490  Xlr__root__UR50_A0A7K1AQL8                                94.67%    passed     38.49%
 491  Xlr__root__UR50_A0A9D7FV15                                93.77%    passed      5.02%
 492  Xlr__root__UR50_A0A6I2VA48                                93.99%    passed      9.32%
 493  Br__Halomarina__UniRef90_UPI0026F40B8B                    89.65%    failed      0.00%
 494  Br__Halobacterium__UniRef90_P02945                        90.10%    failed      0.36%
 495  Br__Halobacteria__UniRef90_G0LFX8                         90.40%    failed      0.11%
 496  Br__Halobacteriales__UniRef90_A0A2R6JS63                  89.99%    failed      0.00%
 497  Br__Halobacteriales__UniRef90_A0A2R6J274                  90.03%    failed      0.60%
 498  Br__unclassified__UniRef90_A0A2R6LDY7                     90.03%    failed      0.00%
 499  Br__Halobacteriales__UniRef90_A0A2R6LT28                  90.06%    failed      0.25%
 500  Br__Halohasta__UniRef90_UPI002110EEC8                     90.06%    failed      0.00%
 501  Br__unclassified__UniRef90_A0A2R6GPV3                     90.10%    failed      0.02%
 502  Br__Halobacterium__UniRef90_UPI001F011AB0                 90.10%    failed      0.48%
 503  Br__Halorientalis__UniRef90_UPI001FF6B2B9                 90.10%    failed      0.02%
 504  Br__Halobacteria__UniRef90_P29563                         90.22%    failed      0.00%
 505  Br__Halobacteriales__UniRef90_A0A2R6LKP5                  90.14%    failed      0.03%
 506  Br__Halobacteria__UniRef90_P69051                         90.18%    failed      0.00%
 507  Br__Archaea__UniRef90_V4ZQH6                              90.18%    failed      0.00%
 508  Br__Uncultured__UniRef90_I1X958                           90.22%    failed      0.74%
 509  Br__unclassified__UniRef90_A0A4U7F7H9                     90.25%    failed      0.00%
 510  Br__Halorientalis__UniRef90_A0A1G7RA78                    90.25%    failed      0.00%
 511  Br__unclassified__UniRef90_A0A256HWP6                     90.25%    failed      0.01%
 512  Br__Halorubrum__UniRef90_A0A3Q9EA60                       90.25%    failed      0.02%
 513  Br__Natronomonas__UniRef90_M1Y5I7                         90.25%    failed      0.00%
 514  Br__Halobacteriales__UniRef90_P94854                      90.56%    failed      0.01%
 515  Br__Halorubrum__UniRef90_UPI0021111C71                    90.25%    failed      0.02%
 516  Br__Halobacteriales__UniRef90_A7U0U1                      90.33%    failed      0.08%
 517  Br__Halobellus__UniRef90_A0A7J9SID8                       90.33%    failed      0.01%
 518  Br__Haloplanus__UniRef90_A0A6B9F3P5                       90.33%    failed      0.42%
 519  Br__Halobacteriales__UniRef90_A0A2R6HQ15                  90.33%    failed      0.01%
 520  Br__uncultured__UniRef90_V4Y792                           90.33%    failed      0.39%
 521  Br__Haloplanus__UniRef90_UPI000A5CE34D                    90.33%    failed      0.92%
 522  Br__Salinirubrum__UniRef90_UPI001D07B5FE                  90.40%    failed      0.01%
 523  Br__Natronomonas__UniRef90_UPI0020C975B2                  90.40%    failed      0.21%
 524  Br__Halobacteriales__UniRef90_A0A2R6GSY0                  90.56%    failed      0.02%
 525  Br__Haloarchaeobius__UniRef90_UPI00226DF6EF               90.63%    failed      0.02%
 526  Br__Natrialbaceae__UniRef90_M0CK77                        90.90%    failed      0.00%
 527  Br__Natronobeatus__UniRef90_UPI0020CDB3FE                 90.71%    failed      0.00%
 528  Br__Halorientalis__UniRef90_A0A1G7PUC9                    90.74%    failed      0.43%
 529  Br__Salinigranum__UniRef90_A0A2I8VEZ7                     90.78%    failed      0.04%
 530  Br__Halomarina__UniRef90_UPI0020327DF1                    90.78%    failed      0.03%
 531  Br__Halobacteriales__UniRef90_A0A2R6KGD7                  90.82%    failed      0.61%
 532  Br__Halorientalis__UniRef90_UPI001FF6C9D7                 90.82%    failed      0.18%
 533  Br__Halobium__UniRef90_UPI002271B22C                      90.82%    failed      0.01%
 534  Br__Halostella__UniRef90_UPI000EF8332C                    90.82%    failed      0.22%
 535  Br__Halolamina__UniRef90_UPI0022715CDC                    90.82%    failed      0.01%
 536  Br__Halogranum__UniRef90_A0A1H8RSA7                       90.90%    failed      0.01%
 537  Br__Salinilacihabitans__UniRef90_UPI0021140345            90.90%    failed      0.01%
 538  Br__Halegenticoccus__UniRef90_UPI00100C2973               90.90%    failed      0.00%
 539  Br__Halobiforma__UniRef90_A0A1I1DPA8                      90.93%    failed      0.00%
 540  Br__Natrarchaeobaculum__UniRef90_A0A346PUS3               90.93%    failed      0.00%
 541  Br__Halobaculum__UniRef90_UPI001EFEF83C                   91.35%    failed      1.53%
 542  Br__Halobacterium__UniRef90_UPI0000110B77                 92.60%    failed      0.22%
 543  Cyhr__Cyanophyceae__UniRef90_K9U0A8                       91.12%    passed     18.08%
 544  Cyhr__Leptolyngbya__UniRef90_A0A2W4UKV5                   90.22%    passed     56.77%
 545  Cyhr__Nostocales__UniRef90_A0A252D874                     90.67%    passed     33.83%
 546  Cyhr__Pseudanabaenaceae__UniRef90_A0A928V9X3              90.63%    failed      4.23%
 547  Cyhr__Phormidesmis__UniRef90_UPI0009442622                90.63%    passed      9.06%
 548  Cyhr__Tolypothrix__UniRef90_A0A8S9SVI8                    90.67%    passed     14.36%
 549  Cyhr__Rubrivirga__UniRef90_UPI0028C9517B                  90.67%    failed      0.14%
 550  Cyhr__Pleurocapsa__UniRef90_UPI0029C671DC                 90.71%    passed     29.34%
 551  Cyhr__uncultured__UniRef90_A0A6J4UQD4                     90.74%    failed      0.17%
 552  Cyhr__Rubricoccus__UniRef90_A0A259U296                    90.74%    failed      0.03%
 553  Cyhr__Rubrivirga__UniRef90_A0A271IU12                     90.74%    failed      0.08%
 554  Cyhr__Deinococcus__UniRef90_UPI00220D8E58                 90.74%    failed      0.01%
 555  Cyhr__Nostocaceae__UniRef90_A0A838VMV4                    90.78%    failed      0.04%
 556  Cyhr__Plectolyngbya__UniRef90_A0A951NX98                  90.82%    passed     73.52%
 557  Cyhr__Halogranum__UniRef90_A0A1H8RSA7                     90.90%    failed      0.01%
 558  Cyhr__Nostocales__UniRef90_A0A6I8WFQ3                     90.90%    passed      8.19%
 559  Cyhr__Bacteria__UniRef90_A0A7Y3X9A8                       90.90%    passed      9.60%
 560  Cyhr__Rubrivirga__UniRef90_A0A271IYE2                     90.93%    failed      0.00%
 561  Cyhr__Rubrobacter__UniRef90_Q1AUE6                        90.97%    failed      0.00%
 562  Cyhr__Myxosarcina__UniRef90_UPI000689B0F6                 91.01%    failed      2.39%
 563  Cyhr__Actinomycetota__UniRef90_A0A938EPH0                 91.05%    failed      0.22%
 564  Cyhr__Nostocales__UniRef90_A0A0C2L739                     91.08%    passed     34.44%
 565  Cyhr__Cyanobacteriota__UniRef90_A0A926PME7                91.08%    passed     59.29%
 566  Cyhr__Cyanophyceae__UniRef90_A0A0S3UBN8                   91.08%    passed     46.84%
 567  Cyhr__Aliterella__UniRef90_A0A0D8ZW42                     91.08%    passed     48.80%
 568  Cyhr__Leptolyngbya__UniRef90_A0A0P4V0S4                   91.08%    passed     56.83%
 569  Cyhr__Leptolyngbya__UniRef90_UPI000B5A185C                91.08%    passed     41.70%
 570  Cyhr__Nodosilinea__UniRef90_A0A8J7EM17                    91.12%    passed     19.14%
 571  Cyhr__Cyanophyceae__UniRef90_A0A2W7AEB9                   91.12%    passed     22.46%
 572  Cyhr__Pseudanabaena__UniRef90_A0A926ZYX4                  91.12%    passed     33.37%
 573  Cyhr__Leptolyngbya__UniRef90_A0A926ZAJ4                   91.12%    passed     25.21%
 574  Cyhr__Chroococcus__UniRef90_A0A8J2TRF2                    91.12%    passed     34.63%
 575  Cyhr__unclassified__UniRef90_UPI0016884D19                91.12%    passed     10.83%
 576  Cyhr__Cyanophyceae__UniRef90_A0A9X9ZA75                   91.16%    passed     14.39%
 577  Cyhr__unclassified__UniRef90_A0A252DUV9                   91.16%    passed     35.56%
 578  Cyhr__Leptolyngbya__UniRef90_A0A926TVT6                   91.16%    passed     15.91%
 579  Cyhr__Phormidesmis__UniRef90_A0A2T1DCP3                   91.16%    passed     55.53%
 580  Cyhr__Cyanobacteria__UniRef90_A0A3D1PJK7                  91.16%    passed     15.47%
 581  Cyhr__Phormidesmis__UniRef90_UPI00083B4DA5                91.16%    passed     26.06%
 582  Cyhr__unclassified__UniRef90_A0A2H2Y0M0                   91.20%    passed     20.49%
 583  Cyhr__Cyanothece__UniRef90_B8HQU4                         91.20%    failed      0.49%
 584  Cyhr__Tolypothrix__UniRef90_A0A0C1N3L3                    91.20%    passed     35.17%
 585  Cyhr__Nostoc__UniRef90_A0A235I7A6                         91.20%    passed     37.67%
 586  Cyhr__Hassalia__UniRef90_A0A846HFU5                       91.20%    passed     45.06%
 587  Cyhr__Microcoleus__UniRef90_A0A926U182                    91.20%    passed     67.35%
 588  Cyhr__Cyanobacteria__UniRef90_A0A926PVG5                  91.24%    passed     30.49%
 589  Cyhr__Leptolyngbya__UniRef90_A0A926UF78                   91.35%    passed     13.39%
 590  Cyhr__Phormidium__UniRef90_A0A927EHN9                     91.46%    passed     10.53%
 591  Cyhr__Chamaesiphon__UniRef90_K9UIK1                       91.58%    passed     16.32%
 592  Cyhr__Leptolyngbya__UniRef90_UPI002938D558                92.37%    passed     26.08%
 593  Cyhr__Oculatella__UniRef90_A0A8J6T594                     93.09%    failed      4.25%
 594  Cyhr__Bacteria__UniRef90_A0A7Y3TUC4                       94.94%    passed     15.00%
 595  Cyhr__Iningainema__UniRef90_UPI00192D4A90                 95.24%    passed     44.62%
 596  Cyr__Halomarina__UniRef90_UPI0026F40B8B                   89.65%    failed      0.00%
 597  Cyr__unclassified__UniRef90_A0A2R6K7R7                    89.72%    failed      0.02%
 598  Cyr__Halobacteriales__UniRef90_A0A2R6DJW3                 90.10%    failed      0.00%
 599  Cyr__Actinomycetes__UniRef90_A0A6I2VAT4                   90.10%    failed      0.02%
 600  Cyr__Bacteria__UniRef90_A0A948WFJ8                        90.10%    failed      0.00%
 601  Cyr__Halobacteriales__UniRef90_A0A2R6F6G8                 90.14%    failed      0.02%
 602  Cyr__Mycobacteriaceae__UniRef90_A0A9E2K851                90.22%    failed      0.02%
 603  Cyr__Tolypothrix__UniRef90_A0A218QMM7                     90.48%    failed      4.32%
 604  Cyr__Dictyobacter__UniRef90_A0A5J4KXN6                    90.33%    failed      0.92%
 605  Cyr__unclassified__UniRef90_A0A2R6J4F0                    90.40%    failed      0.00%
 606  Cyr__Nostocales__UniRef90_A0A252D874                      90.67%    passed     33.83%
 607  Cyr__Halobacteria__UniRef90_A0A6B9F027                    90.48%    failed      0.00%
 608  Cyr__Natrialbaceae__UniRef90_O93740                       90.56%    failed      0.03%
 609  Cyr__Halobacteriales__UniRef90_A0A2R6EJH4                 90.56%    failed      0.04%
 610  Cyr__Solirubrobacterales__UniRef90_A0A7V8ZIZ4             90.56%    failed      0.00%
 611  Cyr__Halorussus__UniRef90_UPI0010932F32                   90.56%    failed      0.12%
 612  Cyr__Halorussus__UniRef90_UPI0023E81FAE                   90.56%    failed      0.20%
 613  Cyr__Haloferacales__UniRef90_A0A4U7F5Q1                   90.63%    failed      0.00%
 614  Cyr__Halohasta__UniRef90_UPI0020A583B9                    90.59%    failed      0.00%
 615  Cyr__Halorussus__UniRef90_UPI001FB584AA                   90.59%    failed      0.09%
 616  Cyr__Halobaculum__UniRef90_A0A1M5UDZ8                     90.63%    failed      0.02%
 617  Cyr__Pseudanabaenaceae__UniRef90_A0A928V9X3               90.63%    failed      4.23%
 618  Cyr__Haloplanus__UniRef90_UPI0020406A55                   90.63%    failed      0.01%
 619  Cyr__Haloarchaeobius__UniRef90_UPI00226DF6EF              90.63%    failed      0.02%
 620  Cyr__Halorubrum__UniRef90_A0A329T627                      90.67%    failed      0.02%
 621  Cyr__Phormidesmis__UniRef90_UPI0009442622                 90.63%    passed      9.06%
 622  Cyr__Tolypothrix__UniRef90_A0A8S9SVI8                     90.67%    passed     14.36%
 623  Cyr__Salinirubrum__UniRef90_UPI001D05D8F0                 90.67%    failed      0.01%
 624  Cyr__Natrialbaceae__UniRef90_M0CK77                       90.90%    failed      0.00%
 625  Cyr__Salinigranum__UniRef90_A0A2I8VP32                    90.71%    failed      0.00%
 626  Cyr__Pleurocapsa__UniRef90_UPI0029C671DC                  90.71%    passed     29.34%
 627  Cyr__Natronobeatus__UniRef90_UPI0020CDB3FE                90.71%    failed      0.00%
 628  Cyr__Halorientalis__UniRef90_UPI001FF15E48                90.74%    failed      0.27%
 629  Cyr__unclassified__UniRef90_UPI00240609FF                 90.74%    failed      0.02%
 630  Cyr__Deinococcus__UniRef90_UPI00220D8E58                  90.74%    failed      0.01%
 631  Cyr__Halobaculum__UniRef90_UPI0024C3D685                  90.74%    failed      0.00%
 632  Cyr__Salinirubellus__UniRef90_A0A9E7U421                  90.78%    failed      0.00%
 633  Cyr__Salinigranum__UniRef90_A0A2I8VEZ7                    90.78%    failed      0.04%
 634  Cyr__Halobacteriales__UniRef90_A0A2R6GS10                 90.78%    failed      0.17%
 635  Cyr__Nostocaceae__UniRef90_A0A838VMV4                     90.78%    failed      0.04%
 636  Cyr__Halomarina__UniRef90_UPI0020327DF1                   90.78%    failed      0.03%
 637  Cyr__Haloferax__UniRef90_M0IDG5                           90.82%    failed      0.12%
 638  Cyr__Halobacteriales__UniRef90_A0A2R6KGD7                 90.82%    failed      0.61%
 639  Cyr__Halobium__UniRef90_UPI002271B22C                     90.82%    failed      0.01%
 640  Cyr__Halostella__UniRef90_UPI000EF8332C                   90.82%    failed      0.22%
 641  Cyr__Halolamina__UniRef90_UPI0022715CDC                   90.82%    failed      0.01%
 642  Cyr__Halobiforma__UniRef90_A0A1P8LP89                     90.90%    failed      0.01%
 643  Cyr__Halogranum__UniRef90_A0A1H8RSA7                      90.90%    failed      0.01%
 644  Cyr__Natrinema__UniRef90_A0A7D5GSH5                       90.90%    failed      0.00%
 645  Cyr__Nostocales__UniRef90_A0A6I8WFQ3                      90.90%    passed      8.19%
 646  Cyr__Salinilacihabitans__UniRef90_UPI0021140345           90.90%    failed      0.01%
 647  Cyr__Halegenticoccus__UniRef90_UPI00100C2973              90.90%    failed      0.00%
 648  Cyr__Halobiforma__UniRef90_A0A1I1DPA8                     90.93%    failed      0.00%
 649  Cyr__Natrarchaeobaculum__UniRef90_A0A346PUS3              90.93%    failed      0.00%
 650  Cyr__Natribaculum__UniRef90_UPI0022466372                 90.93%    failed      0.00%
 651  Cyr__Rubrobacter__UniRef90_Q1AUE6                         90.97%    failed      0.00%
 652  Cyr__Haloarchaeobius__UniRef90_UPI00226E43C4              90.97%    failed      0.29%
 653  Cyr__Actinomycetota__UniRef90_A0A938EPH0                  91.05%    failed      0.22%
 654  Cyr__Dictyobacter__UniRef90_A0A402ATH3                    91.05%    failed      0.00%
 655  Cyr__Nostocales__UniRef90_A0A0C2L739                      91.08%    passed     34.44%
 656  Cyr__Aliterella__UniRef90_A0A0D8ZW42                      91.08%    passed     48.80%
 657  Cyr__Leptolyngbya__UniRef90_UPI000B5A185C                 91.08%    passed     41.70%
 658  Cyr__Nodosilinea__UniRef90_A0A8J7EM17                     91.12%    passed     19.14%
 659  Cyr__Cyanophyceae__UniRef90_A0A2W7AEB9                    91.12%    passed     22.46%
 660  Cyr__Pseudanabaena__UniRef90_A0A926ZYX4                   91.12%    passed     33.37%
 661  Cyr__Leptolyngbya__UniRef90_A0A926ZAJ4                    91.12%    passed     25.21%
 662  Cyr__Chroococcus__UniRef90_A0A8J2TRF2                     91.12%    passed     34.63%
 663  Cyr__unclassified__UniRef90_UPI0016884D19                 91.12%    passed     10.83%
 664  Cyr__Cyanophyceae__UniRef90_A0A9X9ZA75                    91.16%    passed     14.39%
 665  Cyr__unclassified__UniRef90_A0A252DUV9                    91.16%    passed     35.56%
 666  Cyr__Phormidesmis__UniRef90_A0A2T1DCP3                    91.16%    passed     55.53%
 667  Cyr__Cyanobacteria__UniRef90_A0A2T2RN81                   91.16%    failed      0.01%
 668  Cyr__Cyanobacteria__UniRef90_A0A3D1PJK7                   91.16%    passed     15.47%
 669  Cyr__Phormidesmis__UniRef90_UPI00083B4DA5                 91.16%    passed     26.06%
 670  Cyr__unclassified__UniRef90_A0A2H2Y0M0                    91.20%    passed     20.49%
 671  Cyr__Cyanothece__UniRef90_B8HQU4                          91.20%    failed      0.49%
 672  Cyr__Tolypothrix__UniRef90_A0A0C1N3L3                     91.20%    passed     35.17%
 673  Cyr__Nostoc__UniRef90_A0A235I7A6                          91.20%    passed     37.67%
 674  Cyr__Hassalia__UniRef90_A0A846HFU5                        91.20%    passed     45.06%
 675  Cyr__Microcoleus__UniRef90_A0A926U182                     91.20%    passed     67.35%
 676  Cyr__Cyanobacteria__UniRef90_A0A926PVG5                   91.24%    passed     30.49%
 677  Cyr__Leptolyngbya__UniRef90_A0A926UF78                    91.35%    passed     13.39%
 678  Cyr__Chamaesiphon__UniRef90_K9UIK1                        91.58%    passed     16.32%
 679  Cyr__Pseudanabaenaceae__UniRef90_A0A928YZN9               92.56%    failed      0.10%
 680  Pr__Bacteria__UniRef90_A0A2E9EAN5                         89.35%    failed      2.80%
 681  Pr__root__UniRef90_A0A2E8A7X9                             89.65%    failed      3.99%
 682  Pr__Burkholderiales__UniRef90_A0A976DY32                  89.84%    passed      5.46%
 683  Pr__Polaromonas__UniRef90_A0A924HFX7                      89.88%    failed      0.11%
 684  Pr__unclassified__UniRef90_A0A258U1R2                     89.91%    failed      0.04%
 685  Pr__Polaromonas__UniRef90_A0A7Y0BWA7                      89.91%    failed      0.02%
 686  Pr__Polaromonas__UniRef90_A0A923W2B8                      89.91%    failed      0.10%
 687  Pr__Polaromonas__UniRef90_A0A6H2HDR0                      89.91%    failed      0.23%
 688  Pr__Rhodoferax__UniRef90_UPI0025D0EA5D                    89.91%    failed      0.08%
 689  Pr__Opitutae__UniRef90_A0A2G4HKE5                         89.95%    failed      0.13%
 690  Pr__Polaromonas__UniRef90_A0A6N9REK5                      89.99%    failed      1.17%
 691  Pr__Polaromonas__UniRef90_A0A924GUJ9                      89.99%    failed      0.56%
 692  Pr__Polynucleobacter__UniRef90_A0A254Q1M6                 90.03%    failed      2.56%
 693  Pr__Polynucleobacter__UniRef90_A0A2M8VQ78                 90.06%    failed      1.15%
 694  Pr__Polynucleobacter__UniRef90_UPI001BFEBAA1              90.03%    failed      1.36%
 695  Pr__Betaproteobacteria__UniRef90_A0A6M9PKU4               90.06%    failed      1.58%
 696  Pr__root__UniRef90_V4YT71                                 90.06%    failed      1.26%
 697  Pr__uncultured__UniRef90_Q83TJ3                           90.40%    failed      0.08%
 698  Pr__root__UniRef90_Q9AFF7                                 90.52%    failed      0.14%
 699  Pr__uncultured__UniRef90_Q84C21                           90.25%    failed      0.52%
 700  Pr__root__UniRef90_Q4PNF2                                 90.33%    failed      0.17%
 701  Pr__Gammaproteobacteria__UniRef90_A0A2E1J3J0              90.44%    failed      0.77%
 702  Pr__root__UniRef90_Q6J4G7                                 90.56%    failed      2.88%
 703  Pr__root__UniRef90_Q6PL05                                 90.52%    failed      0.85%
 704  Pr__Bacteria__UniRef90_J4KSW5                             90.52%    failed      0.32%
 705  Pr__uncultured__UniRef90_A0A1L2YW20                       90.52%    failed      1.08%
 706  Pr__Gammaproteobacteria__UniRef90_A0A2E8KSB6              90.52%    failed      0.99%
 707  Pr__Bacteria__UniRef90_A0A1L2YWF0                         90.56%    failed      3.37%
 708  Pr__root__UniRef90_A0A1L2YWB0                             90.56%    failed      0.30%
 709  Pr__root__UniRef90_A0A1L2YW14                             90.56%    failed      0.82%
 710  Pr__Gammaproteobacteria__UniRef90_A0A1Z9LH41              90.56%    failed      0.39%
 711  Pr__Gammaproteobacteria__UniRef90_A0A2E4HPT1              90.56%    failed      1.33%
 712  Pr__SAR86__UniRef90_A0A937M2P1                            90.56%    failed      0.43%
 713  Pr__Bacteria__UniRef90_A0A1L2YW54                         90.59%    failed      0.86%
 714  Pr__root__UniRef90_A0A2E2ZER7                             90.59%    failed      0.31%
 715  Pr__Pseudomonadota__UniRef90_A0A944UJK0                   90.59%    failed      0.52%
 716  Pr__Pseudomonadota__UniRef90_A0A0R2UEA1                   90.63%    failed      1.44%
 717  Pr__root__UniRef90_A0A520TL11                             90.63%    failed      0.11%
 718  Pr__Woeseiaceae__UniRef90_A0A2E8TNK7                      90.63%    failed      0.10%
 719  Pr__Gammaproteobacteria__UniRef90_A0A3S5JK93              90.67%    failed      0.05%
 720  Pr__Gammaproteobacteria__UniRef90_A0A2E1J3Y9              90.71%    failed      1.23%
 721  Pr__root__UniRef90_A0A1L2YW34                             90.74%    failed      2.89%
 722  Pr__root__UniRef90_A0A1L2YW57                             90.82%    failed      1.46%
 723  Pr__SAR86__UniRef90_A0A520MXC4                            90.82%    failed      2.92%
 724  Pr__SAR86__UniRef90_A0A520N6G6                            90.86%    failed      3.81%
 725  Pr__Gammaproteobacteria__UniRef90_A0A2E1F7G8              90.93%    passed      8.71%
 726  Pr__Hyphomicrobiales__UniRef90_A0A2E1CNU6                 91.31%    failed      1.09%
 727  Pr__Gammaproteobacteria__UniRef90_A0A2E2D3E2              91.42%    failed      0.49%
 728  Pr__root__UniRef90_A1YC78                                 93.88%    passed     36.59%
 729  Pr__uncultured__UniRef90_A8QLU9                           93.92%    passed     30.32%
 730  Xer__Chamaesiphon__UniRef90_K9UDV6                        88.36%    passed     27.09%
 731  Xer__Chamaesiphon__UniRef90_UPI001FE7BDD5                 89.27%    passed     40.32%
 732  Xer__Chlorogloeopsis__UniRef90_A0A433NPX7                 89.50%    passed     40.77%
 733  Xer__Fischerella__UniRef90_A0A2N6KA72                     89.95%    passed     24.33%
 734  Xer__Plectonema__UniRef90_A0A8J7FDH7                      89.57%    passed     57.49%
 735  Xer__Chroococcidiopsis__UniRef90_K9U4X1                   89.57%    passed     42.32%
 736  Xer__Cyanobacteria__UniRef90_A0A350XF02                   89.61%    passed     54.51%
 737  Xer__unclassified__UniRef90_UPI00286B4FBA                 89.61%    passed     11.06%
 738  Xer__Myxacorys__UniRef90_A0A8J8CI44                       89.69%    passed     24.06%
 739  Xer__Trichocoleus__UniRef90_UPI0025B4A839                 89.80%    passed     59.72%
 740  Xer__Pegethrix__UniRef90_A0A951P8X6                       89.84%    passed     28.60%
 741  Xer__Leptolyngbya__UniRef90_UPI0021F24B09                 89.84%    passed     39.53%
 742  Xer__unclassified__UniRef90_A0A2H2XBQ5                    89.88%    passed     58.55%
 743  Xer__Cyanophyceae__UniRef90_A0A8J7FVH2                    89.88%    passed      9.98%
 744  Xer__Cyanobacteria__UniRef90_A0A926SLQ3                   89.88%    passed     57.72%
 745  Xer__unclassified__UniRef90_A0A969FFI9                    89.88%    passed     12.25%
 746  Xer__Leptolyngbya__UniRef90_A0A5Q4E204                    89.88%    passed     11.49%
 747  Xer__Calothrix__UniRef90_A0A930XBC0                       89.88%    passed     28.18%
 748  Xer__filamentous__UniRef90_A0A2T2W344                     89.91%    passed     32.56%
 749  Xer__Synechococcales__UniRef90_A0A930XI48                 89.91%    passed      7.85%
 750  Xer__unclassified__UniRef90_A0A8J7EH67                    89.91%    passed     12.17%
 751  Xer__Aliterella__UniRef90_A0A0D8ZMP0                      89.91%    passed     50.58%
 752  Xer__Cyanophyceae__UniRef90_K9XIR7                        89.91%    passed     59.75%
 753  Xer__Thermocoleostomius__UniRef90_A0A9E8ZCC3              89.91%    passed     15.24%
 754  Xer__Gloeocapsopsis__UniRef90_A0A2G7GF90                  89.95%    passed     24.23%
 755  Xer__Dulcicalothrix__UniRef90_A0A3S1AGP4                  89.95%    passed     11.70%
 756  Xer__Gloeocapsopsis__UniRef90_A0A6N8G1P5                  89.95%    passed      6.48%
 757  Xer__filamentous__UniRef90_A0A2P8W550                     89.95%    passed     13.60%
 758  Xer__Gloeothece__UniRef90_B7KKH0                          90.03%    passed     30.40%
 759  Xer__Chlorogloeopsis__UniRef90_UPI0025AA4827              90.03%    passed     65.83%
 760  Xer__Nodosilinea__UniRef90_A0AA97EF24                     90.06%    passed     32.62%
 761  Xer__Komarekiella__UniRef90_A0AA40SV90                    90.10%    passed     41.86%
 762  Xer__unclassified__UniRef90_A0A1Z4IC28                    90.14%    passed     48.69%
 763  Xer__Nostocaceae__UniRef90_Q8YSC4                         90.14%    passed     53.30%
 764  Xer__Nodosilinea__UniRef90_UPI0023B27A9D                  90.14%    passed     68.51%
 765  Xer__Nostoc__UniRef90_UPI0016870F7A                       90.14%    passed     41.25%
 766  Xer__Anabaena__UniRef90_UPI001681BA92                     90.14%    passed     51.10%
 767  Xer__Leptolyngbyaceae__UniRef90_A0A2W4TRN2                90.25%    passed     23.10%
 768  Xer__Leptolyngbyaceae__UniRef90_A0A968UBD0                90.25%    passed     15.03%
 769  Xer__Leptolyngbyaceae__UniRef90_A0A969KQC5                90.25%    passed     34.97%
 770  Xer__Phormidesmis__UniRef90_A0A0P7YZ09                    90.78%    failed      2.08%
 771  Xer__Chroococcidiopsis__UniRef90_A0A2P8QWW1               90.93%    passed     25.08%
 772  Xer__Leptolyngbya__UniRef90_A0A926UDI1                    90.93%    passed     61.32%
 773  Xer__Cyanobacteriota__UniRef90_A0A927ENI9                 90.93%    passed     39.27%
 774  Xer__Leptolyngbya__UniRef90_A0A926V7J7                    90.93%    passed     54.42%
 775  Xer__Trichocoleus__UniRef90_A0A8J7B835                    90.93%    passed     14.89%
 776  Xer__Phormidium__UniRef90_UPI0016846037                   90.93%    passed     39.89%
 777  Xer__Oculatella__UniRef90_A0A8J7EW44                      91.01%    passed     28.59%
 778  Xer__Oscillatoria__UniRef90_A0A926X8P0                    91.01%    passed     31.83%
 779  Xer__Cyanobacteria__UniRef90_A0A926PY22                   91.05%    passed     51.90%
 780  Xlr__Deinococcus__UniRef90_A0A1U7NV99                     88.48%    failed      0.71%
 781  Xlr__Cyanobacteria__UniRef90_A0A969T0G4                   88.70%    failed      0.16%
 782  Xlr__unclassified__UniRef90_UPI001E3E6221                 88.70%    failed      0.77%
 783  Xlr__Deinococcus__UniRef90_UPI001ED8D96D                  88.70%    failed      0.13%
 784  Xlr__Deinococcus__UniRef90_UPI002869BBA0                  88.70%    failed      0.03%
 785  Xlr__Gloeobacter__UniRef90_Q7NP59                         88.74%    failed      0.02%
 786  Xlr__Phormidesmis__UniRef90_UPI000A475A3D                 88.74%    failed      0.11%
 787  Xlr__unclassified__UniRef90_A0A969FEC7                    88.78%    failed      0.00%
 788  Xlr__Cyanophyceae__UniRef90_A0A2W7ARY7                    88.78%    failed      0.47%
 789  Xlr__Leptolyngbya__UniRef90_A0A925M2S9                    88.78%    failed      0.05%
 790  Xlr__Deinococcus__UniRef90_A0A2K3UTP4                     89.23%    failed      0.16%
 791  Xlr__Deinococcus__UniRef90_A0A172TD44                     89.23%    failed      0.00%
 792  Xlr__Deinococcus__UniRef90_A0A917PC33                     88.86%    failed      0.29%
 793  Xlr__Deinococcus__UniRef90_A0A918CFF3                     88.93%    failed      0.12%
 794  Xlr__Deinococcales__UniRef90_A0A924RR09                   89.12%    failed      0.17%
 795  Xlr__Gracilibacteria__UniRef90_A0A968T6V2                 89.27%    failed      0.00%
 796  Xlr__Leptolyngbya__UniRef90_U9W0I1                        89.35%    failed      0.01%
 797  Xlr__Halothece__UniRef90_K9YEI2                           89.38%    failed      0.63%
 798  Xlr__Cyanophyceae__UniRef90_A0A8T6QQF4                    89.38%    failed      0.68%
 799  Xlr__Halomicronema__UniRef90_UPI0021030F7B                89.38%    failed      4.06%
 800  Xlr__Leptolyngbya__UniRef90_A0A6H2NHV9                    89.57%    failed      1.23%
 801  Xlr__Frankiaceae__UniRef90_A0A924NQ99                     89.61%    passed      9.22%
 802  Xlr__Williamsia__UniRef90_UPI001BDAAC7A                   89.72%    failed      2.11%
 803  Xlr__Meiothermus__UniRef90_A0A370JXE9                     89.80%    failed      0.07%
 804  Xlr__Cyanophyceae__UniRef90_A0A8J7JTD9                    89.84%    failed      0.07%
 805  Xlr__Meiothermus__UniRef90_UPI0005667CA7                  89.84%    failed      0.51%
 806  Xlr__Meiothermus__UniRef90_UPI000408B316                  89.84%    failed      0.07%
 807  Xlr__Salisaeta__UniRef90_UPI0003B640DC                    89.95%    failed      1.82%
 808  Xlr__Symploca__UniRef90_A0A845YHD9                        89.99%    failed      0.42%
 809  Xlr__Trueperaceae__UniRef90_A0A5Q4G3V2                    90.03%    failed      0.02%
 810  Xlr__Chloroflexota__UniRef90_A0A6L9IXQ0                   90.03%    failed      0.12%
 811  Xlr__Leptolyngbyaceae__UniRef90_K8GTY7                    90.10%    failed      0.04%
 812  Xlr__Thermaceae__UniRef90_A0A931EK09                      90.10%    failed      0.09%
 813  Xlr__Deltaproteobacteria__UniRef90_A0A2D4SQ06             90.10%    passed      9.02%
 814  Xlr__Deltaproteobacteria__UniRef90_A0A2E7UR14             90.10%    failed      1.49%
 815  Xlr__Myxococcales__UniRef90_A0A2E7ZR97                    90.14%    failed      2.01%
 816  Xlr__Rhodothermales__UniRef90_A0A9D8YSH6                  90.14%    failed      1.04%
 817  Xlr__Bacteroidota__UniRef90_A0A3M2FMH9                    90.18%    failed      4.27%
 818  Xlr__Roseiflexaceae__UniRef90_A0A926CB40                  90.22%    failed      0.02%
 819  Xlr__unclassified__UniRef90_A5UXH7                        90.22%    failed      0.08%
 820  Xlr__Deinococcus__UniRef90_UPI0025F8D0E5                  90.22%    failed      1.60%
 821  Xlr__Allomeiothermus__UniRef90_UPI0023F38943              90.25%    failed      0.19%
 822  Xlr__Candidatus__UniRef90_A0A923XRS8                      90.29%    passed     14.04%
 823  Xlr__Oligoflexia__UniRef90_A0A924SSG2                     90.33%    failed      2.17%
 824  Xlr__Oligoflexia__UniRef90_A0A923U6H7                     90.37%    failed      4.66%
 825  Xlr__Pseudobdellovibrionaceae__UniRef90_A0A924ZXQ0        90.44%    passed     17.28%
 826  Xlr__Bdellovibrio__UniRef90_A0A923V7B8                    90.44%    passed     13.27%
 827  Xlr__Bdellovibrio__UniRef90_A0A924B300                    90.44%    failed      4.59%
 828  Xlr__Deinococcus__UniRef90_UPI001C63F925                  91.16%    failed      0.56%
 829  Xlr__filamentous__UniRef90_A0A2P8WHZ5                     91.69%    failed      1.53%
WARNING: 829 sequences contain more than 50% gaps/ambiguity
****  TOTAL                                                     90.34%  602 sequences failed composition chi2 test (p-value<5%; df=19)
Reading input tree file CombinedAncestors/00_tree/combined.ALN.fa.treefile ...
WARNING: Normalizing state frequencies so that sum of them equals to 1

NOTE: 2120 MB RAM (2 GB) is required!
Estimate model parameters (epsilon = 0.010)
1. Initial log-likelihood: -169358.980
2. Current log-likelihood: -168978.660
3. Current log-likelihood: -168950.950
4. Current log-likelihood: -168927.323
5. Current log-likelihood: -168908.853
6. Current log-likelihood: -168900.446
7. Current log-likelihood: -168896.467
8. Current log-likelihood: -168893.341
9. Current log-likelihood: -168890.555
10. Current log-likelihood: -168888.106
11. Current log-likelihood: -168885.977
12. Current log-likelihood: -168884.162
13. Current log-likelihood: -168882.606
14. Current log-likelihood: -168881.275
15. Current log-likelihood: -168880.113
16. Current log-likelihood: -168879.092
17. Current log-likelihood: -168878.173
18. Current log-likelihood: -168877.361
19. Current log-likelihood: -168876.609
20. Current log-likelihood: -168875.869
21. Current log-likelihood: -168875.169
22. Current log-likelihood: -168874.497
23. Current log-likelihood: -168873.844
24. Current log-likelihood: -168873.214
25. Current log-likelihood: -168872.607
26. Current log-likelihood: -168872.033
27. Current log-likelihood: -168871.508
28. Current log-likelihood: -168871.038
29. Current log-likelihood: -168870.579
30. Current log-likelihood: -168870.151
31. Current log-likelihood: -168869.740
32. Current log-likelihood: -168869.352
33. Current log-likelihood: -168868.973
34. Current log-likelihood: -168868.595
35. Current log-likelihood: -168868.214
36. Current log-likelihood: -168867.836
37. Current log-likelihood: -168867.453
38. Current log-likelihood: -168867.066
39. Current log-likelihood: -168866.669
40. Current log-likelihood: -168866.273
41. Current log-likelihood: -168865.857
42. Current log-likelihood: -168865.412
43. Current log-likelihood: -168864.775
44. Current log-likelihood: -168863.152
45. Current log-likelihood: -168861.405
46. Current log-likelihood: -168860.218
47. Current log-likelihood: -168859.122
48. Current log-likelihood: -168858.054
49. Current log-likelihood: -168857.009
50. Current log-likelihood: -168856.045
51. Current log-likelihood: -168855.145
52. Current log-likelihood: -168854.358
53. Current log-likelihood: -168853.643
54. Current log-likelihood: -168853.034
55. Current log-likelihood: -168852.441
56. Current log-likelihood: -168851.929
57. Current log-likelihood: -168851.421
58. Current log-likelihood: -168850.942
59. Current log-likelihood: -168850.427
60. Current log-likelihood: -168849.933
61. Current log-likelihood: -168849.382
62. Current log-likelihood: -168848.851
63. Current log-likelihood: -168848.232
64. Current log-likelihood: -168847.627
65. Current log-likelihood: -168846.963
66. Current log-likelihood: -168846.349
67. Current log-likelihood: -168845.710
68. Current log-likelihood: -168845.138
69. Current log-likelihood: -168844.560
70. Current log-likelihood: -168844.063
71. Current log-likelihood: -168843.561
72. Current log-likelihood: -168843.150
73. Current log-likelihood: -168842.735
74. Current log-likelihood: -168842.387
75. Current log-likelihood: -168842.050
76. Current log-likelihood: -168841.770
77. Current log-likelihood: -168841.499
78. Current log-likelihood: -168841.295
79. Current log-likelihood: -168841.075
80. Current log-likelihood: -168840.906
81. Current log-likelihood: -168840.722
82. Current log-likelihood: -168840.555
83. Current log-likelihood: -168840.381
84. Current log-likelihood: -168840.225
85. Current log-likelihood: -168840.064
86. Current log-likelihood: -168839.917
87. Current log-likelihood: -168839.762
88. Current log-likelihood: -168839.634
89. Current log-likelihood: -168839.493
90. Current log-likelihood: -168839.366
91. Current log-likelihood: -168839.232
92. Current log-likelihood: -168839.118
93. Current log-likelihood: -168838.996
94. Current log-likelihood: -168838.888
95. Current log-likelihood: -168838.769
96. Current log-likelihood: -168838.671
97. Current log-likelihood: -168838.577
98. Current log-likelihood: -168838.477
99. Current log-likelihood: -168838.406
Optimal log-likelihood: -168838.406
Proportion of invariable sites: 0.001
Site proportion and rates:  (0.021,0.022) (0.026,0.083) (0.067,0.171) (0.106,0.299) (0.122,0.444) (0.141,0.650) (0.179,0.945) (0.196,1.308) (0.051,2.201) (0.090,3.026)
Parameters optimization took 99 rounds (3016.594 sec)
Wrote distance file to... 
BEST SCORE FOUND : -168838.406
Ancestral state probabilities printed to CombinedAncestors/10_asr/combined.ALN.fa.state
Total tree length: 413.045

Total number of iterations: 0
CPU time used for tree search: 0.000 sec (0h:0m:0s)
Wall-clock time used for tree search: 0.000 sec (0h:0m:0s)
Total CPU time used: 11352.513 sec (3h:9m:12s)
Total wall-clock time used: 3040.761 sec (0h:50m:40s)

Analysis results written to: 
  IQ-TREE report:                CombinedAncestors/10_asr/combined.ALN.fa.iqtree
  Maximum-likelihood tree:       CombinedAncestors/10_asr/combined.ALN.fa.treefile
  Ancestral state:               CombinedAncestors/10_asr/combined.ALN.fa.state
  Screen log file:               CombinedAncestors/10_asr/combined.ALN.fa.log

Date and Time: Thu Aug 14 04:47:29 2025
