IQ-TREE multicore version 2.1.2 COVID-edition for Linux 64-bit built Oct 22 2020
Developed by Bui Quang Minh, James Barbetti, Nguyen Lam Tung,
Olga Chernomor, Heiko Schmidt, Dominik Schrempf, Michael Woodhams.

Host:    osiris (AVX, 62 GB RAM)
Command: iqtree2 -s ../results/align/BAC88139.1_top150_uniref90.rename.culled_20250826_ALN.faa -m LG+F+R4 -nt AUTO -keep-ident -pre ../results/trees/BAC88139.1_top150_uniref90.rename.culled_20250826_ML_2025-08-26 -quiet
Seed:    114471 (Using SPRNG - Scalable Parallel Random Number Generator)
Time:    Tue Aug 26 16:18:06 2025
Kernel:  AVX - auto-detect threads (16 CPU cores detected)

Reading alignment file ../results/align/BAC88139.1_top150_uniref90.rename.culled_20250826_ALN.faa ... Fasta format detected
Alignment most likely contains protein sequences
Alignment has 90 sequences with 437 columns, 380 distinct patterns
255 parsimony-informative, 71 singleton sites, 111 constant sites
                                                                       Gap/Ambiguity  Composition  p-value
   1  CYANO150__Gloeobacter_violaceus__UniRef90_Q7NP59                        31.81%    passed     96.24%
   2  CYANO150__Cyanophyceae__UniRef90_A0A2W7ARY7                             32.04%    passed     97.57%
   3  CYANO150__unclassified_Leptolyngbyaceae__UniRef90_A0A969FEC7            32.04%    passed     88.39%
   4  CYANO150__Chamaesiphon_sp__UniRef90_UPI0035946169                       16.02%    passed      5.53%
   5  CYANO150__Chamaesiphon_sp__UniRef90_UPI003592F9D2                       30.43%    passed     94.71%
   6  CYANO150__Leptolyngbya_sp_Heron_Island_J__UniRef90_U9W0I1               35.47%    passed     88.38%
   7  CYANO150__Cyanophyceae__UniRef90_A0A8J7JTD9                             38.44%    passed     42.45%
   8  CYANO150__Leptolyngbyaceae_cyanobacterium_JSC_12__UniRef90_K8GTY7       40.05%    passed     96.80%
   9  CYANO150__Halothece_sp__UniRef90_K9YEI2                                 35.70%    passed     99.83%
  10  CYANO150__Leptolyngbya_sp_LCM1_Bin17__UniRef90_A0A6H2NHV9               36.84%    passed     99.95%
  11  CYANO150__Symploca_sp_SIO2G7__UniRef90_A0A845YHD9                       39.36%    passed     97.18%
  12  CYANO150__Deinococcus__UniRef90_A0A172TD44                              34.78%    passed     51.85%
  13  CYANO150__Deinococcus_sp__UniRef90_UPI0025F8D0E5                        40.73%    passed     99.04%
  14  CYANO150__Allomeiothermus_silvanus__UniRef90_UPI0023F38943              40.96%    passed     97.48%
  15  CYANO150__Trueperaceae_bacterium__UniRef90_A0A5Q4G3V2                   39.59%    passed     85.69%
  16  CYANO150__Myxococcales_bacterium__UniRef90_A0A2E7ZR97                   40.27%    passed     91.50%
  17  CYANO150__Thermaceae_bacterium__UniRef90_A0A931EK09                     40.05%    passed     97.53%
  18  CYANO150__Oligoflexia_bacterium__UniRef90_A0A923U6H7                    41.65%    passed     86.96%
  19  CYANO150__Bacteroidota_bacterium__UniRef90_A0A3M2FMH9                   40.50%    passed     95.83%
  20  CYANO150__Rhodothermales_bacterium__UniRef90_A0A9D8YSH6                 40.27%    passed     99.93%
  21  CYANO150__filamentous_cyanobacterium_CCP5__UniRef90_A0A2P8WHZ5          49.66%    passed     97.67%
  22  CYANO150__Gracilibacteria_bacterium__UniRef90_A0A968T6V2                35.01%    passed     44.34%
  23  CYANO150__Deltaproteobacteria_bacterium__UniRef90_A0A2D4SQ06            40.05%    passed     99.24%
  24  CYANO150__unclassified_Roseiflexus__UniRef90_A5UXH7                     40.73%    passed     95.40%
  25  CYANO150__Oligoflexia_bacterium__UniRef90_A0A924SSG2                    41.42%    passed     96.28%
  26  CYANO150__Deltaproteobacteria_bacterium__UniRef90_A0A2E7UR14            40.05%    passed     89.17%
  27  CYANO150__Roseiflexaceae_bacterium__UniRef90_A0A926CB40                 40.73%    passed     85.45%
  28  CYANO150__Candidatus_Sericytochromatia_bacterium__UniRef90_A0A923XRS8   41.19%    passed     78.09%
  29  CYANO150__Chloroflexota_bacterium__UniRef90_A0A6L9IXQ0                  39.59%    passed     95.44%
  30  CYANO150__Chloroflexota_bacterium__UniRef90_A0A8T7L1S3                  38.22%    passed     87.91%
  31  CYANO150__Meiothermus_sp_QL_1__UniRef90_A0A370JXE9                      38.22%    passed     33.65%
  32  CYANO150__Salisaeta_longa__UniRef90_UPI0003B640DC                       39.13%    passed     48.36%
  33  CYANO150__Williamsia_sp_CHRR_6__UniRef90_UPI001BDAAC7A                  37.76%    passed     36.46%
  34  CYANO150__Deinococcales_bacterium__UniRef90_A0A924RR09                  34.10%    passed     99.92%
  35  CYANO150__Frankiaceae_bacterium__UniRef90_A0A924NNI9                    38.22%    passed     99.38%
  36  CYANO150__Ilumatobacteraceae_bacterium__UniRef90_A0A973H857             37.99%    passed     93.57%
  37  CYANO150__Frankiaceae_bacterium__UniRef90_A0A924NQ99                    37.07%    passed     99.42%
  38  CYANO150__Armatimonadota_bacterium__UniRef90_A0A926BAJ6                 39.13%    passed     75.56%
  39  CYANO150__Actinomycetes_bacterium__UniRef90_A0A3C1P5D0                  36.61%    passed     94.08%
  40  CYANO150__Actinotalea_ferrariae_CF5_4__UniRef90_A0A021VV84              36.38%    passed     36.90%
  41  CYANO150__Halalkalibaculum_roseum__UniRef90_A0A6M1SYC8                  40.50%    passed     99.43%
  42  CYANO150__Calditrichota_bacterium__UniRef90_A0A958E829                  37.07%    passed     59.95%
  43  CYANO150__Bacteria__UniRef90_A0A977XLG0                                 41.42%    passed     58.06%
  44  CYANO150__Armatimonadota_bacterium__UniRef90_A0A926BQ30                 36.16%    passed     93.91%
  45  CYANO150__uncultured_Friedmanniella_sp__UniRef90_UPI0035CB696C          35.24%    passed     66.96%
  46  CYANO150__Deltaproteobacteria_bacterium__UniRef90_A0A938QS95            41.19%    passed     45.81%
  47  CYANO150__Actinomycetes_bacterium__UniRef90_A0A7K0P1B6                  37.53%    passed     95.59%
  48  CYANO150__Longibacter_salinarum__UniRef90_A0A2A8D2B5                    37.53%    passed     93.77%
  49  CYANO150__Microbacteriaceae_bacterium__UniRef90_A0A924CUM7              33.87%    passed     93.82%
  50  CYANO150__bacterium__UniRef90_A0A969PXR2                                40.50%    passed     99.43%
  51  CYANO150__Anaerolineae_bacterium__UniRef90_A0A925E260                   39.13%    passed     99.94%
  52  CYANO150__Sphingomonas_sp_SUN039__UniRef90_UPI00216411C4                41.88%    passed     99.44%
  53  CYANO150__Chloroflexota_bacterium__UniRef90_A0A3L7VYY9                  41.42%    passed     95.27%
  54  CYANO150__Marisediminicola__UniRef90_A0A7L5AK79                         37.30%    passed     91.55%
  55  CYANO150__Armatimonadota_bacterium__UniRef90_A0A924Y846                 37.76%    passed     99.77%
  56  CYANO150__Rhodococcus_antarcticus__UniRef90_UPI00223C9C6A               37.07%    passed     94.30%
  57  CYANO150__Goekera_deserti__UniRef90_A0A7K3WHF5                          29.29%    passed     57.65%
  58  CYANO150__Armatimonadota_bacterium__UniRef90_A0A926AH54                 38.67%    passed     91.98%
  59  CYANO150__Cryobacterium__UniRef90_A0A5R1NKQ6                            36.16%    passed     81.96%
  60  CYANO150__Cryobacterium__UniRef90_A0A4V3IV66                            33.18%    passed     46.92%
  61  CYANO150__Ilumatobacter_sp__UniRef90_UPI0026349BF9                      37.07%    passed     30.22%
  62  CYANO150__Actinomycetota__UniRef90_A0A4P5SJD2                           37.07%    passed     98.36%
  63  CYANO150__Bacteroidota_bacterium__UniRef90_A0A2T4XL02                   41.42%    passed     91.28%
  64  CYANO150__Polymorphobacter__UniRef90_UPI001C1E708F                      40.73%    passed     91.33%
  65  CYANO150__Pseudonocardia_sp_73_21__UniRef90_A0A1Q4DHI1                  35.47%    passed     63.74%
  66  CYANO150__Chloroflexota_bacterium__UniRef90_A0A8T6P5N0                  38.67%    passed     98.82%
  67  CYANO150__Chloroflexota_bacterium__UniRef90_A0A8T6NY40                  39.36%    passed     94.10%
  68  CYANO150__Chloroflexota_bacterium__UniRef90_A0A8T7K4U3                  40.50%    passed     94.14%
  69  CYANO150__Novosphingopyxis_baekryungensis__UniRef90_UPI0003B5F996       35.47%    passed     80.02%
  70  CYANO150__Aquipuribacter_nitratireducens__UniRef90_UPI0030EFA4BC        32.04%    passed     47.29%
  71  CYANO150__Sandarakinorhabdus__UniRef90_UPI00286D8C23                    40.96%    passed     88.70%
  72  CYANO150__Euzebya_tangerina__UniRef90_UPI00196AFC51                     38.44%    passed     98.66%
  73  CYANO150__Wenzhouxiangella_sp__UniRef90_A0A5Q4GMP1                      42.56%    passed     83.70%
  74  CYANO150__Clavibacter_michiganensis__UniRef90_UPI0026DDB336             37.07%    passed     80.23%
  75  CYANO150__Actinomycetes_bacterium__UniRef90_A0A7K0KLA6                  26.77%    passed     10.93%
  76  CYANO150__Rhodohalobacter_sulfatireducens__UniRef90_UPI001EDA905F       40.73%    passed     67.94%
  77  CYANO150__Sphingomonadaceae__UniRef90_UPI001669FD14                     40.50%    passed     98.44%
  78  CYANO150__Chloroflexota__UniRef90_A0A4P5V1B0                            43.94%    passed     99.41%
  79  CYANO150__Pyrinomonas_sp__UniRef90_UPI00333052B4                        41.65%    passed     97.45%
  80  CYANO150__Mycolicibacterium_sp_CR10__UniRef90_UPI0010C0A09F             32.49%    passed     69.45%
  81  CYANO150__unclassified_Novosphingobium__UniRef90_UPI001CEFCFBB          43.25%    passed     98.75%
  82  CYANO150__Balneolaceae__UniRef90_A0A2D8CE81                             39.59%    passed     94.59%
  83  CYANO150__Sphingomonas__UniRef90_A0A7W9BTJ3                             41.19%    passed     80.08%
  84  CYANO150__Actinomycetota_bacterium__UniRef90_A0A965K6Y6                 41.19%    passed     59.67%
  85  CYANO150__Sphingomonadaceae_bacterium__UniRef90_A0A924C2L6              40.73%    passed     97.40%
  86  CYANO150__Mycolicibacterium_lacusdiani__UniRef90_UPI001F1CAB3C          32.95%    passed     97.94%
  87  CYANO150__Novosphingobium_sp_Chol11__UniRef90_UPI0025FC40A3             42.11%    passed     80.87%
  88  CYANO150__Sphingomonas_sp__UniRef90_UPI00286D4F82                       41.19%    passed     94.68%
  89  CYANO150__Actinomycetota_bacterium__UniRef90_A0A938J199                 38.67%    passed     94.95%
  90  CYANO150__Cryobacterium__UniRef90_A0A7W8ZXB5                            35.70%    passed     95.21%
****  TOTAL                                                                   38.01%  0 sequences failed composition chi2 test (p-value<5%; df=19)

Create initial parsimony tree by phylogenetic likelihood library (PLL)... 0.021 seconds

NOTE: 22 MB RAM (0 GB) is required!
Measuring multi-threading efficiency up to 16 CPU cores
Increase to 10 rounds for branch lengths
20 trees examined
Threads: 1 / Time: 16.101 sec / Speedup: 1.000 / Efficiency: 100% / LogL: -35452
Threads: 2 / Time: 8.609 sec / Speedup: 1.870 / Efficiency: 94% / LogL: -35452
Threads: 3 / Time: 6.197 sec / Speedup: 2.598 / Efficiency: 87% / LogL: -35452
Threads: 4 / Time: 5.427 sec / Speedup: 2.967 / Efficiency: 74% / LogL: -35452
Threads: 5 / Time: 4.866 sec / Speedup: 3.309 / Efficiency: 66% / LogL: -35452
Threads: 6 / Time: 4.408 sec / Speedup: 3.653 / Efficiency: 61% / LogL: -35452
Threads: 7 / Time: 4.413 sec / Speedup: 3.649 / Efficiency: 52% / LogL: -35452
Threads: 8 / Time: 5.141 sec / Speedup: 3.132 / Efficiency: 39% / LogL: -35452
BEST NUMBER OF THREADS: 6

Estimate model parameters (epsilon = 0.100)
1. Initial log-likelihood: -28106.106
2. Current log-likelihood: -27104.570
3. Current log-likelihood: -27083.524
4. Current log-likelihood: -27079.067
5. Current log-likelihood: -27075.526
6. Current log-likelihood: -27073.218
7. Current log-likelihood: -27072.775
Optimal log-likelihood: -27072.674
Site proportion and rates:  (0.263,0.090) (0.185,0.373) (0.274,0.896) (0.279,2.376)
Parameters optimization took 7 rounds (1.932 sec)
Computing ML distances based on estimated model parameters...
Computing ML distances took 0.211428 sec (of wall-clock time) 1.259956 sec(of CPU time)
Computing RapidNJ tree took 0.003909 sec (of wall-clock time) 0.024771 sec (of CPU time)
Log-likelihood of RapidNJ tree: -27121.183
--------------------------------------------------------------------
|             INITIALIZING CANDIDATE TREE SET                      |
--------------------------------------------------------------------
Generating 98 parsimony trees... 2.643 second
Computing log-likelihood of 98 initial trees ... 2.702 seconds
Current best score: -27072.674

Do NNI search on 20 best initial trees
Estimate model parameters (epsilon = 0.100)
BETTER TREE FOUND at iteration 1: -26974.331
Estimate model parameters (epsilon = 0.100)
BETTER TREE FOUND at iteration 6: -26972.373
Iteration 10 / LogL: -26979.504 / Time: 0h:1m:9s
Estimate model parameters (epsilon = 0.100)
BETTER TREE FOUND at iteration 15: -26969.895
Iteration 20 / LogL: -26987.989 / Time: 0h:1m:14s
Finish initializing candidate tree set (20)
Current best tree score: -26969.895 / CPU time: 16.568
Number of iterations: 20
--------------------------------------------------------------------
|               OPTIMIZING CANDIDATE TREE SET                      |
--------------------------------------------------------------------
Iteration 30 / LogL: -26982.067 / Time: 0h:1m:18s (0h:3m:51s left)
Estimate model parameters (epsilon = 0.100)
BETTER TREE FOUND at iteration 34: -26969.504
Iteration 40 / LogL: -26976.388 / Time: 0h:1m:23s (0h:3m:22s left)
Estimate model parameters (epsilon = 0.100)
BETTER TREE FOUND at iteration 41: -26966.817
Estimate model parameters (epsilon = 0.100)
BETTER TREE FOUND at iteration 50: -26964.553
Iteration 50 / LogL: -26964.553 / Time: 0h:1m:29s (0h:3m:2s left)
Iteration 60 / LogL: -26972.441 / Time: 0h:1m:35s (0h:2m:25s left)
Iteration 70 / LogL: -26972.915 / Time: 0h:1m:42s (0h:1m:58s left)
Iteration 80 / LogL: -26968.880 / Time: 0h:1m:48s (0h:1m:36s left)
Iteration 90 / LogL: -26964.587 / Time: 0h:1m:55s (0h:1m:18s left)
Iteration 100 / LogL: -26970.770 / Time: 0h:2m:2s (0h:1m:1s left)
Iteration 110 / LogL: -26964.709 / Time: 0h:2m:8s (0h:0m:47s left)
Iteration 120 / LogL: -26968.136 / Time: 0h:2m:15s (0h:0m:34s left)
Iteration 130 / LogL: -26966.300 / Time: 0h:2m:23s (0h:0m:22s left)
Iteration 140 / LogL: -26965.971 / Time: 0h:2m:30s (0h:0m:10s left)
Iteration 150 / LogL: -26966.119 / Time: 0h:2m:37s (0h:0m:0s left)
TREE SEARCH COMPLETED AFTER 151 ITERATIONS / Time: 0h:2m:38s

--------------------------------------------------------------------
|                    FINALIZING TREE SEARCH                        |
--------------------------------------------------------------------
Performs final model parameters optimization
Estimate model parameters (epsilon = 0.010)
1. Initial log-likelihood: -26964.553
Optimal log-likelihood: -26964.553
Site proportion and rates:  (0.179,0.033) (0.221,0.258) (0.313,0.814) (0.287,2.381)
Parameters optimization took 1 rounds (0.137 sec)
BEST SCORE FOUND : -26964.553
Total tree length: 45.542

Total number of iterations: 151
CPU time used for tree search: 584.922 sec (0h:9m:44s)
Wall-clock time used for tree search: 100.992 sec (0h:1m:40s)
Total CPU time used: 794.262 sec (0h:13m:14s)
Total wall-clock time used: 158.647 sec (0h:2m:38s)

Analysis results written to: 
  IQ-TREE report:                ../results/trees/BAC88139.1_top150_uniref90.rename.culled_20250826_ML_2025-08-26.iqtree
  Maximum-likelihood tree:       ../results/trees/BAC88139.1_top150_uniref90.rename.culled_20250826_ML_2025-08-26.treefile
  Likelihood distances:          ../results/trees/BAC88139.1_top150_uniref90.rename.culled_20250826_ML_2025-08-26.mldist
  Screen log file:               ../results/trees/BAC88139.1_top150_uniref90.rename.culled_20250826_ML_2025-08-26.log

Date and Time: Tue Aug 26 16:20:44 2025
