IQ-TREE multicore version 2.1.2 COVID-edition for Linux 64-bit built Oct 22 2020
Developed by Bui Quang Minh, James Barbetti, Nguyen Lam Tung,
Olga Chernomor, Heiko Schmidt, Dominik Schrempf, Michael Woodhams.

Host:    osiris (AVX, 62 GB RAM)
Command: iqtree2 -s ../results/align/pumphits_ALN.fasta -m LG+F+R4 -nt AUTO -keep-ident -pre ../results/trees/pumphits_iqtree -quiet -redo
Seed:    501500 (Using SPRNG - Scalable Parallel Random Number Generator)
Time:    Mon Sep  1 17:47:54 2025
Kernel:  AVX - auto-detect threads (16 CPU cores detected)

Reading alignment file ../results/align/pumphits_ALN.fasta ... Fasta format detected
Alignment most likely contains protein sequences
Alignment has 86 sequences with 333 columns, 330 distinct patterns
292 parsimony-informative, 15 singleton sites, 26 constant sites
                                                                            Gap/Ambiguity  Composition  p-value
   1  YCyR2hit__Nodosilinea_nodulosa__UniRef90_A0AAJ6N6B2                          23.12%    failed      1.88%
   2  YCyR2hit__Pseudanabaena_sp_FACHB_2040__UniRef90_A0A926ZYX4                   29.43%    passed     76.49%
   3  YCyR2hit__Leptolyngbya_sp_FACHB_261__UniRef90_A0A926UF78                     31.23%    passed     95.03%
   4  YCyR2hit__Hassalia_byssoidea_VB512170__UniRef90_A0A846HFU5                   30.03%    passed     26.85%
   5  YCyR2hit__Halorientalis__UniRef90_A0A1G7PUC9                                 26.43%    passed     88.67%
   6  YCyR2hit__UnknownTaxon__UniRef90_P29563                                      22.22%    passed     39.89%
   7  YCyR2hit__Leptolyngbya_ohadii__UniRef90_UPI000B5A185C                        29.13%    passed     71.16%
   8  YCyR2hit__Aliterella_atlantica_CENA595__UniRef90_A0A0D8ZW42                  29.13%    passed     27.97%
   9  YCyR2hit__Cyanobacteriota__UniRef90_A0A926PVG5                               30.33%    passed     39.84%
  10  YCyR2hit__Microcoleus_sp_FACHB_1515__UniRef90_A0A926U182                     30.03%    passed     91.49%
  11  YCyR2hit__Halorientalis_marina__UniRef90_UPI001FF6C9D7                       27.03%    passed     89.58%
  12  YCyR2hit__unclassified_Leptolyngbya__UniRef90_UPI0016884D19                  29.43%    passed     73.06%
  13  YCyR2hit__Leptolyngbya_sp_NIES_2104__UniRef90_A0A0P4V0S4                     29.13%    passed     50.52%
  14  YCyR2hit__unclassified_Nostoc__UniRef90_A0A252DUV9                           29.73%    passed     23.76%
  15  YCyR2hit__Natronomonas_moolapensis__UniRef90_M1Y5I7                          22.52%    passed     28.07%
  16  BRhit__Halobacterium__UniRef90_P02945                                        21.32%    passed     95.74%
  17  BRhit__Halobacterium__UniRef90_UPI001F011AB0                                 21.32%    passed     95.82%
  18  BRhit__Haloplanus__UniRef90_A0A6B9F3P5                                       23.12%    passed     77.95%
  19  BRhit__Haloplanus_natans__UniRef90_UPI000A5CE34D                             23.12%    passed     89.77%
  20  BRhit__Halobaculum_rubrum__UniRef90_UPI001CA389E1                            25.53%    passed     88.10%
  21  BRhit__Halohasta_salina__UniRef90_UPI002110EEC8                              21.02%    passed     48.96%
  22  BRhit__Halobacteriales_archaeon_QS_8_69_26__UniRef90_A0A2R6JS63              20.42%    passed     18.68%
  23  BRhit__Uncultured_archaeon__UniRef90_I1X958                                  22.22%    passed     70.94%
  24  BRhit__Halorientalis_regularis__UniRef90_A0A1G7RA78                          22.52%    passed     27.83%
  25  BRhit__unclassified_Halobacteriales__UniRef90_A0A2R6LDY7                     20.72%    passed     27.88%
  26  BRhit__uncultured_archaeon_A07HR67__UniRef90_V4ZQH6                          21.92%    passed     24.93%
  27  BRhit__Halobaculum_sp_MBLA0143__UniRef90_UPI00352426DC                       21.92%    passed     85.80%
  28  BRhit__Halorubrum__UniRef90_A0A4U7F7H9                                       22.52%    passed     32.53%
  29  BRhit__Halobacteria__UniRef90_P69051                                         21.92%    passed     58.94%
  30  GCyR2hit__Nostocales__UniRef90_A0A252D874                                    25.83%    passed     11.24%
  31  GCyR2hit__Tolypothrix_bouteillei_VB521301__UniRef90_A0A8S9SVI8               25.83%    passed     17.98%
  32  GCyR2hit__Nostoc_sp__UniRef90_UPI002FFB8FFD                                  25.53%    passed     85.80%
  33  GCyR2hit__Tolypothrix_sp_NIES_4075__UniRef90_A0A218QMM7                      24.32%    passed     93.89%
  34  GCyR2hit__Pleurocapsa_sp_FMAR1__UniRef90_UPI0029C671DC                       26.13%    passed     30.38%
  35  GCyR2hit__Nostocaceae_cyanobacterium__UniRef90_A0A838VMV4                    26.73%    passed     63.79%
  36  GCyR2hit__Phormidesmis_priestleyi__UniRef90_UPI0009442622                    25.53%    passed     61.07%
  37  GCyR2hit__Pseudanabaenaceae_cyanobacterium_LEGE_13415__UniRef90_A0A928V9X3   25.53%    passed     38.30%
  38  GCyR2hit__Cyanobacteria_bacterium_QH_9_48_43__UniRef90_A0A2T2RN81            29.73%    passed     21.44%
  39  GCyR2hit__Halegenticoccus_tardaugens__UniRef90_UPI00100C2973                 27.63%    passed     46.20%
  40  GCyR2hit__Haloferax_mucosum_ATCC_BAA_1512__UniRef90_M0IDG5                   27.03%    passed     70.91%
  41  GCyR2hit__Leptolyngbya_sp_FACHB_261__UniRef90_A0A926UF78                     31.23%    passed     95.03%
  42  GCyR2hit__Halobiforma__UniRef90_A0A1P8LVS0                                   27.93%    passed     48.09%
  43  GCyR2hit__Halogranum_amylolyticum__UniRef90_A0A1H8RSA7                       27.63%    passed     42.13%
  44  GRhit__Gloeobacter_violaceus__UniRef90_Q7NP59                                10.51%    passed     60.93%
  45  GRhit__Cyanobacteria_bacterium_RM1_2_2__UniRef90_A0A969T0G4                  10.21%    passed     87.21%
  46  GRhit__Cyanophyceae__UniRef90_A0A2W7ARY7                                     10.81%    passed     81.23%
  47  GRhit__unclassified_Leptolyngbyaceae__UniRef90_A0A969FEC7                    10.81%    passed     29.31%
  48  GRhit__Leptolyngbya_sp_ES_bin_22__UniRef90_A0A925M2S9                        10.81%    passed     20.89%
  49  GRhit__Phormidesmis_priestleyi__UniRef90_UPI000A475A3D                       10.51%    passed     59.92%
  50  GRhit__Chamaesiphon_sp__UniRef90_UPI003592F9D2                                8.71%    passed     74.55%
  51  GRhit__Leptolyngbya_sp_Heron_Island_J__UniRef90_U9W0I1                       15.32%    passed     57.14%
  52  GRhit__Cyanophyceae__UniRef90_A0A8J7JTD9                                     19.22%    passed     29.49%
  53  GRhit__Halomicronema_sp_CCY15110__UniRef90_UPI0021030F7B                     15.62%    passed     76.55%
  54  GRhit__Cyanophyceae__UniRef90_A0A4Q7E4T5                                     15.62%    passed     78.84%
  55  GRhit__Leptolyngbyaceae_cyanobacterium_JSC_12__UniRef90_K8GTY7               21.32%    passed     61.03%
  56  GRhit__Halothece_sp__UniRef90_K9YEI2                                         15.62%    passed     86.77%
  57  GRhit__Leptolyngbya_sp_LCM1_Bin17__UniRef90_A0A6H2NHV9                       17.12%    passed     96.21%
  58  GRhit__Symploca_sp_SIO2G7__UniRef90_A0A845YHD9                               20.42%    passed     85.09%
  59  GRhit__Deinococcus__UniRef90_A0A172TD44                                      14.41%    passed     23.10%
  60  GRhit__Deinococcus_ruber__UniRef90_A0A918CFF3                                12.01%    passed     86.74%
  61  GRhit__Deinococcus__UniRef90_A0A917PC33                                      11.41%    passed     87.21%
  62  GRhit__Deinococcus_sp__UniRef90_UPI0025F8D0E5                                22.22%    passed     96.06%
  63  GRhit__Allomeiothermus_silvanus__UniRef90_UPI0023F38943                      22.52%    passed     70.47%
  64  GRhit__Bdellovibrio_sp__UniRef90_A0A924B300                                  24.02%    passed     70.39%
  65  GRhit__Trueperaceae_bacterium__UniRef90_A0A5Q4G3V2                           20.72%    passed     64.83%
  66  GRhit__Myxococcales_bacterium__UniRef90_A0A2E7ZR97                           21.62%    passed     67.56%
  67  GRhit__Thermaceae_bacterium__UniRef90_A0A931EK09                             21.32%    passed     80.41%
  68  GRhit__Oligoflexia_bacterium__UniRef90_A0A923U6H7                            23.42%    passed     88.94%
  69  GRhit__Deinococcus_sp__UniRef90_UPI002869BBA0                                10.21%    passed     87.88%
  70  GRhit__Bacteroidota_bacterium__UniRef90_A0A3M2FMH9                           21.92%    passed     98.25%
  71  GRhit__Rhodothermales_bacterium__UniRef90_A0A9D8YSH6                         21.62%    passed     99.21%
  72  PRhit__Bacteria__UniRef90_Q6J4G7                                             24.92%    passed     56.20%
  73  PRhit__uncultured_bacterium__UniRef90_Q84C21                                 22.52%    passed     10.45%
  74  PRhit__SAR86_cluster_bacterium__UniRef90_A0A937M2P1                          24.92%    passed     78.73%
  75  PRhit__environmental_samples__UniRef90_Q6PL05                                24.62%    passed     90.93%
  76  PRhit__uncultured_bacterium__UniRef90_A0A1L2YW20                             24.62%    passed     46.44%
  77  PRhit__Bacteria__UniRef90_Q9AFF7                                             24.62%    passed     80.54%
  78  PRhit__Bacteria__UniRef90_A0A1L2YW54                                         25.23%    passed     44.52%
  79  PRhit__Gammaproteobacteria__UniRef90_A0A368C6X1                              24.92%    passed     56.06%
  80  PRhit__Gammaproteobacteria_bacterium_TMED104__UniRef90_A0A3S5JK93            25.83%    passed     53.48%
  81  PRhit__Bacteria__UniRef90_J4KSW5                                             24.62%    passed     31.58%
  82  PRhit__Bacteria__UniRef90_A0A2E1JM07                                         24.92%    passed     60.01%
  83  PRhit__environmental_samples__UniRef90_A0A1L2YWB0                            24.92%    passed     75.33%
  84  PRhit__Pseudomonadota_bacterium__UniRef90_A0A944UJK0                         25.23%    passed     35.24%
  85  PRhit__Pseudomonadota__UniRef90_A0A0R2UEA1                                   25.53%    passed     88.10%
  86  PRhit__Gammaproteobacteria_bacterium__UniRef90_A0A2E8KSB6                    24.62%    passed     60.39%
****  TOTAL                                                                        22.53%  1 sequences failed composition chi2 test (p-value<5%; df=19)

Create initial parsimony tree by phylogenetic likelihood library (PLL)... 0.024 seconds

NOTE: 18 MB RAM (0 GB) is required!
Measuring multi-threading efficiency up to 16 CPU cores
Increase to 10 rounds for branch lengths
23 trees examined
Threads: 1 / Time: 16.000 sec / Speedup: 1.000 / Efficiency: 100% / LogL: -42149
Threads: 2 / Time: 8.586 sec / Speedup: 1.864 / Efficiency: 93% / LogL: -42149
Threads: 3 / Time: 6.146 sec / Speedup: 2.604 / Efficiency: 87% / LogL: -42149
Threads: 4 / Time: 5.183 sec / Speedup: 3.087 / Efficiency: 77% / LogL: -42149
Threads: 5 / Time: 6.949 sec / Speedup: 2.303 / Efficiency: 46% / LogL: -42149
BEST NUMBER OF THREADS: 4

Estimate model parameters (epsilon = 0.100)
1. Initial log-likelihood: -23792.215
2. Current log-likelihood: -23420.060
3. Current log-likelihood: -23414.774
4. Current log-likelihood: -23413.744
5. Current log-likelihood: -23412.748
6. Current log-likelihood: -23411.664
7. Current log-likelihood: -23410.331
8. Current log-likelihood: -23408.206
9. Current log-likelihood: -23405.080
10. Current log-likelihood: -23403.999
11. Current log-likelihood: -23403.778
Optimal log-likelihood: -23403.672
Site proportion and rates:  (0.180,0.110) (0.385,0.496) (0.284,1.228) (0.152,2.909)
Parameters optimization took 11 rounds (2.525 sec)
Computing ML distances based on estimated model parameters...
Computing ML distances took 0.349019 sec (of wall-clock time) 1.393015 sec(of CPU time)
WARNING: Some pairwise ML distances are too long (saturated)
Computing RapidNJ tree took 0.003295 sec (of wall-clock time) 0.009358 sec (of CPU time)
Log-likelihood of RapidNJ tree: -23807.685
--------------------------------------------------------------------
|             INITIALIZING CANDIDATE TREE SET                      |
--------------------------------------------------------------------
Generating 98 parsimony trees... 2.198 second
Computing log-likelihood of 98 initial trees ... 3.008 seconds
Current best score: -23403.672

Do NNI search on 20 best initial trees
Estimate model parameters (epsilon = 0.100)
BETTER TREE FOUND at iteration 1: -23373.869
Estimate model parameters (epsilon = 0.100)
BETTER TREE FOUND at iteration 2: -23364.205
Estimate model parameters (epsilon = 0.100)
BETTER TREE FOUND at iteration 5: -23354.329
Iteration 10 / LogL: -23366.037 / Time: 0h:0m:59s
Iteration 20 / LogL: -23388.784 / Time: 0h:1m:4s
Finish initializing candidate tree set (20)
Current best tree score: -23354.329 / CPU time: 18.083
Number of iterations: 20
--------------------------------------------------------------------
|               OPTIMIZING CANDIDATE TREE SET                      |
--------------------------------------------------------------------
Estimate model parameters (epsilon = 0.100)
BETTER TREE FOUND at iteration 21: -23353.303
Estimate model parameters (epsilon = 0.100)
BETTER TREE FOUND at iteration 27: -23349.294
Estimate model parameters (epsilon = 0.100)
BETTER TREE FOUND at iteration 29: -23347.958
Iteration 30 / LogL: -23349.185 / Time: 0h:1m:11s (0h:4m:3s left)
Estimate model parameters (epsilon = 0.100)
BETTER TREE FOUND at iteration 34: -23347.609
Estimate model parameters (epsilon = 0.100)
BETTER TREE FOUND at iteration 35: -23347.204
Estimate model parameters (epsilon = 0.100)
BETTER TREE FOUND at iteration 38: -23346.312
Iteration 40 / LogL: -23374.513 / Time: 0h:1m:17s (0h:3m:14s left)
Estimate model parameters (epsilon = 0.100)
BETTER TREE FOUND at iteration 48: -23345.062
Estimate model parameters (epsilon = 0.100)
BETTER TREE FOUND at iteration 50: -23344.334
Iteration 50 / LogL: -23344.334 / Time: 0h:1m:22s (0h:2m:49s left)
Iteration 60 / LogL: -23348.661 / Time: 0h:1m:28s (0h:2m:15s left)
Iteration 70 / LogL: -23344.484 / Time: 0h:1m:34s (0h:1m:49s left)
Iteration 80 / LogL: -23349.456 / Time: 0h:1m:39s (0h:1m:27s left)
Estimate model parameters (epsilon = 0.100)
BETTER TREE FOUND at iteration 81: -23342.720
Iteration 90 / LogL: -23345.312 / Time: 0h:1m:44s (0h:1m:47s left)
Iteration 100 / LogL: -23346.923 / Time: 0h:1m:49s (0h:1m:29s left)
Iteration 110 / LogL: -23344.959 / Time: 0h:1m:54s (0h:1m:14s left)
Iteration 120 / LogL: -23350.118 / Time: 0h:1m:59s (0h:1m:1s left)
Iteration 130 / LogL: -23344.323 / Time: 0h:2m:5s (0h:0m:49s left)
Iteration 140 / LogL: -23343.085 / Time: 0h:2m:10s (0h:0m:38s left)
Iteration 150 / LogL: -23366.272 / Time: 0h:2m:18s (0h:0m:28s left)
Iteration 160 / LogL: -23348.847 / Time: 0h:2m:23s (0h:0m:18s left)
Iteration 170 / LogL: -23343.457 / Time: 0h:2m:28s (0h:0m:9s left)
Iteration 180 / LogL: -23348.926 / Time: 0h:2m:33s (0h:0m:0s left)
TREE SEARCH COMPLETED AFTER 182 ITERATIONS / Time: 0h:2m:34s

--------------------------------------------------------------------
|                    FINALIZING TREE SEARCH                        |
--------------------------------------------------------------------
Performs final model parameters optimization
Estimate model parameters (epsilon = 0.010)
1. Initial log-likelihood: -23342.720
Optimal log-likelihood: -23342.709
Site proportion and rates:  (0.194,0.113) (0.413,0.525) (0.272,1.356) (0.120,3.259)
Parameters optimization took 1 rounds (0.155 sec)
BEST SCORE FOUND : -23342.709
Total tree length: 40.328

Total number of iterations: 182
CPU time used for tree search: 425.552 sec (0h:7m:5s)
Wall-clock time used for tree search: 108.465 sec (0h:1m:48s)
Total CPU time used: 545.860 sec (0h:9m:5s)
Total wall-clock time used: 154.837 sec (0h:2m:34s)

Analysis results written to: 
  IQ-TREE report:                ../results/trees/pumphits_iqtree.iqtree
  Maximum-likelihood tree:       ../results/trees/pumphits_iqtree.treefile
  Likelihood distances:          ../results/trees/pumphits_iqtree.mldist
  Screen log file:               ../results/trees/pumphits_iqtree.log

Date and Time: Mon Sep  1 17:50:29 2025
